#
# A fatal error has been detected by the Java Runtime Environment:
#
#  SIGSEGV (0xb) at pc=0x00007fb23b9b9ca9, pid=30020, tid=140403441538816
#
# JRE version: OpenJDK Runtime Environment (7.0_79-b14) (build 1.7.0_79-b14)
# Java VM: OpenJDK 64-Bit Server VM (24.79-b02 mixed mode linux-amd64 compressed oops)
# Derivative: IcedTea 2.5.6
# Distribution: Ubuntu 14.04 LTS, package 7u79-2.5.6-0ubuntu1.14.04.1
# Problematic frame:
# V  [libjvm.so+0x81fca9]  ParCompactionManager::follow_marking_stacks()+0xc49
#
# Failed to write core dump. Core dumps have been disabled. To enable core dumping, try "ulimit -c unlimited" before starting Java again
#
# If you would like to submit a bug report, please include
# instructions on how to reproduce the bug and visit:
#   http://icedtea.classpath.org/bugzilla
#

---------------  T H R E A D  ---------------

Current thread (0x00007fb234021800):  GCTaskThread [stack: 0x00007fb239321000,0x00007fb239422000] [id=30026]

siginfo:si_signo=SIGSEGV: si_errno=0, si_code=128 (), si_addr=0x0000000000000000

Registers:
RAX=0x0000000000000000, RBX=0x00000000c66d11a4, RCX=0x0000000000000000, RDX=0x0000000000000001
RSP=0x00007fb239420c80, RBP=0x00007fb239420d20, RSI=0x00007fb226cb0000, RDI=0x0000000000000000
R8 =0x00000000afe80000, R9 =0x0000000000000000, R10=0x007ffffffffb4400, R11=0x0000000000000871
R12=0x0002000000000000, R13=0x00007fb23406e940, R14=0x00007fb23bf82dc0, R15=0x00000000c66d1408
RIP=0x00007fb23b9b9ca9, EFLAGS=0x0000000000010206, CSGSFS=0x0000000000000033, ERR=0x0000000000000000
  TRAPNO=0x000000000000000d

Top of Stack: (sp=0x00007fb239420c80)
0x00007fb239420c80:   00007fb23406e9d0 00007fb23406ea00
0x00007fb239420c90:   00007fb23406e980 00000000005de4b8
0x00007fb239420ca0:   00007fb23bf795c3 00007fb23406e950
0x00007fb239420cb0:   000000000006f200 0000000000000c00
0x00007fb239420cc0:   00000000c6514bf8 0000000000000000
0x00007fb239420cd0:   0000037800000000 00007fb23400a000
0x00007fb239420ce0:   0000037900000000 00007fb23406e901
0x00007fb239420cf0:   00007fb20807bb60 00007fb208079280
0x00007fb239420d00:   00007fb234023f70 00007fb23406e940
0x00007fb239420d10:   00007fb20807bb60 00007fb234021ff0
0x00007fb239420d20:   00007fb239420dc0 00007fb23b99f8e9
0x00007fb239420d30:   00007fb239420dc0 00007fb239420d50
0x00007fb239420d40:   00000000000083b0 00007fb208081268
0x00007fb239420d50:   00007fb23bf46eb0 00007fb234021800
0x00007fb239420d60:   0000000000000000 00007fb23406e940
0x00007fb239420d70:   00007fb23bf3eb90 00007fb23b929f00
0x00007fb239420d80:   00007fb239420d50 00007fb23401f501
0x00007fb239420d90:   00007fb239420dc0 0000000000000001
0x00007fb239420da0:   00007fb234023f70 00007fb23bb46676
0x00007fb239420db0:   00007fb234021800 00007fb23bf793ea
0x00007fb239420dc0:   00007fb239420ed0 00007fb23b6df0e2
0x00007fb239420dd0:   00000000000003d8 00007fb234022408
0x00007fb239420de0:   00007fb234022030 00007fb239420e60
0x00007fb239420df0:   00007fb234021ff0 00007fb234022020
0x00007fb239420e00:   00007fb239420e10 0000000000000000
0x00007fb239420e10:   0000000000000000 00007fb234022d00
0x00007fb239420e20:   00007fb234021800 00007fb234022410
0x00007fb239420e30:   00007fb234022450 00007fb234022460
0x00007fb239420e40:   00007fb234022838 00000000000003d8
0x00007fb239420e50:   00007fb234022840 00007fb2340231b0
0x00007fb239420e60:   00007fb234021800 00007fb234022410
0x00007fb239420e70:   00007fb234022450 00007fb234022460 

Instructions: (pc=0x00007fb23b9b9ca9)
0x00007fb23b9b9c89:   8d 04 38 4c 89 c0 49 2b 06 48 c1 e8 03 48 d3 e8
0x00007fb23b9b9c99:   49 89 c2 83 e0 3f 49 c1 ea 06 48 89 c1 48 d3 e2
0x00007fb23b9b9ca9:   4a 23 14 d6 49 89 d4 75 96 48 8b 45 80 0f b6 10
0x00007fb23b9b9cb9:   84 d2 0f 85 b7 01 00 00 49 8b 40 08 8b 48 18 48 

Register to memory mapping:

RAX=0x0000000000000000 is an unknown value
RBX=0x00000000c66d11a4 is pointing into object: 0x00000000c6514bf8
[Ljava.lang.Object; 
 - klass: 'java/lang/Object'[]
 - length: 6153400
RCX=0x0000000000000000 is an unknown value
RDX=0x0000000000000001 is an unknown value
RSP=0x00007fb239420c80 is an unknown value
RBP=0x00007fb239420d20 is an unknown value
RSI=0x00007fb226cb0000 is an unknown value
RDI=0x0000000000000000 is an unknown value
R8 =0x00000000afe80000 is an unknown value
R9 =0x0000000000000000 is an unknown value
R10=0x007ffffffffb4400 is an unknown value
R11=0x0000000000000871 is an unknown value
R12=0x0002000000000000 is an unknown value
R13=0x00007fb23406e940 is an unknown value
R14=0x00007fb23bf82dc0: <offset 0xde8dc0> in /usr/lib/jvm/java-7-openjdk-amd64/jre/lib/amd64/server/libjvm.so at 0x00007fb23b19a000
R15=0x00000000c66d1408 is pointing into object: 0x00000000c6514bf8
[Ljava.lang.Object; 
 - klass: 'java/lang/Object'[]
 - length: 6153400


Stack: [0x00007fb239321000,0x00007fb239422000],  sp=0x00007fb239420c80,  free space=1023k
Native frames: (J=compiled Java code, j=interpreted, Vv=VM code, C=native code)
V  [libjvm.so+0x81fca9]  ParCompactionManager::follow_marking_stacks()+0xc49
V  [libjvm.so+0x8058e9]  ThreadRootsMarkingTask::do_it(GCTaskManager*, unsigned int)+0xd9
V  [libjvm.so+0x5450e2]  GCTaskThread::run()+0x162
V  [libjvm.so+0x7c4f62]  java_start(Thread*)+0xf2


---------------  P R O C E S S  ---------------

Java Threads: ( => current thread )
  0x00007fb2340a9800 JavaThread "Service Thread" daemon [_thread_blocked, id=30033, stack(0x00007fb230903000,0x00007fb230a04000)]
  0x00007fb2340a7800 JavaThread "C2 CompilerThread1" daemon [_thread_blocked, id=30032, stack(0x00007fb230a04000,0x00007fb230b05000)]
  0x00007fb2340a4800 JavaThread "C2 CompilerThread0" daemon [_thread_blocked, id=30031, stack(0x00007fb230b05000,0x00007fb230c06000)]
  0x00007fb2340a2800 JavaThread "Signal Dispatcher" daemon [_thread_blocked, id=30030, stack(0x00007fb238089000,0x00007fb23818a000)]
  0x00007fb234077800 JavaThread "Finalizer" daemon [_thread_blocked, id=30029, stack(0x00007fb23818a000,0x00007fb23828b000)]
  0x00007fb234075800 JavaThread "Reference Handler" daemon [_thread_blocked, id=30028, stack(0x00007fb23828b000,0x00007fb23838c000)]
  0x00007fb23400a000 JavaThread "main" [_thread_blocked, id=30024, stack(0x00007fb23cc99000,0x00007fb23cd9a000)]

Other Threads:
  0x00007fb234071000 VMThread [stack: 0x00007fb23838c000,0x00007fb23848d000] [id=30027]
  0x00007fb2340b4800 WatcherThread [stack: 0x00007fb230802000,0x00007fb230903000] [id=30034]

=>0x00007fb234021800 (exited) GCTaskThread [stack: 0x00007fb239321000,0x00007fb239422000] [id=30026]

VM state:at safepoint (normal execution)

VM Mutex/Monitor currently owned by a thread:  ([mutex/lock_event])
[0x00007fb234006420] Threads_lock - owner thread: 0x00007fb234071000
[0x00007fb234006920] Heap_lock - owner thread: 0x00007fb23400a000

Heap
 PSYoungGen      total 65536K, used 0K [0x00000000ebe80000, 0x00000000f3e80000, 0x0000000100000000)
  eden space 63488K, 0% used [0x00000000ebe80000,0x00000000ebe80000,0x00000000efc80000)
  from space 2048K, 0% used [0x00000000efc80000,0x00000000efc80000,0x00000000efe80000)
  to   space 2048K, 0% used [0x00000000f3c80000,0x00000000f3c80000,0x00000000f3e80000)
 ParOldGen       total 81408K, used 66103K [0x00000000c3c00000, 0x00000000c8b80000, 0x00000000ebe80000)
  object space 81408K, 81% used [0x00000000c3c00000,0x00000000c7c8dee8,0x00000000c8b80000)
 PSPermGen       total 21504K, used 3490K [0x00000000b9600000, 0x00000000bab00000, 0x00000000c3c00000)
  object space 21504K, 16% used [0x00000000b9600000,0x00000000b9968bf0,0x00000000bab00000)

Card table byte_map: [0x00007fb2396b8000,0x00007fb2398ee000] byte_map_base: 0x00007fb2390ed000

Polling page: 0x00007fb23cdcb000

Code Cache  [0x00007fb231000000, 0x00007fb231270000, 0x00007fb234000000)
 total_blobs=209 nmethods=19 adapters=145 free_code_cache=48744Kb largest_free_block=49898368

Compilation events (10 events):
Event: 12.887 Thread 0x00007fb2340a7800 nmethod 15 0x00007fb231063c90 code [0x00007fb231063de0, 0x00007fb231063e98]
Event: 12.887 Thread 0x00007fb2340a7800   16             java.util.ArrayList$Itr::<init> (6 bytes)
Event: 12.888 Thread 0x00007fb2340a7800 nmethod 16 0x00007fb231063a10 code [0x00007fb231063b40, 0x00007fb231063bd8]
Event: 12.888 Thread 0x00007fb2340a7800   17             java.util.ArrayList$Itr::<init> (26 bytes)
Event: 12.888 Thread 0x00007fb2340a7800 nmethod 17 0x00007fb231063710 code [0x00007fb231063840, 0x00007fb2310638d8]
Event: 12.888 Thread 0x00007fb2340a7800   18             java.util.ArrayList::isEmpty (13 bytes)
Event: 12.889 Thread 0x00007fb2340a7800 nmethod 18 0x00007fb2310662d0 code [0x00007fb231066400, 0x00007fb231066458]
Event: 12.892 Thread 0x00007fb2340a4800 nmethod 10% 0x00007fb231064f90 code [0x00007fb231065180, 0x00007fb231065ad0]
Event: 12.892 Thread 0x00007fb2340a7800   19 %           dynamicprogramming.boxstacking.JarjestaLaatikot::JarjestaAlanMukaan @ 23 (196 bytes)
Event: 12.953 Thread 0x00007fb2340a7800 nmethod 19% 0x00007fb231066c90 code [0x00007fb231066e60, 0x00007fb231067608]

GC Heap History (10 events):
Event: 13.144 GC heap after
Heap after GC invocations=3 (full 0):
 PSYoungGen      total 18432K, used 384K [0x00000000ebe80000, 0x00000000ee280000, 0x0000000100000000)
  eden space 15872K, 0% used [0x00000000ebe80000,0x00000000ebe80000,0x00000000ece00000)
  from space 2560K, 15% used [0x00000000ece00000,0x00000000ece60000,0x00000000ed080000)
  to   space 2560K, 0% used [0x00000000ee000000,0x00000000ee000000,0x00000000ee280000)
 ParOldGen       total 40960K, used 7913K [0x00000000c3c00000, 0x00000000c6400000, 0x00000000ebe80000)
  object space 40960K, 19% used [0x00000000c3c00000,0x00000000c43ba578,0x00000000c6400000)
 PSPermGen       total 21504K, used 3490K [0x00000000b9600000, 0x00000000bab00000, 0x00000000c3c00000)
  object space 21504K, 16% used [0x00000000b9600000,0x00000000b9968bf0,0x00000000bab00000)
}
Event: 13.172 GC heap before
{Heap before GC invocations=4 (full 0):
 PSYoungGen      total 18432K, used 16256K [0x00000000ebe80000, 0x00000000ee280000, 0x0000000100000000)
  eden space 15872K, 100% used [0x00000000ebe80000,0x00000000ece00000,0x00000000ece00000)
  from space 2560K, 15% used [0x00000000ece00000,0x00000000ece60000,0x00000000ed080000)
  to   space 2560K, 0% used [0x00000000ee000000,0x00000000ee000000,0x00000000ee280000)
 ParOldGen       total 40960K, used 7913K [0x00000000c3c00000, 0x00000000c6400000, 0x00000000ebe80000)
  object space 40960K, 19% used [0x00000000c3c00000,0x00000000c43ba578,0x00000000c6400000)
 PSPermGen       total 21504K, used 3490K [0x00000000b9600000, 0x00000000bab00000, 0x00000000c3c00000)
  object space 21504K, 16% used [0x00000000b9600000,0x00000000b9968bf0,0x00000000bab00000)
Event: 13.263 GC heap after
Heap after GC invocations=4 (full 0):
 PSYoungGen      total 34304K, used 336K [0x00000000ebe80000, 0x00000000ee280000, 0x0000000100000000)
  eden space 31744K, 0% used [0x00000000ebe80000,0x00000000ebe80000,0x00000000edd80000)
  from space 2560K, 13% used [0x00000000ee000000,0x00000000ee054010,0x00000000ee280000)
  to   space 2560K, 0% used [0x00000000edd80000,0x00000000edd80000,0x00000000ee000000)
 ParOldGen       total 40960K, used 15035K [0x00000000c3c00000, 0x00000000c6400000, 0x00000000ebe80000)
  object space 40960K, 36% used [0x00000000c3c00000,0x00000000c4aaed80,0x00000000c6400000)
 PSPermGen       total 21504K, used 3490K [0x00000000b9600000, 0x00000000bab00000, 0x00000000c3c00000)
  object space 21504K, 16% used [0x00000000b9600000,0x00000000b9968bf0,0x00000000bab00000)
}
Event: 13.391 GC heap before
{Heap before GC invocations=5 (full 0):
 PSYoungGen      total 34304K, used 32080K [0x00000000ebe80000, 0x00000000ee280000, 0x0000000100000000)
  eden space 31744K, 100% used [0x00000000ebe80000,0x00000000edd80000,0x00000000edd80000)
  from space 2560K, 13% used [0x00000000ee000000,0x00000000ee054010,0x00000000ee280000)
  to   space 2560K, 0% used [0x00000000edd80000,0x00000000edd80000,0x00000000ee000000)
 ParOldGen       total 40960K, used 15035K [0x00000000c3c00000, 0x00000000c6400000, 0x00000000ebe80000)
  object space 40960K, 36% used [0x00000000c3c00000,0x00000000c4aaed80,0x00000000c6400000)
 PSPermGen       total 21504K, used 3490K [0x00000000b9600000, 0x00000000bab00000, 0x00000000c3c00000)
  object space 21504K, 16% used [0x00000000b9600000,0x00000000b9968bf0,0x00000000bab00000)
Event: 13.477 GC heap after
Heap after GC invocations=5 (full 0):
 PSYoungGen      total 34304K, used 336K [0x00000000ebe80000, 0x00000000f0080000, 0x0000000100000000)
  eden space 31744K, 0% used [0x00000000ebe80000,0x00000000ebe80000,0x00000000edd80000)
  from space 2560K, 13% used [0x00000000edd80000,0x00000000eddd4010,0x00000000ee000000)
  to   space 2048K, 0% used [0x00000000efe80000,0x00000000efe80000,0x00000000f0080000)
 ParOldGen       total 40960K, used 25718K [0x00000000c3c00000, 0x00000000c6400000, 0x00000000ebe80000)
  object space 40960K, 62% used [0x00000000c3c00000,0x00000000c551d988,0x00000000c6400000)
 PSPermGen       total 21504K, used 3490K [0x00000000b9600000, 0x00000000bab00000, 0x00000000c3c00000)
  object space 21504K, 16% used [0x00000000b9600000,0x00000000b9968bf0,0x00000000bab00000)
}
Event: 13.622 GC heap before
{Heap before GC invocations=6 (full 0):
 PSYoungGen      total 34304K, used 32080K [0x00000000ebe80000, 0x00000000f0080000, 0x0000000100000000)
  eden space 31744K, 100% used [0x00000000ebe80000,0x00000000edd80000,0x00000000edd80000)
  from space 2560K, 13% used [0x00000000edd80000,0x00000000eddd4010,0x00000000ee000000)
  to   space 2048K, 0% used [0x00000000efe80000,0x00000000efe80000,0x00000000f0080000)
 ParOldGen       total 57344K, used 41742K [0x00000000c3c00000, 0x00000000c7400000, 0x00000000ebe80000)
  object space 57344K, 72% used [0x00000000c3c00000,0x00000000c64c3b88,0x00000000c7400000)
 PSPermGen       total 21504K, used 3490K [0x00000000b9600000, 0x00000000bab00000, 0x00000000c3c00000)
  object space 21504K, 16% used [0x00000000b9600000,0x00000000b9968bf0,0x00000000bab00000)
Event: 13.701 GC heap after
Heap after GC invocations=6 (full 0):
 PSYoungGen      total 65536K, used 336K [0x00000000ebe80000, 0x00000000f0080000, 0x0000000100000000)
  eden space 63488K, 0% used [0x00000000ebe80000,0x00000000ebe80000,0x00000000efc80000)
  from space 2048K, 16% used [0x00000000efe80000,0x00000000efed4010,0x00000000f0080000)
  to   space 2048K, 0% used [0x00000000efc80000,0x00000000efc80000,0x00000000efe80000)
 ParOldGen       total 57344K, used 41742K [0x00000000c3c00000, 0x00000000c7400000, 0x00000000ebe80000)
  object space 57344K, 72% used [0x00000000c3c00000,0x00000000c64c3b88,0x00000000c7400000)
 PSPermGen       total 21504K, used 3490K [0x00000000b9600000, 0x00000000bab00000, 0x00000000c3c00000)
  object space 21504K, 16% used [0x00000000b9600000,0x00000000b9968bf0,0x00000000bab00000)
}
Event: 13.952 GC heap before
{Heap before GC invocations=7 (full 0):
 PSYoungGen      total 65536K, used 63824K [0x00000000ebe80000, 0x00000000f0080000, 0x0000000100000000)
  eden space 63488K, 100% used [0x00000000ebe80000,0x00000000efc80000,0x00000000efc80000)
  from space 2048K, 16% used [0x00000000efe80000,0x00000000efed4010,0x00000000f0080000)
  to   space 2048K, 0% used [0x00000000efc80000,0x00000000efc80000,0x00000000efe80000)
 ParOldGen       total 57344K, used 41742K [0x00000000c3c00000, 0x00000000c7400000, 0x00000000ebe80000)
  object space 57344K, 72% used [0x00000000c3c00000,0x00000000c64c3b88,0x00000000c7400000)
 PSPermGen       total 21504K, used 3490K [0x00000000b9600000, 0x00000000bab00000, 0x00000000c3c00000)
  object space 21504K, 16% used [0x00000000b9600000,0x00000000b9968bf0,0x00000000bab00000)
Event: 14.095 GC heap after
Heap after GC invocations=7 (full 0):
 PSYoungGen      total 65536K, used 0K [0x00000000ebe80000, 0x00000000f3e80000, 0x0000000100000000)
  eden space 63488K, 0% used [0x00000000ebe80000,0x00000000ebe80000,0x00000000efc80000)
  from space 2048K, 0% used [0x00000000efc80000,0x00000000efc80000,0x00000000efe80000)
  to   space 2048K, 0% used [0x00000000f3c80000,0x00000000f3c80000,0x00000000f3e80000)
 ParOldGen       total 81408K, used 66103K [0x00000000c3c00000, 0x00000000c8b80000, 0x00000000ebe80000)
  object space 81408K, 81% used [0x00000000c3c00000,0x00000000c7c8dee8,0x00000000c8b80000)
 PSPermGen       total 21504K, used 3490K [0x00000000b9600000, 0x00000000bab00000, 0x00000000c3c00000)
  object space 21504K, 16% used [0x00000000b9600000,0x00000000b9968bf0,0x00000000bab00000)
}
Event: 14.095 GC heap before
{Heap before GC invocations=8 (full 1):
 PSYoungGen      total 65536K, used 0K [0x00000000ebe80000, 0x00000000f3e80000, 0x0000000100000000)
  eden space 63488K, 0% used [0x00000000ebe80000,0x00000000ebe80000,0x00000000efc80000)
  from space 2048K, 0% used [0x00000000efc80000,0x00000000efc80000,0x00000000efe80000)
  to   space 2048K, 0% used [0x00000000f3c80000,0x00000000f3c80000,0x00000000f3e80000)
 ParOldGen       total 81408K, used 66103K [0x00000000c3c00000, 0x00000000c8b80000, 0x00000000ebe80000)
  object space 81408K, 81% used [0x00000000c3c00000,0x00000000c7c8dee8,0x00000000c8b80000)
 PSPermGen       total 21504K, used 3490K [0x00000000b9600000, 0x00000000bab00000, 0x00000000c3c00000)
  object space 21504K, 16% used [0x00000000b9600000,0x00000000b9968bf0,0x00000000bab00000)

Deoptimization events (0 events):
No events

Internal exceptions (10 events):
Event: 0.159 Thread 0x00007fb23400a000 Threw 0x00000000ebec7420 at /build/openjdk-7-FO0dNI/openjdk-7-7u79-2.5.6/build/openjdk/hotspot/src/share/vm/prims/jvm.cpp:1284
Event: 0.159 Thread 0x00007fb23400a000 Threw 0x00000000ebec7548 at /build/openjdk-7-FO0dNI/openjdk-7-7u79-2.5.6/build/openjdk/hotspot/src/share/vm/prims/jvm.cpp:1284
Event: 0.160 Thread 0x00007fb23400a000 Threw 0x00000000ebec9b38 at /build/openjdk-7-FO0dNI/openjdk-7-7u79-2.5.6/build/openjdk/hotspot/src/share/vm/prims/jvm.cpp:1284
Event: 0.194 Thread 0x00007fb23400a000 Threw 0x00000000ebf3b270 at /build/openjdk-7-FO0dNI/openjdk-7-7u79-2.5.6/build/openjdk/hotspot/src/share/vm/prims/jvm.cpp:1284
Event: 0.194 Thread 0x00007fb23400a000 Threw 0x00000000ebf3b398 at /build/openjdk-7-FO0dNI/openjdk-7-7u79-2.5.6/build/openjdk/hotspot/src/share/vm/prims/jvm.cpp:1284
Event: 0.195 Thread 0x00007fb23400a000 Threw 0x00000000ebf3d948 at /build/openjdk-7-FO0dNI/openjdk-7-7u79-2.5.6/build/openjdk/hotspot/src/share/vm/prims/jvm.cpp:1284
Event: 0.195 Thread 0x00007fb23400a000 Threw 0x00000000ebf3da70 at /build/openjdk-7-FO0dNI/openjdk-7-7u79-2.5.6/build/openjdk/hotspot/src/share/vm/prims/jvm.cpp:1284
Event: 0.195 Thread 0x00007fb23400a000 Threw 0x00000000ebf3e370 at /build/openjdk-7-FO0dNI/openjdk-7-7u79-2.5.6/build/openjdk/hotspot/src/share/vm/prims/jvm.cpp:1284
Event: 0.195 Thread 0x00007fb23400a000 Threw 0x00000000ebf3e498 at /build/openjdk-7-FO0dNI/openjdk-7-7u79-2.5.6/build/openjdk/hotspot/src/share/vm/prims/jvm.cpp:1284
Event: 12.819 Thread 0x00007fb23400a000 Threw 0x00000000ebf8d3c8 at /build/openjdk-7-FO0dNI/openjdk-7-7u79-2.5.6/build/openjdk/hotspot/src/share/vm/prims/jvm.cpp:1284

Events (10 events):
Event: 13.079 Executing VM operation: ParallelGCFailedAllocation done
Event: 13.110 Executing VM operation: ParallelGCFailedAllocation
Event: 13.144 Executing VM operation: ParallelGCFailedAllocation done
Event: 13.172 Executing VM operation: ParallelGCFailedAllocation
Event: 13.263 Executing VM operation: ParallelGCFailedAllocation done
Event: 13.391 Executing VM operation: ParallelGCFailedAllocation
Event: 13.477 Executing VM operation: ParallelGCFailedAllocation done
Event: 13.621 Executing VM operation: ParallelGCFailedAllocation
Event: 13.701 Executing VM operation: ParallelGCFailedAllocation done
Event: 13.952 Executing VM operation: ParallelGCFailedAllocation


Dynamic libraries:
00400000-00401000 r-xp 00000000 08:01 18748823                           /usr/lib/jvm/java-7-openjdk-amd64/jre/bin/java
00600000-00601000 r--p 00000000 08:01 18748823                           /usr/lib/jvm/java-7-openjdk-amd64/jre/bin/java
00601000-00602000 rw-p 00001000 08:01 18748823                           /usr/lib/jvm/java-7-openjdk-amd64/jre/bin/java
02533000-02554000 rw-p 00000000 00:00 0                                  [heap]
b9600000-bab00000 rw-p 00000000 00:00 0 
bab00000-c3c00000 rw-p 00000000 00:00 0 
c3c00000-c8b80000 rw-p 00000000 00:00 0 
c8b80000-ebe80000 rw-p 00000000 00:00 0 
ebe80000-f3e80000 rw-p 00000000 00:00 0 
f3e80000-100000000 rw-p 00000000 00:00 0 
7fb200000000-7fb200021000 rw-p 00000000 00:00 0 
7fb200021000-7fb204000000 ---p 00000000 00:00 0 
7fb204000000-7fb204021000 rw-p 00000000 00:00 0 
7fb204021000-7fb208000000 ---p 00000000 00:00 0 
7fb208000000-7fb20811e000 rw-p 00000000 00:00 0 
7fb20811e000-7fb20c000000 ---p 00000000 00:00 0 
7fb20c000000-7fb20c115000 rw-p 00000000 00:00 0 
7fb20c115000-7fb210000000 ---p 00000000 00:00 0 
7fb210000000-7fb210021000 rw-p 00000000 00:00 0 
7fb210021000-7fb214000000 ---p 00000000 00:00 0 
7fb214000000-7fb214021000 rw-p 00000000 00:00 0 
7fb214021000-7fb218000000 ---p 00000000 00:00 0 
7fb218000000-7fb218021000 rw-p 00000000 00:00 0 
7fb218021000-7fb21c000000 ---p 00000000 00:00 0 
7fb21c000000-7fb21c021000 rw-p 00000000 00:00 0 
7fb21c021000-7fb220000000 ---p 00000000 00:00 0 
7fb220000000-7fb220577000 rw-p 00000000 00:00 0 
7fb220577000-7fb224000000 ---p 00000000 00:00 0 
7fb226cb0000-7fb229000000 rw-p 00000000 00:00 0 
7fb22c000000-7fb22c535000 rw-p 00000000 00:00 0 
7fb22c535000-7fb230000000 ---p 00000000 00:00 0 
7fb230802000-7fb230803000 ---p 00000000 00:00 0 
7fb230803000-7fb230903000 rw-p 00000000 00:00 0                          [stack:30034]
7fb230903000-7fb230906000 ---p 00000000 00:00 0 
7fb230906000-7fb230a04000 rw-p 00000000 00:00 0                          [stack:30033]
7fb230a04000-7fb230a07000 ---p 00000000 00:00 0 
7fb230a07000-7fb230b05000 rw-p 00000000 00:00 0                          [stack:30032]
7fb230b05000-7fb230b08000 ---p 00000000 00:00 0 
7fb230b08000-7fb230c06000 rw-p 00000000 00:00 0                          [stack:30031]
7fb230c06000-7fb231000000 r--p 00000000 08:01 15215308                   /usr/lib/locale/locale-archive
7fb231000000-7fb231270000 rwxp 00000000 00:00 0 
7fb231270000-7fb234133000 rw-p 00000000 00:00 0 
7fb234133000-7fb238000000 ---p 00000000 00:00 0 
7fb238089000-7fb23808c000 ---p 00000000 00:00 0 
7fb23808c000-7fb23818a000 rw-p 00000000 00:00 0                          [stack:30030]
7fb23818a000-7fb23818d000 ---p 00000000 00:00 0 
7fb23818d000-7fb23828b000 rw-p 00000000 00:00 0                          [stack:30029]
7fb23828b000-7fb23828e000 ---p 00000000 00:00 0 
7fb23828e000-7fb23838c000 rw-p 00000000 00:00 0                          [stack:30028]
7fb23838c000-7fb23838d000 ---p 00000000 00:00 0 
7fb23838d000-7fb238e42000 rw-p 00000000 00:00 0                          [stack:30027]
7fb238e42000-7fb238ff3000 r--s 01d29000 08:01 18743474                   /usr/lib/jvm/java-7-openjdk-amd64/jre/lib/rt.jar
7fb238ff3000-7fb239321000 rw-p 00000000 00:00 0 
7fb239321000-7fb239322000 ---p 00000000 00:00 0 
7fb239322000-7fb239422000 rw-p 00000000 00:00 0                          [stack:30026]
7fb239422000-7fb239423000 ---p 00000000 00:00 0 
7fb239423000-7fb23952e000 rw-p 00000000 00:00 0                          [stack:30025]
7fb23952e000-7fb239576000 rw-p 00000000 00:00 0 
7fb239576000-7fb23959e000 rw-p 00000000 00:00 0 
7fb23959e000-7fb2396b8000 rw-p 00000000 00:00 0 
7fb2396b8000-7fb2396c3000 rw-p 00000000 00:00 0 
7fb2396c3000-7fb23970b000 rw-p 00000000 00:00 0 
7fb23970b000-7fb239733000 rw-p 00000000 00:00 0 
7fb239733000-7fb23984c000 rw-p 00000000 00:00 0 
7fb23984c000-7fb23988d000 rw-p 00000000 00:00 0 
7fb23988d000-7fb2398ed000 rw-p 00000000 00:00 0 
7fb2398ed000-7fb2398ee000 rw-p 00000000 00:00 0 
7fb2398ee000-7fb2398f6000 r-xp 00000000 08:01 18748636                   /usr/lib/jvm/java-7-openjdk-amd64/jre/lib/amd64/libzip.so
7fb2398f6000-7fb239af5000 ---p 00008000 08:01 18748636                   /usr/lib/jvm/java-7-openjdk-amd64/jre/lib/amd64/libzip.so
7fb239af5000-7fb239af6000 r--p 00007000 08:01 18748636                   /usr/lib/jvm/java-7-openjdk-amd64/jre/lib/amd64/libzip.so
7fb239af6000-7fb239af7000 rw-p 00008000 08:01 18748636                   /usr/lib/jvm/java-7-openjdk-amd64/jre/lib/amd64/libzip.so
7fb239af7000-7fb239b02000 r-xp 00000000 08:01 11801604                   /lib/x86_64-linux-gnu/libnss_files-2.19.so
7fb239b02000-7fb239d01000 ---p 0000b000 08:01 11801604                   /lib/x86_64-linux-gnu/libnss_files-2.19.so
7fb239d01000-7fb239d02000 r--p 0000a000 08:01 11801604                   /lib/x86_64-linux-gnu/libnss_files-2.19.so
7fb239d02000-7fb239d03000 rw-p 0000b000 08:01 11801604                   /lib/x86_64-linux-gnu/libnss_files-2.19.so
7fb239d03000-7fb239d0e000 r-xp 00000000 08:01 11801624                   /lib/x86_64-linux-gnu/libnss_nis-2.19.so
7fb239d0e000-7fb239f0d000 ---p 0000b000 08:01 11801624                   /lib/x86_64-linux-gnu/libnss_nis-2.19.so
7fb239f0d000-7fb239f0e000 r--p 0000a000 08:01 11801624                   /lib/x86_64-linux-gnu/libnss_nis-2.19.so
7fb239f0e000-7fb239f0f000 rw-p 0000b000 08:01 11801624                   /lib/x86_64-linux-gnu/libnss_nis-2.19.so
7fb239f0f000-7fb239f26000 r-xp 00000000 08:01 11801613                   /lib/x86_64-linux-gnu/libnsl-2.19.so
7fb239f26000-7fb23a125000 ---p 00017000 08:01 11801613                   /lib/x86_64-linux-gnu/libnsl-2.19.so
7fb23a125000-7fb23a126000 r--p 00016000 08:01 11801613                   /lib/x86_64-linux-gnu/libnsl-2.19.so
7fb23a126000-7fb23a127000 rw-p 00017000 08:01 11801613                   /lib/x86_64-linux-gnu/libnsl-2.19.so
7fb23a127000-7fb23a129000 rw-p 00000000 00:00 0 
7fb23a129000-7fb23a132000 r-xp 00000000 08:01 11801612                   /lib/x86_64-linux-gnu/libnss_compat-2.19.so
7fb23a132000-7fb23a331000 ---p 00009000 08:01 11801612                   /lib/x86_64-linux-gnu/libnss_compat-2.19.so
7fb23a331000-7fb23a332000 r--p 00008000 08:01 11801612                   /lib/x86_64-linux-gnu/libnss_compat-2.19.so
7fb23a332000-7fb23a333000 rw-p 00009000 08:01 11801612                   /lib/x86_64-linux-gnu/libnss_compat-2.19.so
7fb23a333000-7fb23a35e000 r-xp 00000000 08:01 18748677                   /usr/lib/jvm/java-7-openjdk-amd64/jre/lib/amd64/libjava.so
7fb23a35e000-7fb23a55d000 ---p 0002b000 08:01 18748677                   /usr/lib/jvm/java-7-openjdk-amd64/jre/lib/amd64/libjava.so
7fb23a55d000-7fb23a55e000 r--p 0002a000 08:01 18748677                   /usr/lib/jvm/java-7-openjdk-amd64/jre/lib/amd64/libjava.so
7fb23a55e000-7fb23a560000 rw-p 0002b000 08:01 18748677                   /usr/lib/jvm/java-7-openjdk-amd64/jre/lib/amd64/libjava.so
7fb23a560000-7fb23a570000 r-xp 00000000 08:01 18748653                   /usr/lib/jvm/java-7-openjdk-amd64/jre/lib/amd64/libverify.so
7fb23a570000-7fb23a76f000 ---p 00010000 08:01 18748653                   /usr/lib/jvm/java-7-openjdk-amd64/jre/lib/amd64/libverify.so
7fb23a76f000-7fb23a771000 r--p 0000f000 08:01 18748653                   /usr/lib/jvm/java-7-openjdk-amd64/jre/lib/amd64/libverify.so
7fb23a771000-7fb23a772000 rw-p 00011000 08:01 18748653                   /usr/lib/jvm/java-7-openjdk-amd64/jre/lib/amd64/libverify.so
7fb23a772000-7fb23a779000 r-xp 00000000 08:01 11801621                   /lib/x86_64-linux-gnu/librt-2.19.so
7fb23a779000-7fb23a978000 ---p 00007000 08:01 11801621                   /lib/x86_64-linux-gnu/librt-2.19.so
7fb23a978000-7fb23a979000 r--p 00006000 08:01 11801621                   /lib/x86_64-linux-gnu/librt-2.19.so
7fb23a979000-7fb23a97a000 rw-p 00007000 08:01 11801621                   /lib/x86_64-linux-gnu/librt-2.19.so
7fb23a97a000-7fb23a990000 r-xp 00000000 08:01 11798405                   /lib/x86_64-linux-gnu/libgcc_s.so.1
7fb23a990000-7fb23ab8f000 ---p 00016000 08:01 11798405                   /lib/x86_64-linux-gnu/libgcc_s.so.1
7fb23ab8f000-7fb23ab90000 rw-p 00015000 08:01 11798405                   /lib/x86_64-linux-gnu/libgcc_s.so.1
7fb23ab90000-7fb23ac95000 r-xp 00000000 08:01 11801603                   /lib/x86_64-linux-gnu/libm-2.19.so
7fb23ac95000-7fb23ae94000 ---p 00105000 08:01 11801603                   /lib/x86_64-linux-gnu/libm-2.19.so
7fb23ae94000-7fb23ae95000 r--p 00104000 08:01 11801603                   /lib/x86_64-linux-gnu/libm-2.19.so
7fb23ae95000-7fb23ae96000 rw-p 00105000 08:01 11801603                   /lib/x86_64-linux-gnu/libm-2.19.so
7fb23ae96000-7fb23af7c000 r-xp 00000000 08:01 15212410                   /usr/lib/x86_64-linux-gnu/libstdc++.so.6.0.19
7fb23af7c000-7fb23b17b000 ---p 000e6000 08:01 15212410                   /usr/lib/x86_64-linux-gnu/libstdc++.so.6.0.19
7fb23b17b000-7fb23b183000 r--p 000e5000 08:01 15212410                   /usr/lib/x86_64-linux-gnu/libstdc++.so.6.0.19
7fb23b183000-7fb23b185000 rw-p 000ed000 08:01 15212410                   /usr/lib/x86_64-linux-gnu/libstdc++.so.6.0.19
7fb23b185000-7fb23b19a000 rw-p 00000000 00:00 0 
7fb23b19a000-7fb23bcb3000 r-xp 00000000 08:01 18748641                   /usr/lib/jvm/java-7-openjdk-amd64/jre/lib/amd64/server/libjvm.so
7fb23bcb3000-7fb23beb3000 ---p 00b19000 08:01 18748641                   /usr/lib/jvm/java-7-openjdk-amd64/jre/lib/amd64/server/libjvm.so
7fb23beb3000-7fb23bf4d000 r--p 00b19000 08:01 18748641                   /usr/lib/jvm/java-7-openjdk-amd64/jre/lib/amd64/server/libjvm.so
7fb23bf4d000-7fb23bf70000 rw-p 00bb3000 08:01 18748641                   /usr/lib/jvm/java-7-openjdk-amd64/jre/lib/amd64/server/libjvm.so
7fb23bf70000-7fb23bf9e000 rw-p 00000000 00:00 0 
7fb23bf9e000-7fb23bfb6000 r-xp 00000000 08:01 11800098                   /lib/x86_64-linux-gnu/libz.so.1.2.8
7fb23bfb6000-7fb23c1b5000 ---p 00018000 08:01 11800098                   /lib/x86_64-linux-gnu/libz.so.1.2.8
7fb23c1b5000-7fb23c1b6000 r--p 00017000 08:01 11800098                   /lib/x86_64-linux-gnu/libz.so.1.2.8
7fb23c1b6000-7fb23c1b7000 rw-p 00018000 08:01 11800098                   /lib/x86_64-linux-gnu/libz.so.1.2.8
7fb23c1b7000-7fb23c1d0000 r-xp 00000000 08:01 11801619                   /lib/x86_64-linux-gnu/libpthread-2.19.so
7fb23c1d0000-7fb23c3cf000 ---p 00019000 08:01 11801619                   /lib/x86_64-linux-gnu/libpthread-2.19.so
7fb23c3cf000-7fb23c3d0000 r--p 00018000 08:01 11801619                   /lib/x86_64-linux-gnu/libpthread-2.19.so
7fb23c3d0000-7fb23c3d1000 rw-p 00019000 08:01 11801619                   /lib/x86_64-linux-gnu/libpthread-2.19.so
7fb23c3d1000-7fb23c3d5000 rw-p 00000000 00:00 0 
7fb23c3d5000-7fb23c3d8000 r-xp 00000000 08:01 11801607                   /lib/x86_64-linux-gnu/libdl-2.19.so
7fb23c3d8000-7fb23c5d7000 ---p 00003000 08:01 11801607                   /lib/x86_64-linux-gnu/libdl-2.19.so
7fb23c5d7000-7fb23c5d8000 r--p 00002000 08:01 11801607                   /lib/x86_64-linux-gnu/libdl-2.19.so
7fb23c5d8000-7fb23c5d9000 rw-p 00003000 08:01 11801607                   /lib/x86_64-linux-gnu/libdl-2.19.so
7fb23c5d9000-7fb23c794000 r-xp 00000000 08:01 11801618                   /lib/x86_64-linux-gnu/libc-2.19.so
7fb23c794000-7fb23c993000 ---p 001bb000 08:01 11801618                   /lib/x86_64-linux-gnu/libc-2.19.so
7fb23c993000-7fb23c997000 r--p 001ba000 08:01 11801618                   /lib/x86_64-linux-gnu/libc-2.19.so
7fb23c997000-7fb23c999000 rw-p 001be000 08:01 11801618                   /lib/x86_64-linux-gnu/libc-2.19.so
7fb23c999000-7fb23c99e000 rw-p 00000000 00:00 0 
7fb23c99e000-7fb23c9ab000 r-xp 00000000 08:01 18748638                   /usr/lib/jvm/java-7-openjdk-amd64/jre/lib/amd64/jli/libjli.so
7fb23c9ab000-7fb23cbaa000 ---p 0000d000 08:01 18748638                   /usr/lib/jvm/java-7-openjdk-amd64/jre/lib/amd64/jli/libjli.so
7fb23cbaa000-7fb23cbab000 r--p 0000c000 08:01 18748638                   /usr/lib/jvm/java-7-openjdk-amd64/jre/lib/amd64/jli/libjli.so
7fb23cbab000-7fb23cbac000 rw-p 0000d000 08:01 18748638                   /usr/lib/jvm/java-7-openjdk-amd64/jre/lib/amd64/jli/libjli.so
7fb23cbac000-7fb23cbcf000 r-xp 00000000 08:01 11801615                   /lib/x86_64-linux-gnu/ld-2.19.so
7fb23cbd0000-7fb23cbd1000 rw-p 00000000 00:00 0 
7fb23cbd1000-7fb23cbd5000 r--s 00034000 08:01 18748625                   /usr/lib/jvm/java-7-openjdk-amd64/jre/lib/ext/sunjce_provider.jar
7fb23cbd5000-7fb23cbd9000 r--s 0003c000 08:01 18748626                   /usr/lib/jvm/java-7-openjdk-amd64/jre/lib/ext/sunpkcs11.jar
7fb23cbd9000-7fb23cbe3000 rw-p 00000000 00:00 0 
7fb23cbe3000-7fb23cc99000 rw-p 00000000 00:00 0 
7fb23cc99000-7fb23cc9c000 ---p 00000000 00:00 0 
7fb23cc9c000-7fb23cd9f000 rw-p 00000000 00:00 0                          [stack:30024]
7fb23cd9f000-7fb23cda2000 r--s 0000f000 08:01 18748627                   /usr/lib/jvm/java-7-openjdk-amd64/jre/lib/ext/icedtea-sound.jar
7fb23cda2000-7fb23cda4000 r--s 00006000 08:01 15606275                   /usr/share/java/java-atk-wrapper.jar
7fb23cda4000-7fb23cda8000 r--s 00085000 08:01 18748621                   /usr/lib/jvm/java-7-openjdk-amd64/jre/lib/ext/localedata.jar
7fb23cda8000-7fb23cda9000 r--s 00002000 08:01 18748624                   /usr/lib/jvm/java-7-openjdk-amd64/jre/lib/ext/dnsns.jar
7fb23cda9000-7fb23cdab000 r--s 00012000 08:01 18748628                   /usr/lib/jvm/java-7-openjdk-amd64/jre/lib/ext/zipfs.jar
7fb23cdab000-7fb23cdc2000 rw-p 00000000 00:00 0 
7fb23cdc2000-7fb23cdca000 rw-s 00000000 08:01 19147434                   /tmp/hsperfdata_ilari/30020
7fb23cdca000-7fb23cdcb000 rw-p 00000000 00:00 0 
7fb23cdcb000-7fb23cdcc000 ---p 00000000 00:00 0 
7fb23cdcc000-7fb23cdce000 rw-p 00000000 00:00 0 
7fb23cdce000-7fb23cdcf000 r--p 00022000 08:01 11801615                   /lib/x86_64-linux-gnu/ld-2.19.so
7fb23cdcf000-7fb23cdd0000 rw-p 00023000 08:01 11801615                   /lib/x86_64-linux-gnu/ld-2.19.so
7fb23cdd0000-7fb23cdd1000 rw-p 00000000 00:00 0 
7fff2e7f9000-7fff2e81a000 rw-p 00000000 00:00 0                          [stack]
7fff2e848000-7fff2e84a000 r-xp 00000000 00:00 0                          [vdso]
ffffffffff600000-ffffffffff601000 r-xp 00000000 00:00 0                  [vsyscall]

VM Arguments:
java_command: dynamicprogramming.boxstacking.Main
Launcher Type: SUN_STANDARD

Environment Variables:
JAVA_HOME=/usr/lib/jvm/java-7-openjdk-amd64
PATH=/usr/local/sbin:/usr/local/bin:/usr/sbin:/usr/bin:/sbin:/bin:/usr/games:/usr/local/games
LD_LIBRARY_PATH=/usr/lib/jvm/java-7-openjdk-amd64/jre/lib/amd64:/usr/lib/jvm/java-7-openjdk-amd64/jre/lib/i386:
SHELL=/bin/bash
DISPLAY=:0.0

Signal Handlers:
SIGSEGV: [libjvm.so+0x94bab0], sa_mask[0]=0x7ffbfeff, sa_flags=0x10000004
SIGBUS: [libjvm.so+0x94bab0], sa_mask[0]=0x7ffbfeff, sa_flags=0x10000004
SIGFPE: [libjvm.so+0x7c38b0], sa_mask[0]=0x7ffbfeff, sa_flags=0x10000004
SIGPIPE: [libjvm.so+0x7c38b0], sa_mask[0]=0x7ffbfeff, sa_flags=0x10000004
SIGXFSZ: [libjvm.so+0x7c38b0], sa_mask[0]=0x7ffbfeff, sa_flags=0x10000004
SIGILL: [libjvm.so+0x7c38b0], sa_mask[0]=0x7ffbfeff, sa_flags=0x10000004
SIGUSR1: SIG_DFL, sa_mask[0]=0x00000000, sa_flags=0x00000000
SIGUSR2: [libjvm.so+0x7c3750], sa_mask[0]=0x00000004, sa_flags=0x10000004
SIGHUP: [libjvm.so+0x7c3930], sa_mask[0]=0x7ffbfeff, sa_flags=0x10000004
SIGINT: SIG_IGN, sa_mask[0]=0x00000000, sa_flags=0x00000000
SIGTERM: [libjvm.so+0x7c3930], sa_mask[0]=0x7ffbfeff, sa_flags=0x10000004
SIGQUIT: [libjvm.so+0x7c3930], sa_mask[0]=0x7ffbfeff, sa_flags=0x10000004
SIGTRAP: SIG_DFL, sa_mask[0]=0x00000000, sa_flags=0x00000000


---------------  S Y S T E M  ---------------

OS:Ubuntu 14.04 (trusty)
uname:Linux 3.13.0-61-lowlatency #100-Ubuntu SMP PREEMPT Wed Jul 29 11:57:17 UTC 2015 x86_64
libc:glibc 2.19 NPTL 2.19 
rlimit: STACK 8192k, CORE 0k, NPROC 30588, NOFILE 4096, AS infinity
load average:0.38 0.45 0.60

/proc/meminfo:
MemTotal:        3946324 kB
MemFree:          686568 kB
Buffers:           81024 kB
Cached:           777032 kB
SwapCached:          224 kB
Active:          1704460 kB
Inactive:        1098324 kB
Active(anon):    1357452 kB
Inactive(anon):   737152 kB
Active(file):     347008 kB
Inactive(file):   361172 kB
Unevictable:          32 kB
Mlocked:              32 kB
SwapTotal:       4090876 kB
SwapFree:        4086368 kB
Dirty:              1332 kB
Writeback:             0 kB
AnonPages:       1944636 kB
Mapped:           173836 kB
Shmem:            149876 kB
Slab:             358288 kB
SReclaimable:     282240 kB
SUnreclaim:        76048 kB
KernelStack:        4088 kB
PageTables:        33948 kB
NFS_Unstable:          0 kB
Bounce:                0 kB
WritebackTmp:          0 kB
CommitLimit:     6064036 kB
Committed_AS:    4680136 kB
VmallocTotal:   34359738367 kB
VmallocUsed:      543760 kB
VmallocChunk:   34359172396 kB
HardwareCorrupted:     0 kB
AnonHugePages:    821248 kB
HugePages_Total:       0
HugePages_Free:        0
HugePages_Rsvd:        0
HugePages_Surp:        0
Hugepagesize:       2048 kB
DirectMap4k:       92824 kB
DirectMap2M:     3999744 kB


CPU:total 2 (2 cores per cpu, 1 threads per core) family 6 model 23 stepping 10, cmov, cx8, fxsr, mmx, sse, sse2, sse3, ssse3, tsc

/proc/cpuinfo:
processor	: 0
vendor_id	: GenuineIntel
cpu family	: 6
model		: 23
model name	: Celeron(R) Dual-Core CPU       T3100  @ 1.90GHz
stepping	: 10
microcode	: 0xa0b
cpu MHz		: 1895.462
cache size	: 1024 KB
physical id	: 0
siblings	: 2
core id		: 0
cpu cores	: 2
apicid		: 0
initial apicid	: 0
fpu		: yes
fpu_exception	: yes
cpuid level	: 13
wp		: yes
flags		: fpu vme de pse tsc msr pae mce cx8 apic sep mtrr pge mca cmov pat pse36 clflush dts acpi mmx fxsr sse sse2 ss ht tm pbe syscall nx lm constant_tsc arch_perfmon pebs bts nopl aperfmperf pni dtes64 monitor ds_cpl tm2 ssse3 cx16 xtpr pdcm xsave lahf_lm dtherm
bogomips	: 3790.92
clflush size	: 64
cache_alignment	: 64
address sizes	: 36 bits physical, 48 bits virtual
power management:

processor	: 1
vendor_id	: GenuineIntel
cpu family	: 6
model		: 23
model name	: Celeron(R) Dual-Core CPU       T3100  @ 1.90GHz
stepping	: 10
microcode	: 0xa0b
cpu MHz		: 1895.462
cache size	: 1024 KB
physical id	: 0
siblings	: 2
core id		: 1
cpu cores	: 2
apicid		: 1
initial apicid	: 1
fpu		: yes
fpu_exception	: yes
cpuid level	: 13
wp		: yes
flags		: fpu vme de pse tsc msr pae mce cx8 apic sep mtrr pge mca cmov pat pse36 clflush dts acpi mmx fxsr sse sse2 ss ht tm pbe syscall nx lm constant_tsc arch_perfmon pebs bts nopl aperfmperf pni dtes64 monitor ds_cpl tm2 ssse3 cx16 xtpr pdcm xsave lahf_lm dtherm
bogomips	: 3790.92
clflush size	: 64
cache_alignment	: 64
address sizes	: 36 bits physical, 48 bits virtual
power management:



Memory: 4k page, physical 3946324k(686568k free), swap 4090876k(4086368k free)

vm_info: OpenJDK 64-Bit Server VM (24.79-b02) for linux-amd64 JRE (1.7.0_79-b14), built on Jul 24 2015 08:15:54 by "buildd" with gcc 4.8.2

time: Thu Aug 13 22:47:39 2015
elapsed time: 14 seconds

