#
# A fatal error has been detected by the Java Runtime Environment:
#
#  SIGSEGV (0xb) at pc=0x00007f162e22bca9, pid=30531, tid=139733083051776
#
# JRE version: OpenJDK Runtime Environment (7.0_79-b14) (build 1.7.0_79-b14)
# Java VM: OpenJDK 64-Bit Server VM (24.79-b02 mixed mode linux-amd64 compressed oops)
# Derivative: IcedTea 2.5.6
# Distribution: Ubuntu 14.04 LTS, package 7u79-2.5.6-0ubuntu1.14.04.1
# Problematic frame:
# V  [libjvm.so+0x81fca9]  ParCompactionManager::follow_marking_stacks()+0xc49
#
# Failed to write core dump. Core dumps have been disabled. To enable core dumping, try "ulimit -c unlimited" before starting Java again
#
# If you would like to submit a bug report, please include
# instructions on how to reproduce the bug and visit:
#   http://icedtea.classpath.org/bugzilla
#

---------------  T H R E A D  ---------------

Current thread (0x00007f1628021800):  GCTaskThread [stack: 0x00007f1624b75000,0x00007f1624c76000] [id=30537]

siginfo:si_signo=SIGSEGV: si_errno=0, si_code=128 (), si_addr=0x0000000000000000

Registers:
RAX=0x0000000000000000, RBX=0x00000000c6cc8414, RCX=0x0000000000000000, RDX=0x0000000000000001
RSP=0x00007f1624c74c80, RBP=0x00007f1624c74d20, RSI=0x00007f1622825000, RDI=0x0000000000000000
R8 =0x00000000add80000, R9 =0x0000000000000000, R10=0x007ffffffffa3c00, R11=0x0000000000000200
R12=0x0002000000000000, R13=0x00007f162806e940, R14=0x00007f162e7f4dc0, R15=0x00000000c6cc8c08
RIP=0x00007f162e22bca9, EFLAGS=0x0000000000010206, CSGSFS=0x0000000000000033, ERR=0x0000000000000000
  TRAPNO=0x000000000000000d

Top of Stack: (sp=0x00007f1624c74c80)
0x00007f1624c74c80:   00007f162806e9d0 00007f162806ea00
0x00007f1624c74c90:   00007f162806e980 00000000005de4b8
0x00007f1624c74ca0:   00007f162e7eb5c3 00007f162806e950
0x00007f1624c74cb0:   00000000001ed000 0000000000000c00
0x00007f1624c74cc0:   00000000c6514bf8 0000000000000000
0x00007f1624c74cd0:   00000f6600000000 00007f162800a000
0x00007f1624c74ce0:   00000f6700000000 00007f162806e901
0x00007f1624c74cf0:   00007f15fc053040 00007f15fc050f70
0x00007f1624c74d00:   00007f1628023f70 00007f162806e940
0x00007f1624c74d10:   00007f15fc053040 00007f1628021ff0
0x00007f1624c74d20:   00007f1624c74dc0 00007f162e2118e9
0x00007f1624c74d30:   00007f1624c74dc0 00007f1624c74d50
0x00007f1624c74d40:   00000000000083b0 00007f15fc058f58
0x00007f1624c74d50:   00007f162e7b8eb0 00007f1628021800
0x00007f1624c74d60:   0000000000000000 00007f162806e940
0x00007f1624c74d70:   00007f162e7b0b90 00007f162e19bf00
0x00007f1624c74d80:   00007f1624c74d50 00007f162801f501
0x00007f1624c74d90:   00007f1624c74dc0 0000000000000001
0x00007f1624c74da0:   00007f1628023f70 00007f162e3b8676
0x00007f1624c74db0:   00007f1628021800 00007f162e7eb3ea
0x00007f1624c74dc0:   00007f1624c74ed0 00007f162df510e2
0x00007f1624c74dd0:   00000000000003d8 00007f1628022408
0x00007f1624c74de0:   00007f1628022030 00007f1624c74e60
0x00007f1624c74df0:   00007f1628021ff0 00007f1628022020
0x00007f1624c74e00:   00007f1624c74e10 0000000000000000
0x00007f1624c74e10:   0000000000000000 00007f1628022d00
0x00007f1624c74e20:   00007f1628021800 00007f1628022410
0x00007f1624c74e30:   00007f1628022450 00007f1628022460
0x00007f1624c74e40:   00007f1628022838 00000000000003d8
0x00007f1624c74e50:   00007f1628022840 00007f16280231b0
0x00007f1624c74e60:   00007f1628021800 00007f1628022410
0x00007f1624c74e70:   00007f1628022450 00007f1628022460 

Instructions: (pc=0x00007f162e22bca9)
0x00007f162e22bc89:   8d 04 38 4c 89 c0 49 2b 06 48 c1 e8 03 48 d3 e8
0x00007f162e22bc99:   49 89 c2 83 e0 3f 49 c1 ea 06 48 89 c1 48 d3 e2
0x00007f162e22bca9:   4a 23 14 d6 49 89 d4 75 96 48 8b 45 80 0f b6 10
0x00007f162e22bcb9:   84 d2 0f 85 b7 01 00 00 49 8b 40 08 8b 48 18 48 

Register to memory mapping:

RAX=0x0000000000000000 is an unknown value
RBX=0x00000000c6cc8414 is pointing into object: 0x00000000c6514bf8
[Ljava.lang.Object; 
 - klass: 'java/lang/Object'[]
 - length: 6153400
RCX=0x0000000000000000 is an unknown value
RDX=0x0000000000000001 is an unknown value
RSP=0x00007f1624c74c80 is an unknown value
RBP=0x00007f1624c74d20 is an unknown value
RSI=0x00007f1622825000 is an unknown value
RDI=0x0000000000000000 is an unknown value
R8 =0x00000000add80000 is an unknown value
R9 =0x0000000000000000 is an unknown value
R10=0x007ffffffffa3c00 is an unknown value
R11=0x0000000000000200 is an unknown value
R12=0x0002000000000000 is an unknown value
R13=0x00007f162806e940 is an unknown value
R14=0x00007f162e7f4dc0: <offset 0xde8dc0> in /usr/lib/jvm/java-7-openjdk-amd64/jre/lib/amd64/server/libjvm.so at 0x00007f162da0c000
R15=0x00000000c6cc8c08 is pointing into object: 0x00000000c6514bf8
[Ljava.lang.Object; 
 - klass: 'java/lang/Object'[]
 - length: 6153400


Stack: [0x00007f1624b75000,0x00007f1624c76000],  sp=0x00007f1624c74c80,  free space=1023k
Native frames: (J=compiled Java code, j=interpreted, Vv=VM code, C=native code)
V  [libjvm.so+0x81fca9]  ParCompactionManager::follow_marking_stacks()+0xc49
V  [libjvm.so+0x8058e9]  ThreadRootsMarkingTask::do_it(GCTaskManager*, unsigned int)+0xd9
V  [libjvm.so+0x5450e2]  GCTaskThread::run()+0x162
V  [libjvm.so+0x7c4f62]  java_start(Thread*)+0xf2


---------------  P R O C E S S  ---------------

Java Threads: ( => current thread )
  0x00007f16280a3800 JavaThread "Service Thread" daemon [_thread_blocked, id=30544, stack(0x00007f1620e90000,0x00007f1620f91000)]
  0x00007f16280a1000 JavaThread "C2 CompilerThread1" daemon [_thread_blocked, id=30543, stack(0x00007f1620f91000,0x00007f1621092000)]
  0x00007f162809e800 JavaThread "C2 CompilerThread0" daemon [_thread_blocked, id=30542, stack(0x00007f1621092000,0x00007f1621193000)]
  0x00007f162809c800 JavaThread "Signal Dispatcher" daemon [_thread_blocked, id=30541, stack(0x00007f1621193000,0x00007f1621294000)]
  0x00007f1628077800 JavaThread "Finalizer" daemon [_thread_blocked, id=30540, stack(0x00007f162168e000,0x00007f162178f000)]
  0x00007f1628075800 JavaThread "Reference Handler" daemon [_thread_blocked, id=30539, stack(0x00007f162178f000,0x00007f1621890000)]
  0x00007f162800a000 JavaThread "main" [_thread_blocked, id=30532, stack(0x00007f162f50b000,0x00007f162f60c000)]

Other Threads:
  0x00007f1628071000 VMThread [stack: 0x00007f1621890000,0x00007f1621991000] [id=30538]
  0x00007f16280ae800 WatcherThread [stack: 0x00007f1620d8f000,0x00007f1620e90000] [id=30545]

=>0x00007f1628021800 (exited) GCTaskThread [stack: 0x00007f1624b75000,0x00007f1624c76000] [id=30537]

VM state:at safepoint (normal execution)

VM Mutex/Monitor currently owned by a thread:  ([mutex/lock_event])
[0x00007f1628006420] Threads_lock - owner thread: 0x00007f1628071000
[0x00007f1628006920] Heap_lock - owner thread: 0x00007f162800a000

Heap
 PSYoungGen      total 65536K, used 0K [0x00000000ebe80000, 0x00000000f3e80000, 0x0000000100000000)
  eden space 63488K, 0% used [0x00000000ebe80000,0x00000000ebe80000,0x00000000efc80000)
  from space 2048K, 0% used [0x00000000efc80000,0x00000000efc80000,0x00000000efe80000)
  to   space 2048K, 0% used [0x00000000f3c80000,0x00000000f3c80000,0x00000000f3e80000)
 ParOldGen       total 81408K, used 66103K [0x00000000c3c00000, 0x00000000c8b80000, 0x00000000ebe80000)
  object space 81408K, 81% used [0x00000000c3c00000,0x00000000c7c8dee8,0x00000000c8b80000)
 PSPermGen       total 21504K, used 3490K [0x00000000b9600000, 0x00000000bab00000, 0x00000000c3c00000)
  object space 21504K, 16% used [0x00000000b9600000,0x00000000b9968bf0,0x00000000bab00000)

Card table byte_map: [0x00007f1624dca000,0x00007f1625000000] byte_map_base: 0x00007f16247ff000

Polling page: 0x00007f162f63d000

Code Cache  [0x00007f1625000000, 0x00007f1625270000, 0x00007f1628000000)
 total_blobs=202 nmethods=12 adapters=145 free_code_cache=48753Kb largest_free_block=49910080

Compilation events (10 events):
Event: 14.950 Thread 0x00007f16280a1000    8             java.util.ArrayList::access$200 (5 bytes)
Event: 14.951 Thread 0x00007f16280a1000 nmethod 8 0x00007f1625060410 code [0x00007f1625060540, 0x00007f1625060598]
Event: 14.952 Thread 0x00007f16280a1000    9 %           dynamicprogramming.boxstacking.JarjestaLaatikot::JarjestaAlanMukaan @ 39 (196 bytes)
Event: 14.963 Thread 0x00007f162809e800   10             java.lang.Object::<init> (1 bytes)
Event: 14.964 Thread 0x00007f162809e800 nmethod 10 0x00007f1625064c10 code [0x00007f1625064d40, 0x00007f1625064db8]
Event: 14.974 Thread 0x00007f16280a1000 nmethod 9% 0x00007f16250638d0 code [0x00007f1625063ac0, 0x00007f1625064410]
Event: 14.975 Thread 0x00007f162809e800   11             java.util.ArrayList$Itr::<init> (6 bytes)
Event: 14.976 Thread 0x00007f162809e800 nmethod 11 0x00007f1625063650 code [0x00007f1625063780, 0x00007f1625063818]
Event: 14.976 Thread 0x00007f162809e800   12             java.util.ArrayList$Itr::<init> (26 bytes)
Event: 14.977 Thread 0x00007f162809e800 nmethod 12 0x00007f1625063390 code [0x00007f16250634c0, 0x00007f1625063558]

GC Heap History (10 events):
Event: 15.136 GC heap after
Heap after GC invocations=3 (full 0):
 PSYoungGen      total 18432K, used 384K [0x00000000ebe80000, 0x00000000ee280000, 0x0000000100000000)
  eden space 15872K, 0% used [0x00000000ebe80000,0x00000000ebe80000,0x00000000ece00000)
  from space 2560K, 15% used [0x00000000ece00000,0x00000000ece60000,0x00000000ed080000)
  to   space 2560K, 0% used [0x00000000ee000000,0x00000000ee000000,0x00000000ee280000)
 ParOldGen       total 40960K, used 7913K [0x00000000c3c00000, 0x00000000c6400000, 0x00000000ebe80000)
  object space 40960K, 19% used [0x00000000c3c00000,0x00000000c43ba578,0x00000000c6400000)
 PSPermGen       total 21504K, used 3490K [0x00000000b9600000, 0x00000000bab00000, 0x00000000c3c00000)
  object space 21504K, 16% used [0x00000000b9600000,0x00000000b9968bf0,0x00000000bab00000)
}
Event: 15.165 GC heap before
{Heap before GC invocations=4 (full 0):
 PSYoungGen      total 18432K, used 16256K [0x00000000ebe80000, 0x00000000ee280000, 0x0000000100000000)
  eden space 15872K, 100% used [0x00000000ebe80000,0x00000000ece00000,0x00000000ece00000)
  from space 2560K, 15% used [0x00000000ece00000,0x00000000ece60000,0x00000000ed080000)
  to   space 2560K, 0% used [0x00000000ee000000,0x00000000ee000000,0x00000000ee280000)
 ParOldGen       total 40960K, used 7913K [0x00000000c3c00000, 0x00000000c6400000, 0x00000000ebe80000)
  object space 40960K, 19% used [0x00000000c3c00000,0x00000000c43ba578,0x00000000c6400000)
 PSPermGen       total 21504K, used 3490K [0x00000000b9600000, 0x00000000bab00000, 0x00000000c3c00000)
  object space 21504K, 16% used [0x00000000b9600000,0x00000000b9968bf0,0x00000000bab00000)
Event: 15.228 GC heap after
Heap after GC invocations=4 (full 0):
 PSYoungGen      total 34304K, used 336K [0x00000000ebe80000, 0x00000000ee280000, 0x0000000100000000)
  eden space 31744K, 0% used [0x00000000ebe80000,0x00000000ebe80000,0x00000000edd80000)
  from space 2560K, 13% used [0x00000000ee000000,0x00000000ee054010,0x00000000ee280000)
  to   space 2560K, 0% used [0x00000000edd80000,0x00000000edd80000,0x00000000ee000000)
 ParOldGen       total 40960K, used 15035K [0x00000000c3c00000, 0x00000000c6400000, 0x00000000ebe80000)
  object space 40960K, 36% used [0x00000000c3c00000,0x00000000c4aaed80,0x00000000c6400000)
 PSPermGen       total 21504K, used 3490K [0x00000000b9600000, 0x00000000bab00000, 0x00000000c3c00000)
  object space 21504K, 16% used [0x00000000b9600000,0x00000000b9968bf0,0x00000000bab00000)
}
Event: 15.294 GC heap before
{Heap before GC invocations=5 (full 0):
 PSYoungGen      total 34304K, used 32080K [0x00000000ebe80000, 0x00000000ee280000, 0x0000000100000000)
  eden space 31744K, 100% used [0x00000000ebe80000,0x00000000edd80000,0x00000000edd80000)
  from space 2560K, 13% used [0x00000000ee000000,0x00000000ee054010,0x00000000ee280000)
  to   space 2560K, 0% used [0x00000000edd80000,0x00000000edd80000,0x00000000ee000000)
 ParOldGen       total 40960K, used 15035K [0x00000000c3c00000, 0x00000000c6400000, 0x00000000ebe80000)
  object space 40960K, 36% used [0x00000000c3c00000,0x00000000c4aaed80,0x00000000c6400000)
 PSPermGen       total 21504K, used 3490K [0x00000000b9600000, 0x00000000bab00000, 0x00000000c3c00000)
  object space 21504K, 16% used [0x00000000b9600000,0x00000000b9968bf0,0x00000000bab00000)
Event: 15.355 GC heap after
Heap after GC invocations=5 (full 0):
 PSYoungGen      total 34304K, used 336K [0x00000000ebe80000, 0x00000000f0080000, 0x0000000100000000)
  eden space 31744K, 0% used [0x00000000ebe80000,0x00000000ebe80000,0x00000000edd80000)
  from space 2560K, 13% used [0x00000000edd80000,0x00000000eddd4010,0x00000000ee000000)
  to   space 2048K, 0% used [0x00000000efe80000,0x00000000efe80000,0x00000000f0080000)
 ParOldGen       total 40960K, used 25718K [0x00000000c3c00000, 0x00000000c6400000, 0x00000000ebe80000)
  object space 40960K, 62% used [0x00000000c3c00000,0x00000000c551d988,0x00000000c6400000)
 PSPermGen       total 21504K, used 3490K [0x00000000b9600000, 0x00000000bab00000, 0x00000000c3c00000)
  object space 21504K, 16% used [0x00000000b9600000,0x00000000b9968bf0,0x00000000bab00000)
}
Event: 15.453 GC heap before
{Heap before GC invocations=6 (full 0):
 PSYoungGen      total 34304K, used 32080K [0x00000000ebe80000, 0x00000000f0080000, 0x0000000100000000)
  eden space 31744K, 100% used [0x00000000ebe80000,0x00000000edd80000,0x00000000edd80000)
  from space 2560K, 13% used [0x00000000edd80000,0x00000000eddd4010,0x00000000ee000000)
  to   space 2048K, 0% used [0x00000000efe80000,0x00000000efe80000,0x00000000f0080000)
 ParOldGen       total 57344K, used 41742K [0x00000000c3c00000, 0x00000000c7400000, 0x00000000ebe80000)
  object space 57344K, 72% used [0x00000000c3c00000,0x00000000c64c3b88,0x00000000c7400000)
 PSPermGen       total 21504K, used 3490K [0x00000000b9600000, 0x00000000bab00000, 0x00000000c3c00000)
  object space 21504K, 16% used [0x00000000b9600000,0x00000000b9968bf0,0x00000000bab00000)
Event: 15.523 GC heap after
Heap after GC invocations=6 (full 0):
 PSYoungGen      total 65536K, used 336K [0x00000000ebe80000, 0x00000000f0080000, 0x0000000100000000)
  eden space 63488K, 0% used [0x00000000ebe80000,0x00000000ebe80000,0x00000000efc80000)
  from space 2048K, 16% used [0x00000000efe80000,0x00000000efed4010,0x00000000f0080000)
  to   space 2048K, 0% used [0x00000000efc80000,0x00000000efc80000,0x00000000efe80000)
 ParOldGen       total 57344K, used 41742K [0x00000000c3c00000, 0x00000000c7400000, 0x00000000ebe80000)
  object space 57344K, 72% used [0x00000000c3c00000,0x00000000c64c3b88,0x00000000c7400000)
 PSPermGen       total 21504K, used 3490K [0x00000000b9600000, 0x00000000bab00000, 0x00000000c3c00000)
  object space 21504K, 16% used [0x00000000b9600000,0x00000000b9968bf0,0x00000000bab00000)
}
Event: 15.655 GC heap before
{Heap before GC invocations=7 (full 0):
 PSYoungGen      total 65536K, used 63824K [0x00000000ebe80000, 0x00000000f0080000, 0x0000000100000000)
  eden space 63488K, 100% used [0x00000000ebe80000,0x00000000efc80000,0x00000000efc80000)
  from space 2048K, 16% used [0x00000000efe80000,0x00000000efed4010,0x00000000f0080000)
  to   space 2048K, 0% used [0x00000000efc80000,0x00000000efc80000,0x00000000efe80000)
 ParOldGen       total 57344K, used 41742K [0x00000000c3c00000, 0x00000000c7400000, 0x00000000ebe80000)
  object space 57344K, 72% used [0x00000000c3c00000,0x00000000c64c3b88,0x00000000c7400000)
 PSPermGen       total 21504K, used 3490K [0x00000000b9600000, 0x00000000bab00000, 0x00000000c3c00000)
  object space 21504K, 16% used [0x00000000b9600000,0x00000000b9968bf0,0x00000000bab00000)
Event: 15.769 GC heap after
Heap after GC invocations=7 (full 0):
 PSYoungGen      total 65536K, used 0K [0x00000000ebe80000, 0x00000000f3e80000, 0x0000000100000000)
  eden space 63488K, 0% used [0x00000000ebe80000,0x00000000ebe80000,0x00000000efc80000)
  from space 2048K, 0% used [0x00000000efc80000,0x00000000efc80000,0x00000000efe80000)
  to   space 2048K, 0% used [0x00000000f3c80000,0x00000000f3c80000,0x00000000f3e80000)
 ParOldGen       total 81408K, used 66103K [0x00000000c3c00000, 0x00000000c8b80000, 0x00000000ebe80000)
  object space 81408K, 81% used [0x00000000c3c00000,0x00000000c7c8dee8,0x00000000c8b80000)
 PSPermGen       total 21504K, used 3490K [0x00000000b9600000, 0x00000000bab00000, 0x00000000c3c00000)
  object space 21504K, 16% used [0x00000000b9600000,0x00000000b9968bf0,0x00000000bab00000)
}
Event: 15.769 GC heap before
{Heap before GC invocations=8 (full 1):
 PSYoungGen      total 65536K, used 0K [0x00000000ebe80000, 0x00000000f3e80000, 0x0000000100000000)
  eden space 63488K, 0% used [0x00000000ebe80000,0x00000000ebe80000,0x00000000efc80000)
  from space 2048K, 0% used [0x00000000efc80000,0x00000000efc80000,0x00000000efe80000)
  to   space 2048K, 0% used [0x00000000f3c80000,0x00000000f3c80000,0x00000000f3e80000)
 ParOldGen       total 81408K, used 66103K [0x00000000c3c00000, 0x00000000c8b80000, 0x00000000ebe80000)
  object space 81408K, 81% used [0x00000000c3c00000,0x00000000c7c8dee8,0x00000000c8b80000)
 PSPermGen       total 21504K, used 3490K [0x00000000b9600000, 0x00000000bab00000, 0x00000000c3c00000)
  object space 21504K, 16% used [0x00000000b9600000,0x00000000b9968bf0,0x00000000bab00000)

Deoptimization events (0 events):
No events

Internal exceptions (10 events):
Event: 0.137 Thread 0x00007f162800a000 Threw 0x00000000ebec74d8 at /build/openjdk-7-FO0dNI/openjdk-7-7u79-2.5.6/build/openjdk/hotspot/src/share/vm/prims/jvm.cpp:1284
Event: 0.137 Thread 0x00007f162800a000 Threw 0x00000000ebec7600 at /build/openjdk-7-FO0dNI/openjdk-7-7u79-2.5.6/build/openjdk/hotspot/src/share/vm/prims/jvm.cpp:1284
Event: 0.138 Thread 0x00007f162800a000 Threw 0x00000000ebec9bf0 at /build/openjdk-7-FO0dNI/openjdk-7-7u79-2.5.6/build/openjdk/hotspot/src/share/vm/prims/jvm.cpp:1284
Event: 0.172 Thread 0x00007f162800a000 Threw 0x00000000ebf3b308 at /build/openjdk-7-FO0dNI/openjdk-7-7u79-2.5.6/build/openjdk/hotspot/src/share/vm/prims/jvm.cpp:1284
Event: 0.172 Thread 0x00007f162800a000 Threw 0x00000000ebf3b430 at /build/openjdk-7-FO0dNI/openjdk-7-7u79-2.5.6/build/openjdk/hotspot/src/share/vm/prims/jvm.cpp:1284
Event: 0.172 Thread 0x00007f162800a000 Threw 0x00000000ebf3d9e0 at /build/openjdk-7-FO0dNI/openjdk-7-7u79-2.5.6/build/openjdk/hotspot/src/share/vm/prims/jvm.cpp:1284
Event: 0.172 Thread 0x00007f162800a000 Threw 0x00000000ebf3db08 at /build/openjdk-7-FO0dNI/openjdk-7-7u79-2.5.6/build/openjdk/hotspot/src/share/vm/prims/jvm.cpp:1284
Event: 0.173 Thread 0x00007f162800a000 Threw 0x00000000ebf3e408 at /build/openjdk-7-FO0dNI/openjdk-7-7u79-2.5.6/build/openjdk/hotspot/src/share/vm/prims/jvm.cpp:1284
Event: 0.173 Thread 0x00007f162800a000 Threw 0x00000000ebf3e530 at /build/openjdk-7-FO0dNI/openjdk-7-7u79-2.5.6/build/openjdk/hotspot/src/share/vm/prims/jvm.cpp:1284
Event: 14.927 Thread 0x00007f162800a000 Threw 0x00000000ebf8d3f0 at /build/openjdk-7-FO0dNI/openjdk-7-7u79-2.5.6/build/openjdk/hotspot/src/share/vm/prims/jvm.cpp:1284

Events (10 events):
Event: 15.064 Executing VM operation: ParallelGCFailedAllocation done
Event: 15.095 Executing VM operation: ParallelGCFailedAllocation
Event: 15.136 Executing VM operation: ParallelGCFailedAllocation done
Event: 15.165 Executing VM operation: ParallelGCFailedAllocation
Event: 15.228 Executing VM operation: ParallelGCFailedAllocation done
Event: 15.294 Executing VM operation: ParallelGCFailedAllocation
Event: 15.355 Executing VM operation: ParallelGCFailedAllocation done
Event: 15.453 Executing VM operation: ParallelGCFailedAllocation
Event: 15.523 Executing VM operation: ParallelGCFailedAllocation done
Event: 15.655 Executing VM operation: ParallelGCFailedAllocation


Dynamic libraries:
00400000-00401000 r-xp 00000000 08:01 18748823                           /usr/lib/jvm/java-7-openjdk-amd64/jre/bin/java
00600000-00601000 r--p 00000000 08:01 18748823                           /usr/lib/jvm/java-7-openjdk-amd64/jre/bin/java
00601000-00602000 rw-p 00001000 08:01 18748823                           /usr/lib/jvm/java-7-openjdk-amd64/jre/bin/java
00a22000-00a43000 rw-p 00000000 00:00 0                                  [heap]
b9600000-bab00000 rw-p 00000000 00:00 0 
bab00000-c3c00000 rw-p 00000000 00:00 0 
c3c00000-c8b80000 rw-p 00000000 00:00 0 
c8b80000-ebe80000 rw-p 00000000 00:00 0 
ebe80000-f3e80000 rw-p 00000000 00:00 0 
f3e80000-100000000 rw-p 00000000 00:00 0 
7f15f4000000-7f15f4021000 rw-p 00000000 00:00 0 
7f15f4021000-7f15f8000000 ---p 00000000 00:00 0 
7f15fc000000-7f15fc13b000 rw-p 00000000 00:00 0 
7f15fc13b000-7f1600000000 ---p 00000000 00:00 0 
7f1600000000-7f1600021000 rw-p 00000000 00:00 0 
7f1600021000-7f1604000000 ---p 00000000 00:00 0 
7f1604000000-7f1604021000 rw-p 00000000 00:00 0 
7f1604021000-7f1608000000 ---p 00000000 00:00 0 
7f1608000000-7f1608077000 rw-p 00000000 00:00 0 
7f1608077000-7f160c000000 ---p 00000000 00:00 0 
7f160c000000-7f160c021000 rw-p 00000000 00:00 0 
7f160c021000-7f1610000000 ---p 00000000 00:00 0 
7f1610000000-7f1610021000 rw-p 00000000 00:00 0 
7f1610021000-7f1614000000 ---p 00000000 00:00 0 
7f1614000000-7f1614537000 rw-p 00000000 00:00 0 
7f1614537000-7f1618000000 ---p 00000000 00:00 0 
7f1618000000-7f1618021000 rw-p 00000000 00:00 0 
7f1618021000-7f161c000000 ---p 00000000 00:00 0 
7f161c000000-7f161c55c000 rw-p 00000000 00:00 0 
7f161c55c000-7f1620000000 ---p 00000000 00:00 0 
7f1620d8f000-7f1620d90000 ---p 00000000 00:00 0 
7f1620d90000-7f1620e90000 rw-p 00000000 00:00 0                          [stack:30545]
7f1620e90000-7f1620e93000 ---p 00000000 00:00 0 
7f1620e93000-7f1620f91000 rw-p 00000000 00:00 0                          [stack:30544]
7f1620f91000-7f1620f94000 ---p 00000000 00:00 0 
7f1620f94000-7f1621092000 rw-p 00000000 00:00 0                          [stack:30543]
7f1621092000-7f1621095000 ---p 00000000 00:00 0 
7f1621095000-7f1621193000 rw-p 00000000 00:00 0                          [stack:30542]
7f1621193000-7f1621196000 ---p 00000000 00:00 0 
7f1621196000-7f1621294000 rw-p 00000000 00:00 0                          [stack:30541]
7f1621294000-7f162168e000 r--p 00000000 08:01 15215308                   /usr/lib/locale/locale-archive
7f162168e000-7f1621691000 ---p 00000000 00:00 0 
7f1621691000-7f162178f000 rw-p 00000000 00:00 0                          [stack:30540]
7f162178f000-7f1621792000 ---p 00000000 00:00 0 
7f1621792000-7f1621890000 rw-p 00000000 00:00 0                          [stack:30539]
7f1621890000-7f1621891000 ---p 00000000 00:00 0 
7f1621891000-7f1622346000 rw-p 00000000 00:00 0                          [stack:30538]
7f1622346000-7f16224f7000 r--s 01d29000 08:01 18743474                   /usr/lib/jvm/java-7-openjdk-amd64/jre/lib/rt.jar
7f16224f7000-7f1624b75000 rw-p 00000000 00:00 0 
7f1624b75000-7f1624b76000 ---p 00000000 00:00 0 
7f1624b76000-7f1624c76000 rw-p 00000000 00:00 0                          [stack:30537]
7f1624c76000-7f1624c77000 ---p 00000000 00:00 0 
7f1624c77000-7f1624d82000 rw-p 00000000 00:00 0                          [stack:30536]
7f1624d82000-7f1624dca000 rw-p 00000000 00:00 0 
7f1624dca000-7f1624dd5000 rw-p 00000000 00:00 0 
7f1624dd5000-7f1624e1d000 rw-p 00000000 00:00 0 
7f1624e1d000-7f1624e45000 rw-p 00000000 00:00 0 
7f1624e45000-7f1624f5e000 rw-p 00000000 00:00 0 
7f1624f5e000-7f1624f9f000 rw-p 00000000 00:00 0 
7f1624f9f000-7f1624fff000 rw-p 00000000 00:00 0 
7f1624fff000-7f1625000000 rw-p 00000000 00:00 0 
7f1625000000-7f1625270000 rwxp 00000000 00:00 0 
7f1625270000-7f162812d000 rw-p 00000000 00:00 0 
7f162812d000-7f162c000000 ---p 00000000 00:00 0 
7f162c01e000-7f162c046000 rw-p 00000000 00:00 0 
7f162c046000-7f162c160000 rw-p 00000000 00:00 0 
7f162c160000-7f162c168000 r-xp 00000000 08:01 18748636                   /usr/lib/jvm/java-7-openjdk-amd64/jre/lib/amd64/libzip.so
7f162c168000-7f162c367000 ---p 00008000 08:01 18748636                   /usr/lib/jvm/java-7-openjdk-amd64/jre/lib/amd64/libzip.so
7f162c367000-7f162c368000 r--p 00007000 08:01 18748636                   /usr/lib/jvm/java-7-openjdk-amd64/jre/lib/amd64/libzip.so
7f162c368000-7f162c369000 rw-p 00008000 08:01 18748636                   /usr/lib/jvm/java-7-openjdk-amd64/jre/lib/amd64/libzip.so
7f162c369000-7f162c374000 r-xp 00000000 08:01 11801604                   /lib/x86_64-linux-gnu/libnss_files-2.19.so
7f162c374000-7f162c573000 ---p 0000b000 08:01 11801604                   /lib/x86_64-linux-gnu/libnss_files-2.19.so
7f162c573000-7f162c574000 r--p 0000a000 08:01 11801604                   /lib/x86_64-linux-gnu/libnss_files-2.19.so
7f162c574000-7f162c575000 rw-p 0000b000 08:01 11801604                   /lib/x86_64-linux-gnu/libnss_files-2.19.so
7f162c575000-7f162c580000 r-xp 00000000 08:01 11801624                   /lib/x86_64-linux-gnu/libnss_nis-2.19.so
7f162c580000-7f162c77f000 ---p 0000b000 08:01 11801624                   /lib/x86_64-linux-gnu/libnss_nis-2.19.so
7f162c77f000-7f162c780000 r--p 0000a000 08:01 11801624                   /lib/x86_64-linux-gnu/libnss_nis-2.19.so
7f162c780000-7f162c781000 rw-p 0000b000 08:01 11801624                   /lib/x86_64-linux-gnu/libnss_nis-2.19.so
7f162c781000-7f162c798000 r-xp 00000000 08:01 11801613                   /lib/x86_64-linux-gnu/libnsl-2.19.so
7f162c798000-7f162c997000 ---p 00017000 08:01 11801613                   /lib/x86_64-linux-gnu/libnsl-2.19.so
7f162c997000-7f162c998000 r--p 00016000 08:01 11801613                   /lib/x86_64-linux-gnu/libnsl-2.19.so
7f162c998000-7f162c999000 rw-p 00017000 08:01 11801613                   /lib/x86_64-linux-gnu/libnsl-2.19.so
7f162c999000-7f162c99b000 rw-p 00000000 00:00 0 
7f162c99b000-7f162c9a4000 r-xp 00000000 08:01 11801612                   /lib/x86_64-linux-gnu/libnss_compat-2.19.so
7f162c9a4000-7f162cba3000 ---p 00009000 08:01 11801612                   /lib/x86_64-linux-gnu/libnss_compat-2.19.so
7f162cba3000-7f162cba4000 r--p 00008000 08:01 11801612                   /lib/x86_64-linux-gnu/libnss_compat-2.19.so
7f162cba4000-7f162cba5000 rw-p 00009000 08:01 11801612                   /lib/x86_64-linux-gnu/libnss_compat-2.19.so
7f162cba5000-7f162cbd0000 r-xp 00000000 08:01 18748677                   /usr/lib/jvm/java-7-openjdk-amd64/jre/lib/amd64/libjava.so
7f162cbd0000-7f162cdcf000 ---p 0002b000 08:01 18748677                   /usr/lib/jvm/java-7-openjdk-amd64/jre/lib/amd64/libjava.so
7f162cdcf000-7f162cdd0000 r--p 0002a000 08:01 18748677                   /usr/lib/jvm/java-7-openjdk-amd64/jre/lib/amd64/libjava.so
7f162cdd0000-7f162cdd2000 rw-p 0002b000 08:01 18748677                   /usr/lib/jvm/java-7-openjdk-amd64/jre/lib/amd64/libjava.so
7f162cdd2000-7f162cde2000 r-xp 00000000 08:01 18748653                   /usr/lib/jvm/java-7-openjdk-amd64/jre/lib/amd64/libverify.so
7f162cde2000-7f162cfe1000 ---p 00010000 08:01 18748653                   /usr/lib/jvm/java-7-openjdk-amd64/jre/lib/amd64/libverify.so
7f162cfe1000-7f162cfe3000 r--p 0000f000 08:01 18748653                   /usr/lib/jvm/java-7-openjdk-amd64/jre/lib/amd64/libverify.so
7f162cfe3000-7f162cfe4000 rw-p 00011000 08:01 18748653                   /usr/lib/jvm/java-7-openjdk-amd64/jre/lib/amd64/libverify.so
7f162cfe4000-7f162cfeb000 r-xp 00000000 08:01 11801621                   /lib/x86_64-linux-gnu/librt-2.19.so
7f162cfeb000-7f162d1ea000 ---p 00007000 08:01 11801621                   /lib/x86_64-linux-gnu/librt-2.19.so
7f162d1ea000-7f162d1eb000 r--p 00006000 08:01 11801621                   /lib/x86_64-linux-gnu/librt-2.19.so
7f162d1eb000-7f162d1ec000 rw-p 00007000 08:01 11801621                   /lib/x86_64-linux-gnu/librt-2.19.so
7f162d1ec000-7f162d202000 r-xp 00000000 08:01 11798405                   /lib/x86_64-linux-gnu/libgcc_s.so.1
7f162d202000-7f162d401000 ---p 00016000 08:01 11798405                   /lib/x86_64-linux-gnu/libgcc_s.so.1
7f162d401000-7f162d402000 rw-p 00015000 08:01 11798405                   /lib/x86_64-linux-gnu/libgcc_s.so.1
7f162d402000-7f162d507000 r-xp 00000000 08:01 11801603                   /lib/x86_64-linux-gnu/libm-2.19.so
7f162d507000-7f162d706000 ---p 00105000 08:01 11801603                   /lib/x86_64-linux-gnu/libm-2.19.so
7f162d706000-7f162d707000 r--p 00104000 08:01 11801603                   /lib/x86_64-linux-gnu/libm-2.19.so
7f162d707000-7f162d708000 rw-p 00105000 08:01 11801603                   /lib/x86_64-linux-gnu/libm-2.19.so
7f162d708000-7f162d7ee000 r-xp 00000000 08:01 15212410                   /usr/lib/x86_64-linux-gnu/libstdc++.so.6.0.19
7f162d7ee000-7f162d9ed000 ---p 000e6000 08:01 15212410                   /usr/lib/x86_64-linux-gnu/libstdc++.so.6.0.19
7f162d9ed000-7f162d9f5000 r--p 000e5000 08:01 15212410                   /usr/lib/x86_64-linux-gnu/libstdc++.so.6.0.19
7f162d9f5000-7f162d9f7000 rw-p 000ed000 08:01 15212410                   /usr/lib/x86_64-linux-gnu/libstdc++.so.6.0.19
7f162d9f7000-7f162da0c000 rw-p 00000000 00:00 0 
7f162da0c000-7f162e525000 r-xp 00000000 08:01 18748641                   /usr/lib/jvm/java-7-openjdk-amd64/jre/lib/amd64/server/libjvm.so
7f162e525000-7f162e725000 ---p 00b19000 08:01 18748641                   /usr/lib/jvm/java-7-openjdk-amd64/jre/lib/amd64/server/libjvm.so
7f162e725000-7f162e7bf000 r--p 00b19000 08:01 18748641                   /usr/lib/jvm/java-7-openjdk-amd64/jre/lib/amd64/server/libjvm.so
7f162e7bf000-7f162e7e2000 rw-p 00bb3000 08:01 18748641                   /usr/lib/jvm/java-7-openjdk-amd64/jre/lib/amd64/server/libjvm.so
7f162e7e2000-7f162e810000 rw-p 00000000 00:00 0 
7f162e810000-7f162e828000 r-xp 00000000 08:01 11800098                   /lib/x86_64-linux-gnu/libz.so.1.2.8
7f162e828000-7f162ea27000 ---p 00018000 08:01 11800098                   /lib/x86_64-linux-gnu/libz.so.1.2.8
7f162ea27000-7f162ea28000 r--p 00017000 08:01 11800098                   /lib/x86_64-linux-gnu/libz.so.1.2.8
7f162ea28000-7f162ea29000 rw-p 00018000 08:01 11800098                   /lib/x86_64-linux-gnu/libz.so.1.2.8
7f162ea29000-7f162ea42000 r-xp 00000000 08:01 11801619                   /lib/x86_64-linux-gnu/libpthread-2.19.so
7f162ea42000-7f162ec41000 ---p 00019000 08:01 11801619                   /lib/x86_64-linux-gnu/libpthread-2.19.so
7f162ec41000-7f162ec42000 r--p 00018000 08:01 11801619                   /lib/x86_64-linux-gnu/libpthread-2.19.so
7f162ec42000-7f162ec43000 rw-p 00019000 08:01 11801619                   /lib/x86_64-linux-gnu/libpthread-2.19.so
7f162ec43000-7f162ec47000 rw-p 00000000 00:00 0 
7f162ec47000-7f162ec4a000 r-xp 00000000 08:01 11801607                   /lib/x86_64-linux-gnu/libdl-2.19.so
7f162ec4a000-7f162ee49000 ---p 00003000 08:01 11801607                   /lib/x86_64-linux-gnu/libdl-2.19.so
7f162ee49000-7f162ee4a000 r--p 00002000 08:01 11801607                   /lib/x86_64-linux-gnu/libdl-2.19.so
7f162ee4a000-7f162ee4b000 rw-p 00003000 08:01 11801607                   /lib/x86_64-linux-gnu/libdl-2.19.so
7f162ee4b000-7f162f006000 r-xp 00000000 08:01 11801618                   /lib/x86_64-linux-gnu/libc-2.19.so
7f162f006000-7f162f205000 ---p 001bb000 08:01 11801618                   /lib/x86_64-linux-gnu/libc-2.19.so
7f162f205000-7f162f209000 r--p 001ba000 08:01 11801618                   /lib/x86_64-linux-gnu/libc-2.19.so
7f162f209000-7f162f20b000 rw-p 001be000 08:01 11801618                   /lib/x86_64-linux-gnu/libc-2.19.so
7f162f20b000-7f162f210000 rw-p 00000000 00:00 0 
7f162f210000-7f162f21d000 r-xp 00000000 08:01 18748638                   /usr/lib/jvm/java-7-openjdk-amd64/jre/lib/amd64/jli/libjli.so
7f162f21d000-7f162f41c000 ---p 0000d000 08:01 18748638                   /usr/lib/jvm/java-7-openjdk-amd64/jre/lib/amd64/jli/libjli.so
7f162f41c000-7f162f41d000 r--p 0000c000 08:01 18748638                   /usr/lib/jvm/java-7-openjdk-amd64/jre/lib/amd64/jli/libjli.so
7f162f41d000-7f162f41e000 rw-p 0000d000 08:01 18748638                   /usr/lib/jvm/java-7-openjdk-amd64/jre/lib/amd64/jli/libjli.so
7f162f41e000-7f162f441000 r-xp 00000000 08:01 11801615                   /lib/x86_64-linux-gnu/ld-2.19.so
7f162f442000-7f162f443000 rw-p 00000000 00:00 0 
7f162f443000-7f162f447000 r--s 00034000 08:01 18748625                   /usr/lib/jvm/java-7-openjdk-amd64/jre/lib/ext/sunjce_provider.jar
7f162f447000-7f162f44b000 r--s 0003c000 08:01 18748626                   /usr/lib/jvm/java-7-openjdk-amd64/jre/lib/ext/sunpkcs11.jar
7f162f44b000-7f162f455000 rw-p 00000000 00:00 0 
7f162f455000-7f162f50b000 rw-p 00000000 00:00 0 
7f162f50b000-7f162f50e000 ---p 00000000 00:00 0 
7f162f50e000-7f162f611000 rw-p 00000000 00:00 0                          [stack:30532]
7f162f611000-7f162f614000 r--s 0000f000 08:01 18748627                   /usr/lib/jvm/java-7-openjdk-amd64/jre/lib/ext/icedtea-sound.jar
7f162f614000-7f162f616000 r--s 00006000 08:01 15606275                   /usr/share/java/java-atk-wrapper.jar
7f162f616000-7f162f61a000 r--s 00085000 08:01 18748621                   /usr/lib/jvm/java-7-openjdk-amd64/jre/lib/ext/localedata.jar
7f162f61a000-7f162f61b000 r--s 00002000 08:01 18748624                   /usr/lib/jvm/java-7-openjdk-amd64/jre/lib/ext/dnsns.jar
7f162f61b000-7f162f61d000 r--s 00012000 08:01 18748628                   /usr/lib/jvm/java-7-openjdk-amd64/jre/lib/ext/zipfs.jar
7f162f61d000-7f162f634000 rw-p 00000000 00:00 0 
7f162f634000-7f162f63c000 rw-s 00000000 08:01 19147434                   /tmp/hsperfdata_ilari/30531
7f162f63c000-7f162f63d000 rw-p 00000000 00:00 0 
7f162f63d000-7f162f63e000 ---p 00000000 00:00 0 
7f162f63e000-7f162f640000 rw-p 00000000 00:00 0 
7f162f640000-7f162f641000 r--p 00022000 08:01 11801615                   /lib/x86_64-linux-gnu/ld-2.19.so
7f162f641000-7f162f642000 rw-p 00023000 08:01 11801615                   /lib/x86_64-linux-gnu/ld-2.19.so
7f162f642000-7f162f643000 rw-p 00000000 00:00 0 
7fff3ba69000-7fff3ba8a000 rw-p 00000000 00:00 0                          [stack]
7fff3bb5b000-7fff3bb5d000 r-xp 00000000 00:00 0                          [vdso]
ffffffffff600000-ffffffffff601000 r-xp 00000000 00:00 0                  [vsyscall]

VM Arguments:
java_command: dynamicprogramming.boxstacking.Main
Launcher Type: SUN_STANDARD

Environment Variables:
JAVA_HOME=/usr/lib/jvm/java-7-openjdk-amd64
PATH=/usr/local/sbin:/usr/local/bin:/usr/sbin:/usr/bin:/sbin:/bin:/usr/games:/usr/local/games
LD_LIBRARY_PATH=/usr/lib/jvm/java-7-openjdk-amd64/jre/lib/amd64:/usr/lib/jvm/java-7-openjdk-amd64/jre/lib/i386:
SHELL=/bin/bash
DISPLAY=:0.0

Signal Handlers:
SIGSEGV: [libjvm.so+0x94bab0], sa_mask[0]=0x7ffbfeff, sa_flags=0x10000004
SIGBUS: [libjvm.so+0x94bab0], sa_mask[0]=0x7ffbfeff, sa_flags=0x10000004
SIGFPE: [libjvm.so+0x7c38b0], sa_mask[0]=0x7ffbfeff, sa_flags=0x10000004
SIGPIPE: [libjvm.so+0x7c38b0], sa_mask[0]=0x7ffbfeff, sa_flags=0x10000004
SIGXFSZ: [libjvm.so+0x7c38b0], sa_mask[0]=0x7ffbfeff, sa_flags=0x10000004
SIGILL: [libjvm.so+0x7c38b0], sa_mask[0]=0x7ffbfeff, sa_flags=0x10000004
SIGUSR1: SIG_DFL, sa_mask[0]=0x00000000, sa_flags=0x00000000
SIGUSR2: [libjvm.so+0x7c3750], sa_mask[0]=0x00000004, sa_flags=0x10000004
SIGHUP: [libjvm.so+0x7c3930], sa_mask[0]=0x7ffbfeff, sa_flags=0x10000004
SIGINT: SIG_IGN, sa_mask[0]=0x00000000, sa_flags=0x00000000
SIGTERM: [libjvm.so+0x7c3930], sa_mask[0]=0x7ffbfeff, sa_flags=0x10000004
SIGQUIT: [libjvm.so+0x7c3930], sa_mask[0]=0x7ffbfeff, sa_flags=0x10000004
SIGTRAP: SIG_DFL, sa_mask[0]=0x00000000, sa_flags=0x00000000


---------------  S Y S T E M  ---------------

OS:Ubuntu 14.04 (trusty)
uname:Linux 3.13.0-61-lowlatency #100-Ubuntu SMP PREEMPT Wed Jul 29 11:57:17 UTC 2015 x86_64
libc:glibc 2.19 NPTL 2.19 
rlimit: STACK 8192k, CORE 0k, NPROC 30588, NOFILE 4096, AS infinity
load average:0.77 0.75 0.79

/proc/meminfo:
MemTotal:        3946324 kB
MemFree:          575264 kB
Buffers:           83208 kB
Cached:           809948 kB
SwapCached:          272 kB
Active:          1869044 kB
Inactive:        1042672 kB
Active(anon):    1442456 kB
Inactive(anon):   732852 kB
Active(file):     426588 kB
Inactive(file):   309820 kB
Unevictable:          32 kB
Mlocked:              32 kB
SwapTotal:       4090876 kB
SwapFree:        4086368 kB
Dirty:               400 kB
Writeback:             0 kB
AnonPages:       2018404 kB
Mapped:           182424 kB
Shmem:            156732 kB
Slab:             358364 kB
SReclaimable:     282156 kB
SUnreclaim:        76208 kB
KernelStack:        4360 kB
PageTables:        34736 kB
NFS_Unstable:          0 kB
Bounce:                0 kB
WritebackTmp:          0 kB
CommitLimit:     6064036 kB
Committed_AS:    5004584 kB
VmallocTotal:   34359738367 kB
VmallocUsed:      543792 kB
VmallocChunk:   34359172012 kB
HardwareCorrupted:     0 kB
AnonHugePages:    821248 kB
HugePages_Total:       0
HugePages_Free:        0
HugePages_Rsvd:        0
HugePages_Surp:        0
Hugepagesize:       2048 kB
DirectMap4k:       92824 kB
DirectMap2M:     3999744 kB


CPU:total 2 (2 cores per cpu, 1 threads per core) family 6 model 23 stepping 10, cmov, cx8, fxsr, mmx, sse, sse2, sse3, ssse3, tsc

/proc/cpuinfo:
processor	: 0
vendor_id	: GenuineIntel
cpu family	: 6
model		: 23
model name	: Celeron(R) Dual-Core CPU       T3100  @ 1.90GHz
stepping	: 10
microcode	: 0xa0b
cpu MHz		: 1895.462
cache size	: 1024 KB
physical id	: 0
siblings	: 2
core id		: 0
cpu cores	: 2
apicid		: 0
initial apicid	: 0
fpu		: yes
fpu_exception	: yes
cpuid level	: 13
wp		: yes
flags		: fpu vme de pse tsc msr pae mce cx8 apic sep mtrr pge mca cmov pat pse36 clflush dts acpi mmx fxsr sse sse2 ss ht tm pbe syscall nx lm constant_tsc arch_perfmon pebs bts nopl aperfmperf pni dtes64 monitor ds_cpl tm2 ssse3 cx16 xtpr pdcm xsave lahf_lm dtherm
bogomips	: 3790.92
clflush size	: 64
cache_alignment	: 64
address sizes	: 36 bits physical, 48 bits virtual
power management:

processor	: 1
vendor_id	: GenuineIntel
cpu family	: 6
model		: 23
model name	: Celeron(R) Dual-Core CPU       T3100  @ 1.90GHz
stepping	: 10
microcode	: 0xa0b
cpu MHz		: 1895.462
cache size	: 1024 KB
physical id	: 0
siblings	: 2
core id		: 1
cpu cores	: 2
apicid		: 1
initial apicid	: 1
fpu		: yes
fpu_exception	: yes
cpuid level	: 13
wp		: yes
flags		: fpu vme de pse tsc msr pae mce cx8 apic sep mtrr pge mca cmov pat pse36 clflush dts acpi mmx fxsr sse sse2 ss ht tm pbe syscall nx lm constant_tsc arch_perfmon pebs bts nopl aperfmperf pni dtes64 monitor ds_cpl tm2 ssse3 cx16 xtpr pdcm xsave lahf_lm dtherm
bogomips	: 3790.92
clflush size	: 64
cache_alignment	: 64
address sizes	: 36 bits physical, 48 bits virtual
power management:



Memory: 4k page, physical 3946324k(575264k free), swap 4090876k(4086368k free)

vm_info: OpenJDK 64-Bit Server VM (24.79-b02) for linux-amd64 JRE (1.7.0_79-b14), built on Jul 24 2015 08:15:54 by "buildd" with gcc 4.8.2

time: Thu Aug 13 22:57:01 2015
elapsed time: 15 seconds

