#
# A fatal error has been detected by the Java Runtime Environment:
#
#  SIGSEGV (0xb) at pc=0x00007ffa94e89ca9, pid=32638, tid=140714177402624
#
# JRE version: OpenJDK Runtime Environment (7.0_79-b14) (build 1.7.0_79-b14)
# Java VM: OpenJDK 64-Bit Server VM (24.79-b02 mixed mode linux-amd64 compressed oops)
# Derivative: IcedTea 2.5.6
# Distribution: Ubuntu 14.04 LTS, package 7u79-2.5.6-0ubuntu1.14.04.1
# Problematic frame:
# V  [libjvm.so+0x81fca9]  ParCompactionManager::follow_marking_stacks()+0xc49
#
# Failed to write core dump. Core dumps have been disabled. To enable core dumping, try "ulimit -c unlimited" before starting Java again
#
# If you would like to submit a bug report, please include
# instructions on how to reproduce the bug and visit:
#   http://icedtea.classpath.org/bugzilla
#

---------------  T H R E A D  ---------------

Current thread (0x00007ffa8c021800):  GCTaskThread [stack: 0x00007ffa927f1000,0x00007ffa928f2000] [id=32644]

siginfo:si_signo=SIGSEGV: si_errno=0, si_code=128 (), si_addr=0x0000000000000000

Registers:
RAX=0x0000000000000000, RBX=0x00000000cc665084, RCX=0x0000000000000000, RDX=0x0000000000000001
RSP=0x00007ffa928f0c80, RBP=0x00007ffa928f0d20, RSI=0x00007ffa904a1000, RDI=0x0000000000000000
R8 =0x0000000083c00000, R9 =0x0000000000000000, R10=0x007fffffffe53000, R11=0x0000000000000870
R12=0x0000000000000001, R13=0x00007ffa8c06e940, R14=0x00007ffa95452dc0, R15=0x00000000cc665870
RIP=0x00007ffa94e89ca9, EFLAGS=0x0000000000010206, CSGSFS=0x0000000000000033, ERR=0x0000000000000000
  TRAPNO=0x000000000000000d

Top of Stack: (sp=0x00007ffa928f0c80)
0x00007ffa928f0c80:   00007ffa8c06e9d0 00007ffa8c06ea00
0x00007ffa928f0c90:   00007ffa8c06e980 0000000001db55e3
0x00007ffa928f0ca0:   00007ffa954495c3 00007ffa8c06e950
0x00007ffa928f0cb0:   0000000000eb7600 0000000000000c00
0x00007ffa928f0cc0:   00000000c8b88060 0000000000000000
0x00007ffa928f0cd0:   000075bb00000001 00007ffa8c00a000
0x00007ffa928f0ce0:   000075bc00000001 00007ffa8c06e901
0x00007ffa928f0cf0:   00007ffa8c022030 00007ffa8c022020
0x00007ffa928f0d00:   00007ffa8c023f70 00007ffa8c06e940
0x00007ffa928f0d10:   00007ffa8c022030 00007ffa8c021ff0
0x00007ffa928f0d20:   00007ffa928f0dc0 00007ffa94e6f8e9
0x00007ffa928f0d30:   00000000000003d8 00007ffa928f0d50
0x00007ffa928f0d40:   00000000000003d8 00007ffa8c022408
0x00007ffa928f0d50:   00007ffa95416eb0 00007ffa8c021800
0x00007ffa928f0d60:   0000000000000000 00007ffa8c06e940
0x00007ffa928f0d70:   00007ffa9540eb90 00007ffa94df9f00
0x00007ffa928f0d80:   00007ffa928f0d50 00007ffa8c01f501
0x00007ffa928f0d90:   00007ffa928f0dc0 0000000000000001
0x00007ffa928f0da0:   00007ffa8c023f70 00007ffa95016676
0x00007ffa928f0db0:   00007ffa8c021800 00007ffa954493ea
0x00007ffa928f0dc0:   00007ffa928f0ed0 00007ffa94baf0e2
0x00007ffa928f0dd0:   00000000000003d8 00007ffa8c022408
0x00007ffa928f0de0:   00007ffa8c022030 00007ffa928f0e60
0x00007ffa928f0df0:   00007ffa8c021ff0 00007ffa8c022020
0x00007ffa928f0e00:   00007ffa928f0e10 0000000000000000
0x00007ffa928f0e10:   0000000000000000 00007ffa8c022d00
0x00007ffa928f0e20:   00007ffa8c021800 00007ffa8c022410
0x00007ffa928f0e30:   00007ffa8c022450 00007ffa8c022460
0x00007ffa928f0e40:   00007ffa8c022838 00000000000003d8
0x00007ffa928f0e50:   00007ffa8c022840 00007ffa8c0231b0
0x00007ffa928f0e60:   00007ffa8c021800 00007ffa8c022410
0x00007ffa928f0e70:   00007ffa8c022450 00007ffa8c022460 

Instructions: (pc=0x00007ffa94e89ca9)
0x00007ffa94e89c89:   8d 04 38 4c 89 c0 49 2b 06 48 c1 e8 03 48 d3 e8
0x00007ffa94e89c99:   49 89 c2 83 e0 3f 49 c1 ea 06 48 89 c1 48 d3 e2
0x00007ffa94e89ca9:   4a 23 14 d6 49 89 d4 75 96 48 8b 45 80 0f b6 10
0x00007ffa94e89cb9:   84 d2 0f 85 b7 01 00 00 49 8b 40 08 8b 48 18 48 

Register to memory mapping:

RAX=0x0000000000000000 is an unknown value
RBX=0x00000000cc665084 is pointing into object: 0x00000000c8b88060
[Ljava.lang.Object; 
 - klass: 'java/lang/Object'[]
 - length: 31151587
RCX=0x0000000000000000 is an unknown value
RDX=0x0000000000000001 is an unknown value
RSP=0x00007ffa928f0c80 is an unknown value
RBP=0x00007ffa928f0d20 is an unknown value
RSI=0x00007ffa904a1000 is an unknown value
RDI=0x0000000000000000 is an unknown value
R8 =0x0000000083c00000 is an unknown value
R9 =0x0000000000000000 is an unknown value
R10=0x007fffffffe53000 is an unknown value
R11=0x0000000000000870 is an unknown value
R12=0x0000000000000001 is an unknown value
R13=0x00007ffa8c06e940 is an unknown value
R14=0x00007ffa95452dc0: <offset 0xde8dc0> in /usr/lib/jvm/java-7-openjdk-amd64/jre/lib/amd64/server/libjvm.so at 0x00007ffa9466a000
R15=0x00000000cc665870 is pointing into object: 0x00000000c8b88060
[Ljava.lang.Object; 
 - klass: 'java/lang/Object'[]
 - length: 31151587


Stack: [0x00007ffa927f1000,0x00007ffa928f2000],  sp=0x00007ffa928f0c80,  free space=1023k
Native frames: (J=compiled Java code, j=interpreted, Vv=VM code, C=native code)
V  [libjvm.so+0x81fca9]  ParCompactionManager::follow_marking_stacks()+0xc49
V  [libjvm.so+0x8058e9]  ThreadRootsMarkingTask::do_it(GCTaskManager*, unsigned int)+0xd9
V  [libjvm.so+0x5450e2]  GCTaskThread::run()+0x162
V  [libjvm.so+0x7c4f62]  java_start(Thread*)+0xf2


---------------  P R O C E S S  ---------------

Java Threads: ( => current thread )
  0x00007ffa8c0a9800 JavaThread "Service Thread" daemon [_thread_blocked, id=32651, stack(0x00007ffa83a04000,0x00007ffa83b05000)]
  0x00007ffa8c0a7800 JavaThread "C2 CompilerThread1" daemon [_thread_blocked, id=32650, stack(0x00007ffa83b05000,0x00007ffa83c06000)]
  0x00007ffa8c0a4800 JavaThread "C2 CompilerThread0" daemon [_thread_blocked, id=32649, stack(0x00007ffa88100000,0x00007ffa88201000)]
  0x00007ffa8c0a2800 JavaThread "Signal Dispatcher" daemon [_thread_blocked, id=32648, stack(0x00007ffa88201000,0x00007ffa88302000)]
  0x00007ffa8c077800 JavaThread "Finalizer" daemon [_thread_blocked, id=32647, stack(0x00007ffa88302000,0x00007ffa88403000)]
  0x00007ffa8c075800 JavaThread "Reference Handler" daemon [_thread_blocked, id=32646, stack(0x00007ffa88403000,0x00007ffa88504000)]
  0x00007ffa8c00a000 JavaThread "main" [_thread_blocked, id=32639, stack(0x00007ffa96169000,0x00007ffa9626a000)]

Other Threads:
  0x00007ffa8c071000 VMThread [stack: 0x00007ffa88504000,0x00007ffa88605000] [id=32645]
  0x00007ffa8c0bc800 WatcherThread [stack: 0x00007ffa83903000,0x00007ffa83a04000] [id=32652]

=>0x00007ffa8c021800 (exited) GCTaskThread [stack: 0x00007ffa927f1000,0x00007ffa928f2000] [id=32644]

VM state:at safepoint (normal execution)

VM Mutex/Monitor currently owned by a thread:  ([mutex/lock_event])
[0x00007ffa8c006420] Threads_lock - owner thread: 0x00007ffa8c071000
[0x00007ffa8c006920] Heap_lock - owner thread: 0x00007ffa8c00a000

Heap
 PSYoungGen      total 177152K, used 0K [0x00000000ebe80000, 0x00000000fa400000, 0x0000000100000000)
  eden space 175616K, 0% used [0x00000000ebe80000,0x00000000ebe80000,0x00000000f6a00000)
  from space 1536K, 0% used [0x00000000f6a00000,0x00000000f6a00000,0x00000000f6b80000)
  to   space 1536K, 0% used [0x00000000fa280000,0x00000000fa280000,0x00000000fa400000)
 ParOldGen       total 298496K, used 203126K [0x00000000c3c00000, 0x00000000d5f80000, 0x00000000ebe80000)
  object space 298496K, 68% used [0x00000000c3c00000,0x00000000d025d800,0x00000000d5f80000)
 PSPermGen       total 21504K, used 3490K [0x00000000b9600000, 0x00000000bab00000, 0x00000000c3c00000)
  object space 21504K, 16% used [0x00000000b9600000,0x00000000b9968ae8,0x00000000bab00000)

Card table byte_map: [0x00007ffa92b88000,0x00007ffa92dbe000] byte_map_base: 0x00007ffa925bd000

Polling page: 0x00007ffa9629b000

Code Cache  [0x00007ffa89000000, 0x00007ffa89270000, 0x00007ffa8c000000)
 total_blobs=209 nmethods=19 adapters=145 free_code_cache=48749Kb largest_free_block=49897472

Compilation events (10 events):
Event: 9.668 Thread 0x00007ffa8c0a7800 nmethod 15 0x00007ffa890657d0 code [0x00007ffa89065920, 0x00007ffa890659c8]
Event: 9.668 Thread 0x00007ffa8c0a7800   16             java.util.ArrayList::iterator (10 bytes)
Event: 9.671 Thread 0x00007ffa8c0a7800 nmethod 16 0x00007ffa89065510 code [0x00007ffa89065660, 0x00007ffa89065718]
Event: 9.671 Thread 0x00007ffa8c0a7800   17             java.util.ArrayList$Itr::<init> (6 bytes)
Event: 9.673 Thread 0x00007ffa8c0a7800 nmethod 17 0x00007ffa89065290 code [0x00007ffa890653c0, 0x00007ffa89065458]
Event: 9.673 Thread 0x00007ffa8c0a7800   18             java.util.ArrayList$Itr::<init> (26 bytes)
Event: 9.676 Thread 0x00007ffa8c0a7800 nmethod 18 0x00007ffa89065010 code [0x00007ffa89065140, 0x00007ffa890651d8]
Event: 9.676 Thread 0x00007ffa8c0a7800   19             java.util.ArrayList::isEmpty (13 bytes)
Event: 9.677 Thread 0x00007ffa8c0a7800 nmethod 19 0x00007ffa89064d50 code [0x00007ffa89064e80, 0x00007ffa89064ed8]
Event: 9.686 Thread 0x00007ffa8c0a4800 nmethod 12% 0x00007ffa89063890 code [0x00007ffa89063a80, 0x00007ffa890642f8]

GC Heap History (10 events):
Event: 11.982 GC heap after
Heap after GC invocations=12 (full 2):
 PSYoungGen      total 133632K, used 0K [0x00000000ebe80000, 0x00000000f6400000, 0x0000000100000000)
  eden space 131584K, 0% used [0x00000000ebe80000,0x00000000ebe80000,0x00000000f3f00000)
  from space 2048K, 0% used [0x00000000f4100000,0x00000000f4100000,0x00000000f4300000)
  to   space 2048K, 0% used [0x00000000f3f00000,0x00000000f3f00000,0x00000000f4100000)
 ParOldGen       total 137728K, used 90453K [0x00000000c3c00000, 0x00000000cc280000, 0x00000000ebe80000)
  object space 137728K, 65% used [0x00000000c3c00000,0x00000000c9455780,0x00000000cc280000)
 PSPermGen       total 21504K, used 3490K [0x00000000b9600000, 0x00000000bab00000, 0x00000000c3c00000)
  object space 21504K, 16% used [0x00000000b9600000,0x00000000b9968ae8,0x00000000bab00000)
}
Event: 12.174 GC heap before
{Heap before GC invocations=13 (full 2):
 PSYoungGen      total 133632K, used 131584K [0x00000000ebe80000, 0x00000000f6400000, 0x0000000100000000)
  eden space 131584K, 100% used [0x00000000ebe80000,0x00000000f3f00000,0x00000000f3f00000)
  from space 2048K, 0% used [0x00000000f4100000,0x00000000f4100000,0x00000000f4300000)
  to   space 2048K, 0% used [0x00000000f3f00000,0x00000000f3f00000,0x00000000f4100000)
 ParOldGen       total 137728K, used 90453K [0x00000000c3c00000, 0x00000000cc280000, 0x00000000ebe80000)
  object space 137728K, 65% used [0x00000000c3c00000,0x00000000c9455780,0x00000000cc280000)
 PSPermGen       total 21504K, used 3490K [0x00000000b9600000, 0x00000000bab00000, 0x00000000c3c00000)
  object space 21504K, 16% used [0x00000000b9600000,0x00000000b9968ae8,0x00000000bab00000)
Event: 12.396 GC heap after
Heap after GC invocations=13 (full 2):
 PSYoungGen      total 133632K, used 0K [0x00000000ebe80000, 0x00000000f6e00000, 0x0000000100000000)
  eden space 131584K, 0% used [0x00000000ebe80000,0x00000000ebe80000,0x00000000f3f00000)
  from space 2048K, 0% used [0x00000000f3f00000,0x00000000f3f00000,0x00000000f4100000)
  to   space 1536K, 0% used [0x00000000f6c80000,0x00000000f6c80000,0x00000000f6e00000)
 ParOldGen       total 219136K, used 171577K [0x00000000c3c00000, 0x00000000d1200000, 0x00000000ebe80000)
  object space 219136K, 78% used [0x00000000c3c00000,0x00000000ce38e748,0x00000000d1200000)
 PSPermGen       total 21504K, used 3490K [0x00000000b9600000, 0x00000000bab00000, 0x00000000c3c00000)
  object space 21504K, 16% used [0x00000000b9600000,0x00000000b9968ae8,0x00000000bab00000)
}
Event: 12.396 GC heap before
{Heap before GC invocations=14 (full 3):
 PSYoungGen      total 133632K, used 0K [0x00000000ebe80000, 0x00000000f6e00000, 0x0000000100000000)
  eden space 131584K, 0% used [0x00000000ebe80000,0x00000000ebe80000,0x00000000f3f00000)
  from space 2048K, 0% used [0x00000000f3f00000,0x00000000f3f00000,0x00000000f4100000)
  to   space 1536K, 0% used [0x00000000f6c80000,0x00000000f6c80000,0x00000000f6e00000)
 ParOldGen       total 219136K, used 171577K [0x00000000c3c00000, 0x00000000d1200000, 0x00000000ebe80000)
  object space 219136K, 78% used [0x00000000c3c00000,0x00000000ce38e748,0x00000000d1200000)
 PSPermGen       total 21504K, used 3490K [0x00000000b9600000, 0x00000000bab00000, 0x00000000c3c00000)
  object space 21504K, 16% used [0x00000000b9600000,0x00000000b9968ae8,0x00000000bab00000)
Event: 12.855 GC heap after
Heap after GC invocations=14 (full 3):
 PSYoungGen      total 133632K, used 0K [0x00000000ebe80000, 0x00000000f6e00000, 0x0000000100000000)
  eden space 131584K, 0% used [0x00000000ebe80000,0x00000000ebe80000,0x00000000f3f00000)
  from space 2048K, 0% used [0x00000000f3f00000,0x00000000f3f00000,0x00000000f4100000)
  to   space 1536K, 0% used [0x00000000f6c80000,0x00000000f6c80000,0x00000000f6e00000)
 ParOldGen       total 176640K, used 81440K [0x00000000c3c00000, 0x00000000ce880000, 0x00000000ebe80000)
  object space 176640K, 46% used [0x00000000c3c00000,0x00000000c8b88060,0x00000000ce880000)
 PSPermGen       total 21504K, used 3490K [0x00000000b9600000, 0x00000000bab00000, 0x00000000c3c00000)
  object space 21504K, 16% used [0x00000000b9600000,0x00000000b9968ae8,0x00000000bab00000)
}
Event: 13.116 GC heap before
{Heap before GC invocations=15 (full 3):
 PSYoungGen      total 133632K, used 131584K [0x00000000ebe80000, 0x00000000f6e00000, 0x0000000100000000)
  eden space 131584K, 100% used [0x00000000ebe80000,0x00000000f3f00000,0x00000000f3f00000)
  from space 2048K, 0% used [0x00000000f3f00000,0x00000000f3f00000,0x00000000f4100000)
  to   space 1536K, 0% used [0x00000000f6c80000,0x00000000f6c80000,0x00000000f6e00000)
 ParOldGen       total 176640K, used 81440K [0x00000000c3c00000, 0x00000000ce880000, 0x00000000ebe80000)
  object space 176640K, 46% used [0x00000000c3c00000,0x00000000c8b88060,0x00000000ce880000)
 PSPermGen       total 21504K, used 3490K [0x00000000b9600000, 0x00000000bab00000, 0x00000000c3c00000)
  object space 21504K, 16% used [0x00000000b9600000,0x00000000b9968ae8,0x00000000bab00000)
Event: 13.169 GC heap after
Heap after GC invocations=15 (full 3):
 PSYoungGen      total 173056K, used 0K [0x00000000ebe80000, 0x00000000f6d00000, 0x0000000100000000)
  eden space 172544K, 0% used [0x00000000ebe80000,0x00000000ebe80000,0x00000000f6700000)
  from space 512K, 0% used [0x00000000f6c80000,0x00000000f6c80000,0x00000000f6d00000)
  to   space 1536K, 0% used [0x00000000f6a00000,0x00000000f6a00000,0x00000000f6b80000)
 ParOldGen       total 176640K, used 81440K [0x00000000c3c00000, 0x00000000ce880000, 0x00000000ebe80000)
  object space 176640K, 46% used [0x00000000c3c00000,0x00000000c8b88060,0x00000000ce880000)
 PSPermGen       total 21504K, used 3490K [0x00000000b9600000, 0x00000000bab00000, 0x00000000c3c00000)
  object space 21504K, 16% used [0x00000000b9600000,0x00000000b9968ae8,0x00000000bab00000)
}
Event: 13.608 GC heap before
{Heap before GC invocations=16 (full 3):
 PSYoungGen      total 173056K, used 172544K [0x00000000ebe80000, 0x00000000f6d00000, 0x0000000100000000)
  eden space 172544K, 100% used [0x00000000ebe80000,0x00000000f6700000,0x00000000f6700000)
  from space 512K, 0% used [0x00000000f6c80000,0x00000000f6c80000,0x00000000f6d00000)
  to   space 1536K, 0% used [0x00000000f6a00000,0x00000000f6a00000,0x00000000f6b80000)
 ParOldGen       total 176640K, used 81440K [0x00000000c3c00000, 0x00000000ce880000, 0x00000000ebe80000)
  object space 176640K, 46% used [0x00000000c3c00000,0x00000000c8b88060,0x00000000ce880000)
 PSPermGen       total 21504K, used 3490K [0x00000000b9600000, 0x00000000bab00000, 0x00000000c3c00000)
  object space 21504K, 16% used [0x00000000b9600000,0x00000000b9968ae8,0x00000000bab00000)
Event: 14.309 GC heap after
Heap after GC invocations=16 (full 3):
 PSYoungGen      total 177152K, used 0K [0x00000000ebe80000, 0x00000000fa400000, 0x0000000100000000)
  eden space 175616K, 0% used [0x00000000ebe80000,0x00000000ebe80000,0x00000000f6a00000)
  from space 1536K, 0% used [0x00000000f6a00000,0x00000000f6a00000,0x00000000f6b80000)
  to   space 1536K, 0% used [0x00000000fa280000,0x00000000fa280000,0x00000000fa400000)
 ParOldGen       total 298496K, used 203126K [0x00000000c3c00000, 0x00000000d5f80000, 0x00000000ebe80000)
  object space 298496K, 68% used [0x00000000c3c00000,0x00000000d025d800,0x00000000d5f80000)
 PSPermGen       total 21504K, used 3490K [0x00000000b9600000, 0x00000000bab00000, 0x00000000c3c00000)
  object space 21504K, 16% used [0x00000000b9600000,0x00000000b9968ae8,0x00000000bab00000)
}
Event: 14.309 GC heap before
{Heap before GC invocations=17 (full 4):
 PSYoungGen      total 177152K, used 0K [0x00000000ebe80000, 0x00000000fa400000, 0x0000000100000000)
  eden space 175616K, 0% used [0x00000000ebe80000,0x00000000ebe80000,0x00000000f6a00000)
  from space 1536K, 0% used [0x00000000f6a00000,0x00000000f6a00000,0x00000000f6b80000)
  to   space 1536K, 0% used [0x00000000fa280000,0x00000000fa280000,0x00000000fa400000)
 ParOldGen       total 298496K, used 203126K [0x00000000c3c00000, 0x00000000d5f80000, 0x00000000ebe80000)
  object space 298496K, 68% used [0x00000000c3c00000,0x00000000d025d800,0x00000000d5f80000)
 PSPermGen       total 21504K, used 3490K [0x00000000b9600000, 0x00000000bab00000, 0x00000000c3c00000)
  object space 21504K, 16% used [0x00000000b9600000,0x00000000b9968ae8,0x00000000bab00000)

Deoptimization events (0 events):
No events

Internal exceptions (10 events):
Event: 0.142 Thread 0x00007ffa8c00a000 Threw 0x00000000ebec74d8 at /build/openjdk-7-FO0dNI/openjdk-7-7u79-2.5.6/build/openjdk/hotspot/src/share/vm/prims/jvm.cpp:1284
Event: 0.142 Thread 0x00007ffa8c00a000 Threw 0x00000000ebec7600 at /build/openjdk-7-FO0dNI/openjdk-7-7u79-2.5.6/build/openjdk/hotspot/src/share/vm/prims/jvm.cpp:1284
Event: 0.143 Thread 0x00007ffa8c00a000 Threw 0x00000000ebec9bf0 at /build/openjdk-7-FO0dNI/openjdk-7-7u79-2.5.6/build/openjdk/hotspot/src/share/vm/prims/jvm.cpp:1284
Event: 0.180 Thread 0x00007ffa8c00a000 Threw 0x00000000ebf3b298 at /build/openjdk-7-FO0dNI/openjdk-7-7u79-2.5.6/build/openjdk/hotspot/src/share/vm/prims/jvm.cpp:1284
Event: 0.181 Thread 0x00007ffa8c00a000 Threw 0x00000000ebf3b3c0 at /build/openjdk-7-FO0dNI/openjdk-7-7u79-2.5.6/build/openjdk/hotspot/src/share/vm/prims/jvm.cpp:1284
Event: 0.181 Thread 0x00007ffa8c00a000 Threw 0x00000000ebf3d970 at /build/openjdk-7-FO0dNI/openjdk-7-7u79-2.5.6/build/openjdk/hotspot/src/share/vm/prims/jvm.cpp:1284
Event: 0.181 Thread 0x00007ffa8c00a000 Threw 0x00000000ebf3da98 at /build/openjdk-7-FO0dNI/openjdk-7-7u79-2.5.6/build/openjdk/hotspot/src/share/vm/prims/jvm.cpp:1284
Event: 0.181 Thread 0x00007ffa8c00a000 Threw 0x00000000ebf3e398 at /build/openjdk-7-FO0dNI/openjdk-7-7u79-2.5.6/build/openjdk/hotspot/src/share/vm/prims/jvm.cpp:1284
Event: 0.181 Thread 0x00007ffa8c00a000 Threw 0x00000000ebf3e4c0 at /build/openjdk-7-FO0dNI/openjdk-7-7u79-2.5.6/build/openjdk/hotspot/src/share/vm/prims/jvm.cpp:1284
Event: 9.615 Thread 0x00007ffa8c00a000 Threw 0x00000000ebf7e258 at /build/openjdk-7-FO0dNI/openjdk-7-7u79-2.5.6/build/openjdk/hotspot/src/share/vm/prims/jvm.cpp:1284

Events (10 events):
Event: 11.349 Executing VM operation: ParallelGCFailedAllocation done
Event: 11.520 Executing VM operation: ParallelGCFailedAllocation
Event: 11.646 Executing VM operation: ParallelGCFailedAllocation done
Event: 11.913 Executing VM operation: ParallelGCFailedAllocation
Event: 11.982 Executing VM operation: ParallelGCFailedAllocation done
Event: 12.174 Executing VM operation: ParallelGCFailedAllocation
Event: 12.855 Executing VM operation: ParallelGCFailedAllocation done
Event: 13.116 Executing VM operation: ParallelGCFailedAllocation
Event: 13.169 Executing VM operation: ParallelGCFailedAllocation done
Event: 13.608 Executing VM operation: ParallelGCFailedAllocation


Dynamic libraries:
00400000-00401000 r-xp 00000000 08:01 18748823                           /usr/lib/jvm/java-7-openjdk-amd64/jre/bin/java
00600000-00601000 r--p 00000000 08:01 18748823                           /usr/lib/jvm/java-7-openjdk-amd64/jre/bin/java
00601000-00602000 rw-p 00001000 08:01 18748823                           /usr/lib/jvm/java-7-openjdk-amd64/jre/bin/java
025f0000-02611000 rw-p 00000000 00:00 0                                  [heap]
b9600000-bab00000 rw-p 00000000 00:00 0 
bab00000-c3c00000 rw-p 00000000 00:00 0 
c3c00000-d5f80000 rw-p 00000000 00:00 0 
d5f80000-ebe80000 rw-p 00000000 00:00 0 
ebe80000-fa400000 rw-p 00000000 00:00 0 
fa400000-100000000 rw-p 00000000 00:00 0 
7ffa5c000000-7ffa5c021000 rw-p 00000000 00:00 0 
7ffa5c021000-7ffa60000000 ---p 00000000 00:00 0 
7ffa60000000-7ffa60021000 rw-p 00000000 00:00 0 
7ffa60021000-7ffa64000000 ---p 00000000 00:00 0 
7ffa64000000-7ffa64183000 rw-p 00000000 00:00 0 
7ffa64183000-7ffa68000000 ---p 00000000 00:00 0 
7ffa68000000-7ffa6806a000 rw-p 00000000 00:00 0 
7ffa6806a000-7ffa6c000000 ---p 00000000 00:00 0 
7ffa6c000000-7ffa6c021000 rw-p 00000000 00:00 0 
7ffa6c021000-7ffa70000000 ---p 00000000 00:00 0 
7ffa70000000-7ffa70021000 rw-p 00000000 00:00 0 
7ffa70021000-7ffa74000000 ---p 00000000 00:00 0 
7ffa74000000-7ffa74021000 rw-p 00000000 00:00 0 
7ffa74021000-7ffa78000000 ---p 00000000 00:00 0 
7ffa78000000-7ffa78021000 rw-p 00000000 00:00 0 
7ffa78021000-7ffa7c000000 ---p 00000000 00:00 0 
7ffa7c000000-7ffa7c535000 rw-p 00000000 00:00 0 
7ffa7c535000-7ffa80000000 ---p 00000000 00:00 0 
7ffa83903000-7ffa83904000 ---p 00000000 00:00 0 
7ffa83904000-7ffa83a04000 rw-p 00000000 00:00 0                          [stack:32652]
7ffa83a04000-7ffa83a07000 ---p 00000000 00:00 0 
7ffa83a07000-7ffa83b05000 rw-p 00000000 00:00 0                          [stack:32651]
7ffa83b05000-7ffa83b08000 ---p 00000000 00:00 0 
7ffa83b08000-7ffa83c06000 rw-p 00000000 00:00 0                          [stack:32650]
7ffa83c06000-7ffa84000000 r--p 00000000 08:01 15215308                   /usr/lib/locale/locale-archive
7ffa84000000-7ffa84537000 rw-p 00000000 00:00 0 
7ffa84537000-7ffa88000000 ---p 00000000 00:00 0 
7ffa88100000-7ffa88103000 ---p 00000000 00:00 0 
7ffa88103000-7ffa88201000 rw-p 00000000 00:00 0                          [stack:32649]
7ffa88201000-7ffa88204000 ---p 00000000 00:00 0 
7ffa88204000-7ffa88302000 rw-p 00000000 00:00 0                          [stack:32648]
7ffa88302000-7ffa88305000 ---p 00000000 00:00 0 
7ffa88305000-7ffa88403000 rw-p 00000000 00:00 0                          [stack:32647]
7ffa88403000-7ffa88406000 ---p 00000000 00:00 0 
7ffa88406000-7ffa88504000 rw-p 00000000 00:00 0                          [stack:32646]
7ffa88504000-7ffa88505000 ---p 00000000 00:00 0 
7ffa88505000-7ffa88e4f000 rw-p 00000000 00:00 0                          [stack:32645]
7ffa88e4f000-7ffa89000000 r--s 01d29000 08:01 18743474                   /usr/lib/jvm/java-7-openjdk-amd64/jre/lib/rt.jar
7ffa89000000-7ffa89270000 rwxp 00000000 00:00 0 
7ffa89270000-7ffa8c133000 rw-p 00000000 00:00 0 
7ffa8c133000-7ffa90000000 ---p 00000000 00:00 0 
7ffa90008000-7ffa927f1000 rw-p 00000000 00:00 0 
7ffa927f1000-7ffa927f2000 ---p 00000000 00:00 0 
7ffa927f2000-7ffa928f2000 rw-p 00000000 00:00 0                          [stack:32644]
7ffa928f2000-7ffa928f3000 ---p 00000000 00:00 0 
7ffa928f3000-7ffa929fe000 rw-p 00000000 00:00 0                          [stack:32643]
7ffa929fe000-7ffa92a46000 rw-p 00000000 00:00 0 
7ffa92a46000-7ffa92ad8000 rw-p 00000000 00:00 0 
7ffa92ad8000-7ffa92b88000 rw-p 00000000 00:00 0 
7ffa92b88000-7ffa92b93000 rw-p 00000000 00:00 0 
7ffa92b93000-7ffa92bdb000 rw-p 00000000 00:00 0 
7ffa92bdb000-7ffa92c6d000 rw-p 00000000 00:00 0 
7ffa92c6d000-7ffa92d1c000 rw-p 00000000 00:00 0 
7ffa92d1c000-7ffa92d8f000 rw-p 00000000 00:00 0 
7ffa92d8f000-7ffa92dbd000 rw-p 00000000 00:00 0 
7ffa92dbd000-7ffa92dbe000 rw-p 00000000 00:00 0 
7ffa92dbe000-7ffa92dc6000 r-xp 00000000 08:01 18748636                   /usr/lib/jvm/java-7-openjdk-amd64/jre/lib/amd64/libzip.so
7ffa92dc6000-7ffa92fc5000 ---p 00008000 08:01 18748636                   /usr/lib/jvm/java-7-openjdk-amd64/jre/lib/amd64/libzip.so
7ffa92fc5000-7ffa92fc6000 r--p 00007000 08:01 18748636                   /usr/lib/jvm/java-7-openjdk-amd64/jre/lib/amd64/libzip.so
7ffa92fc6000-7ffa92fc7000 rw-p 00008000 08:01 18748636                   /usr/lib/jvm/java-7-openjdk-amd64/jre/lib/amd64/libzip.so
7ffa92fc7000-7ffa92fd2000 r-xp 00000000 08:01 11801604                   /lib/x86_64-linux-gnu/libnss_files-2.19.so
7ffa92fd2000-7ffa931d1000 ---p 0000b000 08:01 11801604                   /lib/x86_64-linux-gnu/libnss_files-2.19.so
7ffa931d1000-7ffa931d2000 r--p 0000a000 08:01 11801604                   /lib/x86_64-linux-gnu/libnss_files-2.19.so
7ffa931d2000-7ffa931d3000 rw-p 0000b000 08:01 11801604                   /lib/x86_64-linux-gnu/libnss_files-2.19.so
7ffa931d3000-7ffa931de000 r-xp 00000000 08:01 11801624                   /lib/x86_64-linux-gnu/libnss_nis-2.19.so
7ffa931de000-7ffa933dd000 ---p 0000b000 08:01 11801624                   /lib/x86_64-linux-gnu/libnss_nis-2.19.so
7ffa933dd000-7ffa933de000 r--p 0000a000 08:01 11801624                   /lib/x86_64-linux-gnu/libnss_nis-2.19.so
7ffa933de000-7ffa933df000 rw-p 0000b000 08:01 11801624                   /lib/x86_64-linux-gnu/libnss_nis-2.19.so
7ffa933df000-7ffa933f6000 r-xp 00000000 08:01 11801613                   /lib/x86_64-linux-gnu/libnsl-2.19.so
7ffa933f6000-7ffa935f5000 ---p 00017000 08:01 11801613                   /lib/x86_64-linux-gnu/libnsl-2.19.so
7ffa935f5000-7ffa935f6000 r--p 00016000 08:01 11801613                   /lib/x86_64-linux-gnu/libnsl-2.19.so
7ffa935f6000-7ffa935f7000 rw-p 00017000 08:01 11801613                   /lib/x86_64-linux-gnu/libnsl-2.19.so
7ffa935f7000-7ffa935f9000 rw-p 00000000 00:00 0 
7ffa935f9000-7ffa93602000 r-xp 00000000 08:01 11801612                   /lib/x86_64-linux-gnu/libnss_compat-2.19.so
7ffa93602000-7ffa93801000 ---p 00009000 08:01 11801612                   /lib/x86_64-linux-gnu/libnss_compat-2.19.so
7ffa93801000-7ffa93802000 r--p 00008000 08:01 11801612                   /lib/x86_64-linux-gnu/libnss_compat-2.19.so
7ffa93802000-7ffa93803000 rw-p 00009000 08:01 11801612                   /lib/x86_64-linux-gnu/libnss_compat-2.19.so
7ffa93803000-7ffa9382e000 r-xp 00000000 08:01 18748677                   /usr/lib/jvm/java-7-openjdk-amd64/jre/lib/amd64/libjava.so
7ffa9382e000-7ffa93a2d000 ---p 0002b000 08:01 18748677                   /usr/lib/jvm/java-7-openjdk-amd64/jre/lib/amd64/libjava.so
7ffa93a2d000-7ffa93a2e000 r--p 0002a000 08:01 18748677                   /usr/lib/jvm/java-7-openjdk-amd64/jre/lib/amd64/libjava.so
7ffa93a2e000-7ffa93a30000 rw-p 0002b000 08:01 18748677                   /usr/lib/jvm/java-7-openjdk-amd64/jre/lib/amd64/libjava.so
7ffa93a30000-7ffa93a40000 r-xp 00000000 08:01 18748653                   /usr/lib/jvm/java-7-openjdk-amd64/jre/lib/amd64/libverify.so
7ffa93a40000-7ffa93c3f000 ---p 00010000 08:01 18748653                   /usr/lib/jvm/java-7-openjdk-amd64/jre/lib/amd64/libverify.so
7ffa93c3f000-7ffa93c41000 r--p 0000f000 08:01 18748653                   /usr/lib/jvm/java-7-openjdk-amd64/jre/lib/amd64/libverify.so
7ffa93c41000-7ffa93c42000 rw-p 00011000 08:01 18748653                   /usr/lib/jvm/java-7-openjdk-amd64/jre/lib/amd64/libverify.so
7ffa93c42000-7ffa93c49000 r-xp 00000000 08:01 11801621                   /lib/x86_64-linux-gnu/librt-2.19.so
7ffa93c49000-7ffa93e48000 ---p 00007000 08:01 11801621                   /lib/x86_64-linux-gnu/librt-2.19.so
7ffa93e48000-7ffa93e49000 r--p 00006000 08:01 11801621                   /lib/x86_64-linux-gnu/librt-2.19.so
7ffa93e49000-7ffa93e4a000 rw-p 00007000 08:01 11801621                   /lib/x86_64-linux-gnu/librt-2.19.so
7ffa93e4a000-7ffa93e60000 r-xp 00000000 08:01 11798405                   /lib/x86_64-linux-gnu/libgcc_s.so.1
7ffa93e60000-7ffa9405f000 ---p 00016000 08:01 11798405                   /lib/x86_64-linux-gnu/libgcc_s.so.1
7ffa9405f000-7ffa94060000 rw-p 00015000 08:01 11798405                   /lib/x86_64-linux-gnu/libgcc_s.so.1
7ffa94060000-7ffa94165000 r-xp 00000000 08:01 11801603                   /lib/x86_64-linux-gnu/libm-2.19.so
7ffa94165000-7ffa94364000 ---p 00105000 08:01 11801603                   /lib/x86_64-linux-gnu/libm-2.19.so
7ffa94364000-7ffa94365000 r--p 00104000 08:01 11801603                   /lib/x86_64-linux-gnu/libm-2.19.so
7ffa94365000-7ffa94366000 rw-p 00105000 08:01 11801603                   /lib/x86_64-linux-gnu/libm-2.19.so
7ffa94366000-7ffa9444c000 r-xp 00000000 08:01 15212410                   /usr/lib/x86_64-linux-gnu/libstdc++.so.6.0.19
7ffa9444c000-7ffa9464b000 ---p 000e6000 08:01 15212410                   /usr/lib/x86_64-linux-gnu/libstdc++.so.6.0.19
7ffa9464b000-7ffa94653000 r--p 000e5000 08:01 15212410                   /usr/lib/x86_64-linux-gnu/libstdc++.so.6.0.19
7ffa94653000-7ffa94655000 rw-p 000ed000 08:01 15212410                   /usr/lib/x86_64-linux-gnu/libstdc++.so.6.0.19
7ffa94655000-7ffa9466a000 rw-p 00000000 00:00 0 
7ffa9466a000-7ffa95183000 r-xp 00000000 08:01 18748641                   /usr/lib/jvm/java-7-openjdk-amd64/jre/lib/amd64/server/libjvm.so
7ffa95183000-7ffa95383000 ---p 00b19000 08:01 18748641                   /usr/lib/jvm/java-7-openjdk-amd64/jre/lib/amd64/server/libjvm.so
7ffa95383000-7ffa9541d000 r--p 00b19000 08:01 18748641                   /usr/lib/jvm/java-7-openjdk-amd64/jre/lib/amd64/server/libjvm.so
7ffa9541d000-7ffa95440000 rw-p 00bb3000 08:01 18748641                   /usr/lib/jvm/java-7-openjdk-amd64/jre/lib/amd64/server/libjvm.so
7ffa95440000-7ffa9546e000 rw-p 00000000 00:00 0 
7ffa9546e000-7ffa95486000 r-xp 00000000 08:01 11800098                   /lib/x86_64-linux-gnu/libz.so.1.2.8
7ffa95486000-7ffa95685000 ---p 00018000 08:01 11800098                   /lib/x86_64-linux-gnu/libz.so.1.2.8
7ffa95685000-7ffa95686000 r--p 00017000 08:01 11800098                   /lib/x86_64-linux-gnu/libz.so.1.2.8
7ffa95686000-7ffa95687000 rw-p 00018000 08:01 11800098                   /lib/x86_64-linux-gnu/libz.so.1.2.8
7ffa95687000-7ffa956a0000 r-xp 00000000 08:01 11801619                   /lib/x86_64-linux-gnu/libpthread-2.19.so
7ffa956a0000-7ffa9589f000 ---p 00019000 08:01 11801619                   /lib/x86_64-linux-gnu/libpthread-2.19.so
7ffa9589f000-7ffa958a0000 r--p 00018000 08:01 11801619                   /lib/x86_64-linux-gnu/libpthread-2.19.so
7ffa958a0000-7ffa958a1000 rw-p 00019000 08:01 11801619                   /lib/x86_64-linux-gnu/libpthread-2.19.so
7ffa958a1000-7ffa958a5000 rw-p 00000000 00:00 0 
7ffa958a5000-7ffa958a8000 r-xp 00000000 08:01 11801607                   /lib/x86_64-linux-gnu/libdl-2.19.so
7ffa958a8000-7ffa95aa7000 ---p 00003000 08:01 11801607                   /lib/x86_64-linux-gnu/libdl-2.19.so
7ffa95aa7000-7ffa95aa8000 r--p 00002000 08:01 11801607                   /lib/x86_64-linux-gnu/libdl-2.19.so
7ffa95aa8000-7ffa95aa9000 rw-p 00003000 08:01 11801607                   /lib/x86_64-linux-gnu/libdl-2.19.so
7ffa95aa9000-7ffa95c64000 r-xp 00000000 08:01 11801618                   /lib/x86_64-linux-gnu/libc-2.19.so
7ffa95c64000-7ffa95e63000 ---p 001bb000 08:01 11801618                   /lib/x86_64-linux-gnu/libc-2.19.so
7ffa95e63000-7ffa95e67000 r--p 001ba000 08:01 11801618                   /lib/x86_64-linux-gnu/libc-2.19.so
7ffa95e67000-7ffa95e69000 rw-p 001be000 08:01 11801618                   /lib/x86_64-linux-gnu/libc-2.19.so
7ffa95e69000-7ffa95e6e000 rw-p 00000000 00:00 0 
7ffa95e6e000-7ffa95e7b000 r-xp 00000000 08:01 18748638                   /usr/lib/jvm/java-7-openjdk-amd64/jre/lib/amd64/jli/libjli.so
7ffa95e7b000-7ffa9607a000 ---p 0000d000 08:01 18748638                   /usr/lib/jvm/java-7-openjdk-amd64/jre/lib/amd64/jli/libjli.so
7ffa9607a000-7ffa9607b000 r--p 0000c000 08:01 18748638                   /usr/lib/jvm/java-7-openjdk-amd64/jre/lib/amd64/jli/libjli.so
7ffa9607b000-7ffa9607c000 rw-p 0000d000 08:01 18748638                   /usr/lib/jvm/java-7-openjdk-amd64/jre/lib/amd64/jli/libjli.so
7ffa9607c000-7ffa9609f000 r-xp 00000000 08:01 11801615                   /lib/x86_64-linux-gnu/ld-2.19.so
7ffa960a0000-7ffa960a1000 rw-p 00000000 00:00 0 
7ffa960a1000-7ffa960a5000 r--s 00034000 08:01 18748625                   /usr/lib/jvm/java-7-openjdk-amd64/jre/lib/ext/sunjce_provider.jar
7ffa960a5000-7ffa960a9000 r--s 0003c000 08:01 18748626                   /usr/lib/jvm/java-7-openjdk-amd64/jre/lib/ext/sunpkcs11.jar
7ffa960a9000-7ffa960b3000 rw-p 00000000 00:00 0 
7ffa960b3000-7ffa96169000 rw-p 00000000 00:00 0 
7ffa96169000-7ffa9616c000 ---p 00000000 00:00 0 
7ffa9616c000-7ffa9626f000 rw-p 00000000 00:00 0                          [stack:32639]
7ffa9626f000-7ffa96272000 r--s 0000f000 08:01 18748627                   /usr/lib/jvm/java-7-openjdk-amd64/jre/lib/ext/icedtea-sound.jar
7ffa96272000-7ffa96274000 r--s 00006000 08:01 15606275                   /usr/share/java/java-atk-wrapper.jar
7ffa96274000-7ffa96278000 r--s 00085000 08:01 18748621                   /usr/lib/jvm/java-7-openjdk-amd64/jre/lib/ext/localedata.jar
7ffa96278000-7ffa96279000 r--s 00002000 08:01 18748624                   /usr/lib/jvm/java-7-openjdk-amd64/jre/lib/ext/dnsns.jar
7ffa96279000-7ffa9627b000 r--s 00012000 08:01 18748628                   /usr/lib/jvm/java-7-openjdk-amd64/jre/lib/ext/zipfs.jar
7ffa9627b000-7ffa96292000 rw-p 00000000 00:00 0 
7ffa96292000-7ffa9629a000 rw-s 00000000 08:01 19147445                   /tmp/hsperfdata_ilari/32638
7ffa9629a000-7ffa9629b000 rw-p 00000000 00:00 0 
7ffa9629b000-7ffa9629c000 ---p 00000000 00:00 0 
7ffa9629c000-7ffa9629e000 rw-p 00000000 00:00 0 
7ffa9629e000-7ffa9629f000 r--p 00022000 08:01 11801615                   /lib/x86_64-linux-gnu/ld-2.19.so
7ffa9629f000-7ffa962a0000 rw-p 00023000 08:01 11801615                   /lib/x86_64-linux-gnu/ld-2.19.so
7ffa962a0000-7ffa962a1000 rw-p 00000000 00:00 0 
7ffcc35b3000-7ffcc35d4000 rw-p 00000000 00:00 0                          [stack]
7ffcc35dc000-7ffcc35de000 r-xp 00000000 00:00 0                          [vdso]
ffffffffff600000-ffffffffff601000 r-xp 00000000 00:00 0                  [vsyscall]

VM Arguments:
java_command: dynamicprogramming.boxstacking.Main
Launcher Type: SUN_STANDARD

Environment Variables:
JAVA_HOME=/usr/lib/jvm/java-7-openjdk-amd64
PATH=/usr/local/sbin:/usr/local/bin:/usr/sbin:/usr/bin:/sbin:/bin:/usr/games:/usr/local/games
LD_LIBRARY_PATH=/usr/lib/jvm/java-7-openjdk-amd64/jre/lib/amd64:/usr/lib/jvm/java-7-openjdk-amd64/jre/lib/i386:
SHELL=/bin/bash
DISPLAY=:0.0

Signal Handlers:
SIGSEGV: [libjvm.so+0x94bab0], sa_mask[0]=0x7ffbfeff, sa_flags=0x10000004
SIGBUS: [libjvm.so+0x94bab0], sa_mask[0]=0x7ffbfeff, sa_flags=0x10000004
SIGFPE: [libjvm.so+0x7c38b0], sa_mask[0]=0x7ffbfeff, sa_flags=0x10000004
SIGPIPE: [libjvm.so+0x7c38b0], sa_mask[0]=0x7ffbfeff, sa_flags=0x10000004
SIGXFSZ: [libjvm.so+0x7c38b0], sa_mask[0]=0x7ffbfeff, sa_flags=0x10000004
SIGILL: [libjvm.so+0x7c38b0], sa_mask[0]=0x7ffbfeff, sa_flags=0x10000004
SIGUSR1: SIG_DFL, sa_mask[0]=0x00000000, sa_flags=0x00000000
SIGUSR2: [libjvm.so+0x7c3750], sa_mask[0]=0x00000004, sa_flags=0x10000004
SIGHUP: [libjvm.so+0x7c3930], sa_mask[0]=0x7ffbfeff, sa_flags=0x10000004
SIGINT: SIG_IGN, sa_mask[0]=0x00000000, sa_flags=0x00000000
SIGTERM: [libjvm.so+0x7c3930], sa_mask[0]=0x7ffbfeff, sa_flags=0x10000004
SIGQUIT: [libjvm.so+0x7c3930], sa_mask[0]=0x7ffbfeff, sa_flags=0x10000004
SIGTRAP: SIG_DFL, sa_mask[0]=0x00000000, sa_flags=0x00000000


---------------  S Y S T E M  ---------------

OS:Ubuntu 14.04 (trusty)
uname:Linux 3.13.0-61-lowlatency #100-Ubuntu SMP PREEMPT Wed Jul 29 11:57:17 UTC 2015 x86_64
libc:glibc 2.19 NPTL 2.19 
rlimit: STACK 8192k, CORE 0k, NPROC 30588, NOFILE 4096, AS infinity
load average:2.15 1.31 0.81

/proc/meminfo:
MemTotal:        3946324 kB
MemFree:          610980 kB
Buffers:            9320 kB
Cached:           376668 kB
SwapCached:         1412 kB
Active:          1903616 kB
Inactive:         994740 kB
Active(anon):    1758176 kB
Inactive(anon):   892968 kB
Active(file):     145440 kB
Inactive(file):   101772 kB
Unevictable:          32 kB
Mlocked:              32 kB
SwapTotal:       4090876 kB
SwapFree:        4081036 kB
Dirty:               624 kB
Writeback:             0 kB
AnonPages:       2511088 kB
Mapped:           130892 kB
Shmem:            138752 kB
Slab:             331252 kB
SReclaimable:     252388 kB
SUnreclaim:        78864 kB
KernelStack:        5024 kB
PageTables:        37068 kB
NFS_Unstable:          0 kB
Bounce:                0 kB
WritebackTmp:          0 kB
CommitLimit:     6064036 kB
Committed_AS:    6099020 kB
VmallocTotal:   34359738367 kB
VmallocUsed:      543792 kB
VmallocChunk:   34359171916 kB
HardwareCorrupted:     0 kB
AnonHugePages:   1351680 kB
HugePages_Total:       0
HugePages_Free:        0
HugePages_Rsvd:        0
HugePages_Surp:        0
Hugepagesize:       2048 kB
DirectMap4k:       92824 kB
DirectMap2M:     3999744 kB


CPU:total 2 (2 cores per cpu, 1 threads per core) family 6 model 23 stepping 10, cmov, cx8, fxsr, mmx, sse, sse2, sse3, ssse3, tsc

/proc/cpuinfo:
processor	: 0
vendor_id	: GenuineIntel
cpu family	: 6
model		: 23
model name	: Celeron(R) Dual-Core CPU       T3100  @ 1.90GHz
stepping	: 10
microcode	: 0xa0b
cpu MHz		: 1895.462
cache size	: 1024 KB
physical id	: 0
siblings	: 2
core id		: 0
cpu cores	: 2
apicid		: 0
initial apicid	: 0
fpu		: yes
fpu_exception	: yes
cpuid level	: 13
wp		: yes
flags		: fpu vme de pse tsc msr pae mce cx8 apic sep mtrr pge mca cmov pat pse36 clflush dts acpi mmx fxsr sse sse2 ss ht tm pbe syscall nx lm constant_tsc arch_perfmon pebs bts nopl aperfmperf pni dtes64 monitor ds_cpl tm2 ssse3 cx16 xtpr pdcm xsave lahf_lm dtherm
bogomips	: 3790.92
clflush size	: 64
cache_alignment	: 64
address sizes	: 36 bits physical, 48 bits virtual
power management:

processor	: 1
vendor_id	: GenuineIntel
cpu family	: 6
model		: 23
model name	: Celeron(R) Dual-Core CPU       T3100  @ 1.90GHz
stepping	: 10
microcode	: 0xa0b
cpu MHz		: 1895.462
cache size	: 1024 KB
physical id	: 0
siblings	: 2
core id		: 1
cpu cores	: 2
apicid		: 1
initial apicid	: 1
fpu		: yes
fpu_exception	: yes
cpuid level	: 13
wp		: yes
flags		: fpu vme de pse tsc msr pae mce cx8 apic sep mtrr pge mca cmov pat pse36 clflush dts acpi mmx fxsr sse sse2 ss ht tm pbe syscall nx lm constant_tsc arch_perfmon pebs bts nopl aperfmperf pni dtes64 monitor ds_cpl tm2 ssse3 cx16 xtpr pdcm xsave lahf_lm dtherm
bogomips	: 3790.92
clflush size	: 64
cache_alignment	: 64
address sizes	: 36 bits physical, 48 bits virtual
power management:



Memory: 4k page, physical 3946324k(610856k free), swap 4090876k(4081036k free)

vm_info: OpenJDK 64-Bit Server VM (24.79-b02) for linux-amd64 JRE (1.7.0_79-b14), built on Jul 24 2015 08:15:54 by "buildd" with gcc 4.8.2

time: Fri Aug 14 00:27:58 2015
elapsed time: 14 seconds

