#
# A fatal error has been detected by the Java Runtime Environment:
#
#  SIGSEGV (0xb) at pc=0x00007fc39591dca9, pid=30378, tid=140477847615232
#
# JRE version: OpenJDK Runtime Environment (7.0_79-b14) (build 1.7.0_79-b14)
# Java VM: OpenJDK 64-Bit Server VM (24.79-b02 mixed mode linux-amd64 compressed oops)
# Derivative: IcedTea 2.5.6
# Distribution: Ubuntu 14.04 LTS, package 7u79-2.5.6-0ubuntu1.14.04.1
# Problematic frame:
# V  [libjvm.so+0x81fca9]  ParCompactionManager::follow_marking_stacks()+0xc49
#
# Failed to write core dump. Core dumps have been disabled. To enable core dumping, try "ulimit -c unlimited" before starting Java again
#
# If you would like to submit a bug report, please include
# instructions on how to reproduce the bug and visit:
#   http://icedtea.classpath.org/bugzilla
#

---------------  T H R E A D  ---------------

Current thread (0x00007fc390021800):  GCTaskThread [stack: 0x00007fc38c24b000,0x00007fc38c34c000] [id=30383]

siginfo:si_signo=SIGSEGV: si_errno=0, si_code=128 (), si_addr=0x0000000000000000

Registers:
RAX=0x0000000000000000, RBX=0x00000000c682b824, RCX=0x0000000000000000, RDX=0x0000000000000001
RSP=0x00007fc38c34ac80, RBP=0x00007fc38c34ad20, RSI=0x00007fc389efb000, RDI=0x0000000000000000
R8 =0x00000000ae000000, R9 =0x0000000000000000, R10=0x007ffffffffa5000, R11=0x0000000000000871
R12=0x0002000000000000, R13=0x00007fc39006e940, R14=0x00007fc395ee6dc0, R15=0x00000000c682bc08
RIP=0x00007fc39591dca9, EFLAGS=0x0000000000010206, CSGSFS=0x0000000000000033, ERR=0x0000000000000000
  TRAPNO=0x000000000000000d

Top of Stack: (sp=0x00007fc38c34ac80)
0x00007fc38c34ac80:   00007fc39006e9d0 00007fc39006ea00
0x00007fc38c34ac90:   00007fc39006e980 00000000005de4b8
0x00007fc38c34aca0:   00007fc395edd5c3 00007fc39006e950
0x00007fc38c34acb0:   00000000000c5c00 0000000000000c00
0x00007fc38c34acc0:   00000000c6514bf8 0000000000000000
0x00007fc38c34acd0:   0000062c00000000 00007fc39000a000
0x00007fc38c34ace0:   0000062d00000000 00007fc39006e901
0x00007fc38c34acf0:   00007fc36401bd00 00007fc364019ef0
0x00007fc38c34ad00:   00007fc390023f70 00007fc39006e940
0x00007fc38c34ad10:   00007fc36401bd00 00007fc390021ff0
0x00007fc38c34ad20:   00007fc38c34adc0 00007fc3959038e9
0x00007fc38c34ad30:   00007fc38c34adc0 00007fc38c34ad50
0x00007fc38c34ad40:   00000000000083b0 00007fc364021ed8
0x00007fc38c34ad50:   00007fc395eaaeb0 00007fc390021800
0x00007fc38c34ad60:   0000000000000000 00007fc39006e940
0x00007fc38c34ad70:   00007fc395ea2b90 00007fc39588df00
0x00007fc38c34ad80:   00007fc38c34ad50 00007fc39001f501
0x00007fc38c34ad90:   00007fc38c34adc0 0000000000000001
0x00007fc38c34ada0:   00007fc390023f70 00007fc395aaa676
0x00007fc38c34adb0:   00007fc390021800 00007fc395edd3ea
0x00007fc38c34adc0:   00007fc38c34aed0 00007fc3956430e2
0x00007fc38c34add0:   00000000000003d8 00007fc390022408
0x00007fc38c34ade0:   00007fc390022030 00007fc38c34ae60
0x00007fc38c34adf0:   00007fc390021ff0 00007fc390022020
0x00007fc38c34ae00:   00007fc38c34ae10 0000000000000000
0x00007fc38c34ae10:   0000000000000000 00007fc390022d00
0x00007fc38c34ae20:   00007fc390021800 00007fc390022410
0x00007fc38c34ae30:   00007fc390022450 00007fc390022460
0x00007fc38c34ae40:   00007fc390022838 00000000000003d8
0x00007fc38c34ae50:   00007fc390022840 00007fc3900231b0
0x00007fc38c34ae60:   00007fc390021800 00007fc390022410
0x00007fc38c34ae70:   00007fc390022450 00007fc390022460 

Instructions: (pc=0x00007fc39591dca9)
0x00007fc39591dc89:   8d 04 38 4c 89 c0 49 2b 06 48 c1 e8 03 48 d3 e8
0x00007fc39591dc99:   49 89 c2 83 e0 3f 49 c1 ea 06 48 89 c1 48 d3 e2
0x00007fc39591dca9:   4a 23 14 d6 49 89 d4 75 96 48 8b 45 80 0f b6 10
0x00007fc39591dcb9:   84 d2 0f 85 b7 01 00 00 49 8b 40 08 8b 48 18 48 

Register to memory mapping:

RAX=0x0000000000000000 is an unknown value
RBX=0x00000000c682b824 is pointing into object: 0x00000000c6514bf8
[Ljava.lang.Object; 
 - klass: 'java/lang/Object'[]
 - length: 6153400
RCX=0x0000000000000000 is an unknown value
RDX=0x0000000000000001 is an unknown value
RSP=0x00007fc38c34ac80 is an unknown value
RBP=0x00007fc38c34ad20 is an unknown value
RSI=0x00007fc389efb000 is an unknown value
RDI=0x0000000000000000 is an unknown value
R8 =0x00000000ae000000 is an unknown value
R9 =0x0000000000000000 is an unknown value
R10=0x007ffffffffa5000 is an unknown value
R11=0x0000000000000871 is an unknown value
R12=0x0002000000000000 is an unknown value
R13=0x00007fc39006e940 is an unknown value
R14=0x00007fc395ee6dc0: <offset 0xde8dc0> in /usr/lib/jvm/java-7-openjdk-amd64/jre/lib/amd64/server/libjvm.so at 0x00007fc3950fe000
R15=0x00000000c682bc08 is pointing into object: 0x00000000c6514bf8
[Ljava.lang.Object; 
 - klass: 'java/lang/Object'[]
 - length: 6153400


Stack: [0x00007fc38c24b000,0x00007fc38c34c000],  sp=0x00007fc38c34ac80,  free space=1023k
Native frames: (J=compiled Java code, j=interpreted, Vv=VM code, C=native code)
V  [libjvm.so+0x81fca9]  ParCompactionManager::follow_marking_stacks()+0xc49
V  [libjvm.so+0x8058e9]  ThreadRootsMarkingTask::do_it(GCTaskManager*, unsigned int)+0xd9
V  [libjvm.so+0x5450e2]  GCTaskThread::run()+0x162
V  [libjvm.so+0x7c4f62]  java_start(Thread*)+0xf2


---------------  P R O C E S S  ---------------

Java Threads: ( => current thread )
  0x00007fc3900ab800 JavaThread "Service Thread" daemon [_thread_blocked, id=30391, stack(0x00007fc38858e000,0x00007fc38868f000)]
  0x00007fc3900a9800 JavaThread "C2 CompilerThread1" daemon [_thread_blocked, id=30390, stack(0x00007fc38868f000,0x00007fc388790000)]
  0x00007fc3900a6800 JavaThread "C2 CompilerThread0" daemon [_thread_blocked, id=30389, stack(0x00007fc388790000,0x00007fc388891000)]
  0x00007fc3900a4800 JavaThread "Signal Dispatcher" daemon [_thread_blocked, id=30388, stack(0x00007fc388891000,0x00007fc388992000)]
  0x00007fc390077800 JavaThread "Finalizer" daemon [_thread_blocked, id=30387, stack(0x00007fc388d8c000,0x00007fc388e8d000)]
  0x00007fc390075800 JavaThread "Reference Handler" daemon [_thread_blocked, id=30386, stack(0x00007fc388e8d000,0x00007fc388f8e000)]
  0x00007fc39000a000 JavaThread "main" [_thread_blocked, id=30381, stack(0x00007fc396bfd000,0x00007fc396cfe000)]

Other Threads:
  0x00007fc390071000 VMThread [stack: 0x00007fc388f8e000,0x00007fc38908f000] [id=30385]
  0x00007fc3900b6000 WatcherThread [stack: 0x00007fc38848d000,0x00007fc38858e000] [id=30392]

=>0x00007fc390021800 (exited) GCTaskThread [stack: 0x00007fc38c24b000,0x00007fc38c34c000] [id=30383]

VM state:at safepoint (normal execution)

VM Mutex/Monitor currently owned by a thread:  ([mutex/lock_event])
[0x00007fc390006420] Threads_lock - owner thread: 0x00007fc390071000
[0x00007fc390006920] Heap_lock - owner thread: 0x00007fc39000a000

Heap
 PSYoungGen      total 65536K, used 0K [0x00000000ebe80000, 0x00000000f3e80000, 0x0000000100000000)
  eden space 63488K, 0% used [0x00000000ebe80000,0x00000000ebe80000,0x00000000efc80000)
  from space 2048K, 0% used [0x00000000efc80000,0x00000000efc80000,0x00000000efe80000)
  to   space 2048K, 0% used [0x00000000f3c80000,0x00000000f3c80000,0x00000000f3e80000)
 ParOldGen       total 81408K, used 66103K [0x00000000c3c00000, 0x00000000c8b80000, 0x00000000ebe80000)
  object space 81408K, 81% used [0x00000000c3c00000,0x00000000c7c8dee8,0x00000000c8b80000)
 PSPermGen       total 21504K, used 3490K [0x00000000b9600000, 0x00000000bab00000, 0x00000000c3c00000)
  object space 21504K, 16% used [0x00000000b9600000,0x00000000b9968bf0,0x00000000bab00000)

Card table byte_map: [0x00007fc38c58f000,0x00007fc38c7c5000] byte_map_base: 0x00007fc38bfc4000

Polling page: 0x00007fc396d2f000

Code Cache  [0x00007fc38c7c5000, 0x00007fc38ca35000, 0x00007fc38f7c5000)
 total_blobs=207 nmethods=17 adapters=145 free_code_cache=48749Kb largest_free_block=49891328

Compilation events (10 events):
Event: 16.283 Thread 0x00007fc3900a6800 nmethod 13 0x00007fc38c829c10 code [0x00007fc38c829d60, 0x00007fc38c829e08]
Event: 16.283 Thread 0x00007fc3900a6800   14             java.util.ArrayList::iterator (10 bytes)
Event: 16.285 Thread 0x00007fc3900a6800 nmethod 14 0x00007fc38c829190 code [0x00007fc38c8292e0, 0x00007fc38c829398]
Event: 16.285 Thread 0x00007fc3900a6800   15             java.util.ArrayList$Itr::<init> (6 bytes)
Event: 16.285 Thread 0x00007fc3900a9800 nmethod 9% 0x00007fc38c82a150 code [0x00007fc38c82a340, 0x00007fc38c82ac90]
Event: 16.285 Thread 0x00007fc3900a9800   16             java.util.ArrayList$Itr::<init> (26 bytes)
Event: 16.286 Thread 0x00007fc3900a6800 nmethod 15 0x00007fc38c828f10 code [0x00007fc38c829040, 0x00007fc38c8290d8]
Event: 16.286 Thread 0x00007fc3900a6800   17             java.util.ArrayList::isEmpty (13 bytes)
Event: 16.287 Thread 0x00007fc3900a6800 nmethod 17 0x00007fc38c825410 code [0x00007fc38c825540, 0x00007fc38c825598]
Event: 16.287 Thread 0x00007fc3900a9800 nmethod 16 0x00007fc38c828c90 code [0x00007fc38c828dc0, 0x00007fc38c828e58]

GC Heap History (10 events):
Event: 16.445 GC heap after
Heap after GC invocations=3 (full 0):
 PSYoungGen      total 18432K, used 384K [0x00000000ebe80000, 0x00000000ee280000, 0x0000000100000000)
  eden space 15872K, 0% used [0x00000000ebe80000,0x00000000ebe80000,0x00000000ece00000)
  from space 2560K, 15% used [0x00000000ece00000,0x00000000ece60000,0x00000000ed080000)
  to   space 2560K, 0% used [0x00000000ee000000,0x00000000ee000000,0x00000000ee280000)
 ParOldGen       total 40960K, used 7913K [0x00000000c3c00000, 0x00000000c6400000, 0x00000000ebe80000)
  object space 40960K, 19% used [0x00000000c3c00000,0x00000000c43ba578,0x00000000c6400000)
 PSPermGen       total 21504K, used 3490K [0x00000000b9600000, 0x00000000bab00000, 0x00000000c3c00000)
  object space 21504K, 16% used [0x00000000b9600000,0x00000000b9968bf0,0x00000000bab00000)
}
Event: 16.478 GC heap before
{Heap before GC invocations=4 (full 0):
 PSYoungGen      total 18432K, used 16256K [0x00000000ebe80000, 0x00000000ee280000, 0x0000000100000000)
  eden space 15872K, 100% used [0x00000000ebe80000,0x00000000ece00000,0x00000000ece00000)
  from space 2560K, 15% used [0x00000000ece00000,0x00000000ece60000,0x00000000ed080000)
  to   space 2560K, 0% used [0x00000000ee000000,0x00000000ee000000,0x00000000ee280000)
 ParOldGen       total 40960K, used 7913K [0x00000000c3c00000, 0x00000000c6400000, 0x00000000ebe80000)
  object space 40960K, 19% used [0x00000000c3c00000,0x00000000c43ba578,0x00000000c6400000)
 PSPermGen       total 21504K, used 3490K [0x00000000b9600000, 0x00000000bab00000, 0x00000000c3c00000)
  object space 21504K, 16% used [0x00000000b9600000,0x00000000b9968bf0,0x00000000bab00000)
Event: 16.567 GC heap after
Heap after GC invocations=4 (full 0):
 PSYoungGen      total 34304K, used 368K [0x00000000ebe80000, 0x00000000ee280000, 0x0000000100000000)
  eden space 31744K, 0% used [0x00000000ebe80000,0x00000000ebe80000,0x00000000edd80000)
  from space 2560K, 14% used [0x00000000ee000000,0x00000000ee05c010,0x00000000ee280000)
  to   space 2560K, 0% used [0x00000000edd80000,0x00000000edd80000,0x00000000ee000000)
 ParOldGen       total 40960K, used 15035K [0x00000000c3c00000, 0x00000000c6400000, 0x00000000ebe80000)
  object space 40960K, 36% used [0x00000000c3c00000,0x00000000c4aaed80,0x00000000c6400000)
 PSPermGen       total 21504K, used 3490K [0x00000000b9600000, 0x00000000bab00000, 0x00000000c3c00000)
  object space 21504K, 16% used [0x00000000b9600000,0x00000000b9968bf0,0x00000000bab00000)
}
Event: 16.633 GC heap before
{Heap before GC invocations=5 (full 0):
 PSYoungGen      total 34304K, used 32112K [0x00000000ebe80000, 0x00000000ee280000, 0x0000000100000000)
  eden space 31744K, 100% used [0x00000000ebe80000,0x00000000edd80000,0x00000000edd80000)
  from space 2560K, 14% used [0x00000000ee000000,0x00000000ee05c010,0x00000000ee280000)
  to   space 2560K, 0% used [0x00000000edd80000,0x00000000edd80000,0x00000000ee000000)
 ParOldGen       total 40960K, used 15035K [0x00000000c3c00000, 0x00000000c6400000, 0x00000000ebe80000)
  object space 40960K, 36% used [0x00000000c3c00000,0x00000000c4aaed80,0x00000000c6400000)
 PSPermGen       total 21504K, used 3490K [0x00000000b9600000, 0x00000000bab00000, 0x00000000c3c00000)
  object space 21504K, 16% used [0x00000000b9600000,0x00000000b9968bf0,0x00000000bab00000)
Event: 16.693 GC heap after
Heap after GC invocations=5 (full 0):
 PSYoungGen      total 34304K, used 336K [0x00000000ebe80000, 0x00000000f0080000, 0x0000000100000000)
  eden space 31744K, 0% used [0x00000000ebe80000,0x00000000ebe80000,0x00000000edd80000)
  from space 2560K, 13% used [0x00000000edd80000,0x00000000eddd4010,0x00000000ee000000)
  to   space 2048K, 0% used [0x00000000efe80000,0x00000000efe80000,0x00000000f0080000)
 ParOldGen       total 40960K, used 25718K [0x00000000c3c00000, 0x00000000c6400000, 0x00000000ebe80000)
  object space 40960K, 62% used [0x00000000c3c00000,0x00000000c551d988,0x00000000c6400000)
 PSPermGen       total 21504K, used 3490K [0x00000000b9600000, 0x00000000bab00000, 0x00000000c3c00000)
  object space 21504K, 16% used [0x00000000b9600000,0x00000000b9968bf0,0x00000000bab00000)
}
Event: 16.792 GC heap before
{Heap before GC invocations=6 (full 0):
 PSYoungGen      total 34304K, used 32080K [0x00000000ebe80000, 0x00000000f0080000, 0x0000000100000000)
  eden space 31744K, 100% used [0x00000000ebe80000,0x00000000edd80000,0x00000000edd80000)
  from space 2560K, 13% used [0x00000000edd80000,0x00000000eddd4010,0x00000000ee000000)
  to   space 2048K, 0% used [0x00000000efe80000,0x00000000efe80000,0x00000000f0080000)
 ParOldGen       total 57344K, used 41742K [0x00000000c3c00000, 0x00000000c7400000, 0x00000000ebe80000)
  object space 57344K, 72% used [0x00000000c3c00000,0x00000000c64c3b88,0x00000000c7400000)
 PSPermGen       total 21504K, used 3490K [0x00000000b9600000, 0x00000000bab00000, 0x00000000c3c00000)
  object space 21504K, 16% used [0x00000000b9600000,0x00000000b9968bf0,0x00000000bab00000)
Event: 16.863 GC heap after
Heap after GC invocations=6 (full 0):
 PSYoungGen      total 65536K, used 336K [0x00000000ebe80000, 0x00000000f0080000, 0x0000000100000000)
  eden space 63488K, 0% used [0x00000000ebe80000,0x00000000ebe80000,0x00000000efc80000)
  from space 2048K, 16% used [0x00000000efe80000,0x00000000efed4010,0x00000000f0080000)
  to   space 2048K, 0% used [0x00000000efc80000,0x00000000efc80000,0x00000000efe80000)
 ParOldGen       total 57344K, used 41742K [0x00000000c3c00000, 0x00000000c7400000, 0x00000000ebe80000)
  object space 57344K, 72% used [0x00000000c3c00000,0x00000000c64c3b88,0x00000000c7400000)
 PSPermGen       total 21504K, used 3490K [0x00000000b9600000, 0x00000000bab00000, 0x00000000c3c00000)
  object space 21504K, 16% used [0x00000000b9600000,0x00000000b9968bf0,0x00000000bab00000)
}
Event: 16.994 GC heap before
{Heap before GC invocations=7 (full 0):
 PSYoungGen      total 65536K, used 63824K [0x00000000ebe80000, 0x00000000f0080000, 0x0000000100000000)
  eden space 63488K, 100% used [0x00000000ebe80000,0x00000000efc80000,0x00000000efc80000)
  from space 2048K, 16% used [0x00000000efe80000,0x00000000efed4010,0x00000000f0080000)
  to   space 2048K, 0% used [0x00000000efc80000,0x00000000efc80000,0x00000000efe80000)
 ParOldGen       total 57344K, used 41742K [0x00000000c3c00000, 0x00000000c7400000, 0x00000000ebe80000)
  object space 57344K, 72% used [0x00000000c3c00000,0x00000000c64c3b88,0x00000000c7400000)
 PSPermGen       total 21504K, used 3490K [0x00000000b9600000, 0x00000000bab00000, 0x00000000c3c00000)
  object space 21504K, 16% used [0x00000000b9600000,0x00000000b9968bf0,0x00000000bab00000)
Event: 17.106 GC heap after
Heap after GC invocations=7 (full 0):
 PSYoungGen      total 65536K, used 0K [0x00000000ebe80000, 0x00000000f3e80000, 0x0000000100000000)
  eden space 63488K, 0% used [0x00000000ebe80000,0x00000000ebe80000,0x00000000efc80000)
  from space 2048K, 0% used [0x00000000efc80000,0x00000000efc80000,0x00000000efe80000)
  to   space 2048K, 0% used [0x00000000f3c80000,0x00000000f3c80000,0x00000000f3e80000)
 ParOldGen       total 81408K, used 66103K [0x00000000c3c00000, 0x00000000c8b80000, 0x00000000ebe80000)
  object space 81408K, 81% used [0x00000000c3c00000,0x00000000c7c8dee8,0x00000000c8b80000)
 PSPermGen       total 21504K, used 3490K [0x00000000b9600000, 0x00000000bab00000, 0x00000000c3c00000)
  object space 21504K, 16% used [0x00000000b9600000,0x00000000b9968bf0,0x00000000bab00000)
}
Event: 17.106 GC heap before
{Heap before GC invocations=8 (full 1):
 PSYoungGen      total 65536K, used 0K [0x00000000ebe80000, 0x00000000f3e80000, 0x0000000100000000)
  eden space 63488K, 0% used [0x00000000ebe80000,0x00000000ebe80000,0x00000000efc80000)
  from space 2048K, 0% used [0x00000000efc80000,0x00000000efc80000,0x00000000efe80000)
  to   space 2048K, 0% used [0x00000000f3c80000,0x00000000f3c80000,0x00000000f3e80000)
 ParOldGen       total 81408K, used 66103K [0x00000000c3c00000, 0x00000000c8b80000, 0x00000000ebe80000)
  object space 81408K, 81% used [0x00000000c3c00000,0x00000000c7c8dee8,0x00000000c8b80000)
 PSPermGen       total 21504K, used 3490K [0x00000000b9600000, 0x00000000bab00000, 0x00000000c3c00000)
  object space 21504K, 16% used [0x00000000b9600000,0x00000000b9968bf0,0x00000000bab00000)

Deoptimization events (0 events):
No events

Internal exceptions (10 events):
Event: 0.194 Thread 0x00007fc39000a000 Threw 0x00000000ebec7600 at /build/openjdk-7-FO0dNI/openjdk-7-7u79-2.5.6/build/openjdk/hotspot/src/share/vm/prims/jvm.cpp:1284
Event: 0.194 Thread 0x00007fc39000a000 Threw 0x00000000ebec7728 at /build/openjdk-7-FO0dNI/openjdk-7-7u79-2.5.6/build/openjdk/hotspot/src/share/vm/prims/jvm.cpp:1284
Event: 0.195 Thread 0x00007fc39000a000 Threw 0x00000000ebec9d18 at /build/openjdk-7-FO0dNI/openjdk-7-7u79-2.5.6/build/openjdk/hotspot/src/share/vm/prims/jvm.cpp:1284
Event: 0.243 Thread 0x00007fc39000a000 Threw 0x00000000ebeebe18 at /build/openjdk-7-FO0dNI/openjdk-7-7u79-2.5.6/build/openjdk/hotspot/src/share/vm/prims/jvm.cpp:1284
Event: 0.243 Thread 0x00007fc39000a000 Threw 0x00000000ebeebf40 at /build/openjdk-7-FO0dNI/openjdk-7-7u79-2.5.6/build/openjdk/hotspot/src/share/vm/prims/jvm.cpp:1284
Event: 0.244 Thread 0x00007fc39000a000 Threw 0x00000000ebeee4f0 at /build/openjdk-7-FO0dNI/openjdk-7-7u79-2.5.6/build/openjdk/hotspot/src/share/vm/prims/jvm.cpp:1284
Event: 0.244 Thread 0x00007fc39000a000 Threw 0x00000000ebeee618 at /build/openjdk-7-FO0dNI/openjdk-7-7u79-2.5.6/build/openjdk/hotspot/src/share/vm/prims/jvm.cpp:1284
Event: 0.244 Thread 0x00007fc39000a000 Threw 0x00000000ebeeef18 at /build/openjdk-7-FO0dNI/openjdk-7-7u79-2.5.6/build/openjdk/hotspot/src/share/vm/prims/jvm.cpp:1284
Event: 0.244 Thread 0x00007fc39000a000 Threw 0x00000000ebeef040 at /build/openjdk-7-FO0dNI/openjdk-7-7u79-2.5.6/build/openjdk/hotspot/src/share/vm/prims/jvm.cpp:1284
Event: 16.236 Thread 0x00007fc39000a000 Threw 0x00000000ebf3dd98 at /build/openjdk-7-FO0dNI/openjdk-7-7u79-2.5.6/build/openjdk/hotspot/src/share/vm/prims/jvm.cpp:1284

Events (10 events):
Event: 16.376 Executing VM operation: ParallelGCFailedAllocation done
Event: 16.407 Executing VM operation: ParallelGCFailedAllocation
Event: 16.445 Executing VM operation: ParallelGCFailedAllocation done
Event: 16.478 Executing VM operation: ParallelGCFailedAllocation
Event: 16.567 Executing VM operation: ParallelGCFailedAllocation done
Event: 16.633 Executing VM operation: ParallelGCFailedAllocation
Event: 16.693 Executing VM operation: ParallelGCFailedAllocation done
Event: 16.792 Executing VM operation: ParallelGCFailedAllocation
Event: 16.863 Executing VM operation: ParallelGCFailedAllocation done
Event: 16.994 Executing VM operation: ParallelGCFailedAllocation


Dynamic libraries:
00400000-00401000 r-xp 00000000 08:01 18748823                           /usr/lib/jvm/java-7-openjdk-amd64/jre/bin/java
00600000-00601000 r--p 00000000 08:01 18748823                           /usr/lib/jvm/java-7-openjdk-amd64/jre/bin/java
00601000-00602000 rw-p 00001000 08:01 18748823                           /usr/lib/jvm/java-7-openjdk-amd64/jre/bin/java
02153000-02174000 rw-p 00000000 00:00 0                                  [heap]
b9600000-bab00000 rw-p 00000000 00:00 0 
bab00000-c3c00000 rw-p 00000000 00:00 0 
c3c00000-c8b80000 rw-p 00000000 00:00 0 
c8b80000-ebe80000 rw-p 00000000 00:00 0 
ebe80000-f3e80000 rw-p 00000000 00:00 0 
f3e80000-100000000 rw-p 00000000 00:00 0 
7fc35c000000-7fc35c021000 rw-p 00000000 00:00 0 
7fc35c021000-7fc360000000 ---p 00000000 00:00 0 
7fc364000000-7fc364125000 rw-p 00000000 00:00 0 
7fc364125000-7fc368000000 ---p 00000000 00:00 0 
7fc368000000-7fc368021000 rw-p 00000000 00:00 0 
7fc368021000-7fc36c000000 ---p 00000000 00:00 0 
7fc36c000000-7fc36c021000 rw-p 00000000 00:00 0 
7fc36c021000-7fc370000000 ---p 00000000 00:00 0 
7fc370000000-7fc370099000 rw-p 00000000 00:00 0 
7fc370099000-7fc374000000 ---p 00000000 00:00 0 
7fc374000000-7fc374021000 rw-p 00000000 00:00 0 
7fc374021000-7fc378000000 ---p 00000000 00:00 0 
7fc378000000-7fc378021000 rw-p 00000000 00:00 0 
7fc378021000-7fc37c000000 ---p 00000000 00:00 0 
7fc37c000000-7fc37c537000 rw-p 00000000 00:00 0 
7fc37c537000-7fc380000000 ---p 00000000 00:00 0 
7fc380000000-7fc380021000 rw-p 00000000 00:00 0 
7fc380021000-7fc384000000 ---p 00000000 00:00 0 
7fc384000000-7fc38457e000 rw-p 00000000 00:00 0 
7fc38457e000-7fc388000000 ---p 00000000 00:00 0 
7fc38848d000-7fc38848e000 ---p 00000000 00:00 0 
7fc38848e000-7fc38858e000 rw-p 00000000 00:00 0                          [stack:30392]
7fc38858e000-7fc388591000 ---p 00000000 00:00 0 
7fc388591000-7fc38868f000 rw-p 00000000 00:00 0                          [stack:30391]
7fc38868f000-7fc388692000 ---p 00000000 00:00 0 
7fc388692000-7fc388790000 rw-p 00000000 00:00 0                          [stack:30390]
7fc388790000-7fc388793000 ---p 00000000 00:00 0 
7fc388793000-7fc388891000 rw-p 00000000 00:00 0                          [stack:30389]
7fc388891000-7fc388894000 ---p 00000000 00:00 0 
7fc388894000-7fc388992000 rw-p 00000000 00:00 0                          [stack:30388]
7fc388992000-7fc388d8c000 r--p 00000000 08:01 15215308                   /usr/lib/locale/locale-archive
7fc388d8c000-7fc388d8f000 ---p 00000000 00:00 0 
7fc388d8f000-7fc388e8d000 rw-p 00000000 00:00 0                          [stack:30387]
7fc388e8d000-7fc388e90000 ---p 00000000 00:00 0 
7fc388e90000-7fc388f8e000 rw-p 00000000 00:00 0                          [stack:30386]
7fc388f8e000-7fc388f8f000 ---p 00000000 00:00 0 
7fc388f8f000-7fc389a44000 rw-p 00000000 00:00 0                          [stack:30385]
7fc389a44000-7fc389bf5000 r--s 01d29000 08:01 18743474                   /usr/lib/jvm/java-7-openjdk-amd64/jre/lib/rt.jar
7fc389bf5000-7fc38c24b000 rw-p 00000000 00:00 0 
7fc38c24b000-7fc38c24c000 ---p 00000000 00:00 0 
7fc38c24c000-7fc38c34c000 rw-p 00000000 00:00 0                          [stack:30383]
7fc38c34c000-7fc38c34d000 ---p 00000000 00:00 0 
7fc38c34d000-7fc38c475000 rw-p 00000000 00:00 0                          [stack:30382]
7fc38c475000-7fc38c58f000 rw-p 00000000 00:00 0 
7fc38c58f000-7fc38c59a000 rw-p 00000000 00:00 0 
7fc38c59a000-7fc38c5e2000 rw-p 00000000 00:00 0 
7fc38c5e2000-7fc38c60a000 rw-p 00000000 00:00 0 
7fc38c60a000-7fc38c723000 rw-p 00000000 00:00 0 
7fc38c723000-7fc38c764000 rw-p 00000000 00:00 0 
7fc38c764000-7fc38c7c4000 rw-p 00000000 00:00 0 
7fc38c7c4000-7fc38c7c5000 rw-p 00000000 00:00 0 
7fc38c7c5000-7fc38ca35000 rwxp 00000000 00:00 0 
7fc38ca35000-7fc38f7c5000 rw-p 00000000 00:00 0 
7fc38f7c5000-7fc38f7cd000 r-xp 00000000 08:01 18748636                   /usr/lib/jvm/java-7-openjdk-amd64/jre/lib/amd64/libzip.so
7fc38f7cd000-7fc38f9cc000 ---p 00008000 08:01 18748636                   /usr/lib/jvm/java-7-openjdk-amd64/jre/lib/amd64/libzip.so
7fc38f9cc000-7fc38f9cd000 r--p 00007000 08:01 18748636                   /usr/lib/jvm/java-7-openjdk-amd64/jre/lib/amd64/libzip.so
7fc38f9cd000-7fc38f9ce000 rw-p 00008000 08:01 18748636                   /usr/lib/jvm/java-7-openjdk-amd64/jre/lib/amd64/libzip.so
7fc38f9ce000-7fc38f9d9000 r-xp 00000000 08:01 11801604                   /lib/x86_64-linux-gnu/libnss_files-2.19.so
7fc38f9d9000-7fc38fbd8000 ---p 0000b000 08:01 11801604                   /lib/x86_64-linux-gnu/libnss_files-2.19.so
7fc38fbd8000-7fc38fbd9000 r--p 0000a000 08:01 11801604                   /lib/x86_64-linux-gnu/libnss_files-2.19.so
7fc38fbd9000-7fc38fbda000 rw-p 0000b000 08:01 11801604                   /lib/x86_64-linux-gnu/libnss_files-2.19.so
7fc38fbda000-7fc38fbe5000 r-xp 00000000 08:01 11801624                   /lib/x86_64-linux-gnu/libnss_nis-2.19.so
7fc38fbe5000-7fc38fde4000 ---p 0000b000 08:01 11801624                   /lib/x86_64-linux-gnu/libnss_nis-2.19.so
7fc38fde4000-7fc38fde5000 r--p 0000a000 08:01 11801624                   /lib/x86_64-linux-gnu/libnss_nis-2.19.so
7fc38fde5000-7fc38fde6000 rw-p 0000b000 08:01 11801624                   /lib/x86_64-linux-gnu/libnss_nis-2.19.so
7fc38fde6000-7fc38fdfd000 r-xp 00000000 08:01 11801613                   /lib/x86_64-linux-gnu/libnsl-2.19.so
7fc38fdfd000-7fc38fffc000 ---p 00017000 08:01 11801613                   /lib/x86_64-linux-gnu/libnsl-2.19.so
7fc38fffc000-7fc38fffd000 r--p 00016000 08:01 11801613                   /lib/x86_64-linux-gnu/libnsl-2.19.so
7fc38fffd000-7fc38fffe000 rw-p 00017000 08:01 11801613                   /lib/x86_64-linux-gnu/libnsl-2.19.so
7fc38fffe000-7fc390000000 rw-p 00000000 00:00 0 
7fc390000000-7fc390135000 rw-p 00000000 00:00 0 
7fc390135000-7fc394000000 ---p 00000000 00:00 0 
7fc394012000-7fc394045000 rw-p 00000000 00:00 0 
7fc394045000-7fc39408d000 rw-p 00000000 00:00 0 
7fc39408d000-7fc394096000 r-xp 00000000 08:01 11801612                   /lib/x86_64-linux-gnu/libnss_compat-2.19.so
7fc394096000-7fc394295000 ---p 00009000 08:01 11801612                   /lib/x86_64-linux-gnu/libnss_compat-2.19.so
7fc394295000-7fc394296000 r--p 00008000 08:01 11801612                   /lib/x86_64-linux-gnu/libnss_compat-2.19.so
7fc394296000-7fc394297000 rw-p 00009000 08:01 11801612                   /lib/x86_64-linux-gnu/libnss_compat-2.19.so
7fc394297000-7fc3942c2000 r-xp 00000000 08:01 18748677                   /usr/lib/jvm/java-7-openjdk-amd64/jre/lib/amd64/libjava.so
7fc3942c2000-7fc3944c1000 ---p 0002b000 08:01 18748677                   /usr/lib/jvm/java-7-openjdk-amd64/jre/lib/amd64/libjava.so
7fc3944c1000-7fc3944c2000 r--p 0002a000 08:01 18748677                   /usr/lib/jvm/java-7-openjdk-amd64/jre/lib/amd64/libjava.so
7fc3944c2000-7fc3944c4000 rw-p 0002b000 08:01 18748677                   /usr/lib/jvm/java-7-openjdk-amd64/jre/lib/amd64/libjava.so
7fc3944c4000-7fc3944d4000 r-xp 00000000 08:01 18748653                   /usr/lib/jvm/java-7-openjdk-amd64/jre/lib/amd64/libverify.so
7fc3944d4000-7fc3946d3000 ---p 00010000 08:01 18748653                   /usr/lib/jvm/java-7-openjdk-amd64/jre/lib/amd64/libverify.so
7fc3946d3000-7fc3946d5000 r--p 0000f000 08:01 18748653                   /usr/lib/jvm/java-7-openjdk-amd64/jre/lib/amd64/libverify.so
7fc3946d5000-7fc3946d6000 rw-p 00011000 08:01 18748653                   /usr/lib/jvm/java-7-openjdk-amd64/jre/lib/amd64/libverify.so
7fc3946d6000-7fc3946dd000 r-xp 00000000 08:01 11801621                   /lib/x86_64-linux-gnu/librt-2.19.so
7fc3946dd000-7fc3948dc000 ---p 00007000 08:01 11801621                   /lib/x86_64-linux-gnu/librt-2.19.so
7fc3948dc000-7fc3948dd000 r--p 00006000 08:01 11801621                   /lib/x86_64-linux-gnu/librt-2.19.so
7fc3948dd000-7fc3948de000 rw-p 00007000 08:01 11801621                   /lib/x86_64-linux-gnu/librt-2.19.so
7fc3948de000-7fc3948f4000 r-xp 00000000 08:01 11798405                   /lib/x86_64-linux-gnu/libgcc_s.so.1
7fc3948f4000-7fc394af3000 ---p 00016000 08:01 11798405                   /lib/x86_64-linux-gnu/libgcc_s.so.1
7fc394af3000-7fc394af4000 rw-p 00015000 08:01 11798405                   /lib/x86_64-linux-gnu/libgcc_s.so.1
7fc394af4000-7fc394bf9000 r-xp 00000000 08:01 11801603                   /lib/x86_64-linux-gnu/libm-2.19.so
7fc394bf9000-7fc394df8000 ---p 00105000 08:01 11801603                   /lib/x86_64-linux-gnu/libm-2.19.so
7fc394df8000-7fc394df9000 r--p 00104000 08:01 11801603                   /lib/x86_64-linux-gnu/libm-2.19.so
7fc394df9000-7fc394dfa000 rw-p 00105000 08:01 11801603                   /lib/x86_64-linux-gnu/libm-2.19.so
7fc394dfa000-7fc394ee0000 r-xp 00000000 08:01 15212410                   /usr/lib/x86_64-linux-gnu/libstdc++.so.6.0.19
7fc394ee0000-7fc3950df000 ---p 000e6000 08:01 15212410                   /usr/lib/x86_64-linux-gnu/libstdc++.so.6.0.19
7fc3950df000-7fc3950e7000 r--p 000e5000 08:01 15212410                   /usr/lib/x86_64-linux-gnu/libstdc++.so.6.0.19
7fc3950e7000-7fc3950e9000 rw-p 000ed000 08:01 15212410                   /usr/lib/x86_64-linux-gnu/libstdc++.so.6.0.19
7fc3950e9000-7fc3950fe000 rw-p 00000000 00:00 0 
7fc3950fe000-7fc395c17000 r-xp 00000000 08:01 18748641                   /usr/lib/jvm/java-7-openjdk-amd64/jre/lib/amd64/server/libjvm.so
7fc395c17000-7fc395e17000 ---p 00b19000 08:01 18748641                   /usr/lib/jvm/java-7-openjdk-amd64/jre/lib/amd64/server/libjvm.so
7fc395e17000-7fc395eb1000 r--p 00b19000 08:01 18748641                   /usr/lib/jvm/java-7-openjdk-amd64/jre/lib/amd64/server/libjvm.so
7fc395eb1000-7fc395ed4000 rw-p 00bb3000 08:01 18748641                   /usr/lib/jvm/java-7-openjdk-amd64/jre/lib/amd64/server/libjvm.so
7fc395ed4000-7fc395f02000 rw-p 00000000 00:00 0 
7fc395f02000-7fc395f1a000 r-xp 00000000 08:01 11800098                   /lib/x86_64-linux-gnu/libz.so.1.2.8
7fc395f1a000-7fc396119000 ---p 00018000 08:01 11800098                   /lib/x86_64-linux-gnu/libz.so.1.2.8
7fc396119000-7fc39611a000 r--p 00017000 08:01 11800098                   /lib/x86_64-linux-gnu/libz.so.1.2.8
7fc39611a000-7fc39611b000 rw-p 00018000 08:01 11800098                   /lib/x86_64-linux-gnu/libz.so.1.2.8
7fc39611b000-7fc396134000 r-xp 00000000 08:01 11801619                   /lib/x86_64-linux-gnu/libpthread-2.19.so
7fc396134000-7fc396333000 ---p 00019000 08:01 11801619                   /lib/x86_64-linux-gnu/libpthread-2.19.so
7fc396333000-7fc396334000 r--p 00018000 08:01 11801619                   /lib/x86_64-linux-gnu/libpthread-2.19.so
7fc396334000-7fc396335000 rw-p 00019000 08:01 11801619                   /lib/x86_64-linux-gnu/libpthread-2.19.so
7fc396335000-7fc396339000 rw-p 00000000 00:00 0 
7fc396339000-7fc39633c000 r-xp 00000000 08:01 11801607                   /lib/x86_64-linux-gnu/libdl-2.19.so
7fc39633c000-7fc39653b000 ---p 00003000 08:01 11801607                   /lib/x86_64-linux-gnu/libdl-2.19.so
7fc39653b000-7fc39653c000 r--p 00002000 08:01 11801607                   /lib/x86_64-linux-gnu/libdl-2.19.so
7fc39653c000-7fc39653d000 rw-p 00003000 08:01 11801607                   /lib/x86_64-linux-gnu/libdl-2.19.so
7fc39653d000-7fc3966f8000 r-xp 00000000 08:01 11801618                   /lib/x86_64-linux-gnu/libc-2.19.so
7fc3966f8000-7fc3968f7000 ---p 001bb000 08:01 11801618                   /lib/x86_64-linux-gnu/libc-2.19.so
7fc3968f7000-7fc3968fb000 r--p 001ba000 08:01 11801618                   /lib/x86_64-linux-gnu/libc-2.19.so
7fc3968fb000-7fc3968fd000 rw-p 001be000 08:01 11801618                   /lib/x86_64-linux-gnu/libc-2.19.so
7fc3968fd000-7fc396902000 rw-p 00000000 00:00 0 
7fc396902000-7fc39690f000 r-xp 00000000 08:01 18748638                   /usr/lib/jvm/java-7-openjdk-amd64/jre/lib/amd64/jli/libjli.so
7fc39690f000-7fc396b0e000 ---p 0000d000 08:01 18748638                   /usr/lib/jvm/java-7-openjdk-amd64/jre/lib/amd64/jli/libjli.so
7fc396b0e000-7fc396b0f000 r--p 0000c000 08:01 18748638                   /usr/lib/jvm/java-7-openjdk-amd64/jre/lib/amd64/jli/libjli.so
7fc396b0f000-7fc396b10000 rw-p 0000d000 08:01 18748638                   /usr/lib/jvm/java-7-openjdk-amd64/jre/lib/amd64/jli/libjli.so
7fc396b10000-7fc396b33000 r-xp 00000000 08:01 11801615                   /lib/x86_64-linux-gnu/ld-2.19.so
7fc396b34000-7fc396b35000 rw-p 00000000 00:00 0 
7fc396b35000-7fc396b39000 r--s 00034000 08:01 18748625                   /usr/lib/jvm/java-7-openjdk-amd64/jre/lib/ext/sunjce_provider.jar
7fc396b39000-7fc396b3d000 r--s 0003c000 08:01 18748626                   /usr/lib/jvm/java-7-openjdk-amd64/jre/lib/ext/sunpkcs11.jar
7fc396b3d000-7fc396b47000 rw-p 00000000 00:00 0 
7fc396b47000-7fc396bfd000 rw-p 00000000 00:00 0 
7fc396bfd000-7fc396c00000 ---p 00000000 00:00 0 
7fc396c00000-7fc396d03000 rw-p 00000000 00:00 0                          [stack:30381]
7fc396d03000-7fc396d06000 r--s 0000f000 08:01 18748627                   /usr/lib/jvm/java-7-openjdk-amd64/jre/lib/ext/icedtea-sound.jar
7fc396d06000-7fc396d08000 r--s 00006000 08:01 15606275                   /usr/share/java/java-atk-wrapper.jar
7fc396d08000-7fc396d0c000 r--s 00085000 08:01 18748621                   /usr/lib/jvm/java-7-openjdk-amd64/jre/lib/ext/localedata.jar
7fc396d0c000-7fc396d0d000 r--s 00002000 08:01 18748624                   /usr/lib/jvm/java-7-openjdk-amd64/jre/lib/ext/dnsns.jar
7fc396d0d000-7fc396d0f000 r--s 00012000 08:01 18748628                   /usr/lib/jvm/java-7-openjdk-amd64/jre/lib/ext/zipfs.jar
7fc396d0f000-7fc396d26000 rw-p 00000000 00:00 0 
7fc396d26000-7fc396d2e000 rw-s 00000000 08:01 19147434                   /tmp/hsperfdata_ilari/30378
7fc396d2e000-7fc396d2f000 rw-p 00000000 00:00 0 
7fc396d2f000-7fc396d30000 ---p 00000000 00:00 0 
7fc396d30000-7fc396d32000 rw-p 00000000 00:00 0 
7fc396d32000-7fc396d33000 r--p 00022000 08:01 11801615                   /lib/x86_64-linux-gnu/ld-2.19.so
7fc396d33000-7fc396d34000 rw-p 00023000 08:01 11801615                   /lib/x86_64-linux-gnu/ld-2.19.so
7fc396d34000-7fc396d35000 rw-p 00000000 00:00 0 
7ffd8206c000-7ffd8208d000 rw-p 00000000 00:00 0                          [stack]
7ffd820a2000-7ffd820a4000 r-xp 00000000 00:00 0                          [vdso]
ffffffffff600000-ffffffffff601000 r-xp 00000000 00:00 0                  [vsyscall]

VM Arguments:
java_command: dynamicprogramming.boxstacking.Main
Launcher Type: SUN_STANDARD

Environment Variables:
JAVA_HOME=/usr/lib/jvm/java-7-openjdk-amd64
PATH=/usr/local/sbin:/usr/local/bin:/usr/sbin:/usr/bin:/sbin:/bin:/usr/games:/usr/local/games
LD_LIBRARY_PATH=/usr/lib/jvm/java-7-openjdk-amd64/jre/lib/amd64:/usr/lib/jvm/java-7-openjdk-amd64/jre/lib/i386:
SHELL=/bin/bash
DISPLAY=:0.0

Signal Handlers:
SIGSEGV: [libjvm.so+0x94bab0], sa_mask[0]=0x7ffbfeff, sa_flags=0x10000004
SIGBUS: [libjvm.so+0x94bab0], sa_mask[0]=0x7ffbfeff, sa_flags=0x10000004
SIGFPE: [libjvm.so+0x7c38b0], sa_mask[0]=0x7ffbfeff, sa_flags=0x10000004
SIGPIPE: [libjvm.so+0x7c38b0], sa_mask[0]=0x7ffbfeff, sa_flags=0x10000004
SIGXFSZ: [libjvm.so+0x7c38b0], sa_mask[0]=0x7ffbfeff, sa_flags=0x10000004
SIGILL: [libjvm.so+0x7c38b0], sa_mask[0]=0x7ffbfeff, sa_flags=0x10000004
SIGUSR1: SIG_DFL, sa_mask[0]=0x00000000, sa_flags=0x00000000
SIGUSR2: [libjvm.so+0x7c3750], sa_mask[0]=0x00000004, sa_flags=0x10000004
SIGHUP: [libjvm.so+0x7c3930], sa_mask[0]=0x7ffbfeff, sa_flags=0x10000004
SIGINT: SIG_IGN, sa_mask[0]=0x00000000, sa_flags=0x00000000
SIGTERM: [libjvm.so+0x7c3930], sa_mask[0]=0x7ffbfeff, sa_flags=0x10000004
SIGQUIT: [libjvm.so+0x7c3930], sa_mask[0]=0x7ffbfeff, sa_flags=0x10000004
SIGTRAP: SIG_DFL, sa_mask[0]=0x00000000, sa_flags=0x00000000


---------------  S Y S T E M  ---------------

OS:Ubuntu 14.04 (trusty)
uname:Linux 3.13.0-61-lowlatency #100-Ubuntu SMP PREEMPT Wed Jul 29 11:57:17 UTC 2015 x86_64
libc:glibc 2.19 NPTL 2.19 
rlimit: STACK 8192k, CORE 0k, NPROC 30588, NOFILE 4096, AS infinity
load average:0.79 1.05 0.89

/proc/meminfo:
MemTotal:        3946324 kB
MemFree:          598088 kB
Buffers:           81768 kB
Cached:           781144 kB
SwapCached:          272 kB
Active:          1861500 kB
Inactive:        1027252 kB
Active(anon):    1445792 kB
Inactive(anon):   723144 kB
Active(file):     415708 kB
Inactive(file):   304108 kB
Unevictable:          32 kB
Mlocked:              32 kB
SwapTotal:       4090876 kB
SwapFree:        4086368 kB
Dirty:                72 kB
Writeback:             0 kB
AnonPages:       2025604 kB
Mapped:           173456 kB
Shmem:            143096 kB
Slab:             358436 kB
SReclaimable:     282196 kB
SUnreclaim:        76240 kB
KernelStack:        4376 kB
PageTables:        34632 kB
NFS_Unstable:          0 kB
Bounce:                0 kB
WritebackTmp:          0 kB
CommitLimit:     6064036 kB
Committed_AS:    4986084 kB
VmallocTotal:   34359738367 kB
VmallocUsed:      543760 kB
VmallocChunk:   34359172396 kB
HardwareCorrupted:     0 kB
AnonHugePages:    813056 kB
HugePages_Total:       0
HugePages_Free:        0
HugePages_Rsvd:        0
HugePages_Surp:        0
Hugepagesize:       2048 kB
DirectMap4k:       92824 kB
DirectMap2M:     3999744 kB


CPU:total 2 (2 cores per cpu, 1 threads per core) family 6 model 23 stepping 10, cmov, cx8, fxsr, mmx, sse, sse2, sse3, ssse3, tsc

/proc/cpuinfo:
processor	: 0
vendor_id	: GenuineIntel
cpu family	: 6
model		: 23
model name	: Celeron(R) Dual-Core CPU       T3100  @ 1.90GHz
stepping	: 10
microcode	: 0xa0b
cpu MHz		: 1895.462
cache size	: 1024 KB
physical id	: 0
siblings	: 2
core id		: 0
cpu cores	: 2
apicid		: 0
initial apicid	: 0
fpu		: yes
fpu_exception	: yes
cpuid level	: 13
wp		: yes
flags		: fpu vme de pse tsc msr pae mce cx8 apic sep mtrr pge mca cmov pat pse36 clflush dts acpi mmx fxsr sse sse2 ss ht tm pbe syscall nx lm constant_tsc arch_perfmon pebs bts nopl aperfmperf pni dtes64 monitor ds_cpl tm2 ssse3 cx16 xtpr pdcm xsave lahf_lm dtherm
bogomips	: 3790.92
clflush size	: 64
cache_alignment	: 64
address sizes	: 36 bits physical, 48 bits virtual
power management:

processor	: 1
vendor_id	: GenuineIntel
cpu family	: 6
model		: 23
model name	: Celeron(R) Dual-Core CPU       T3100  @ 1.90GHz
stepping	: 10
microcode	: 0xa0b
cpu MHz		: 1895.462
cache size	: 1024 KB
physical id	: 0
siblings	: 2
core id		: 1
cpu cores	: 2
apicid		: 1
initial apicid	: 1
fpu		: yes
fpu_exception	: yes
cpuid level	: 13
wp		: yes
flags		: fpu vme de pse tsc msr pae mce cx8 apic sep mtrr pge mca cmov pat pse36 clflush dts acpi mmx fxsr sse sse2 ss ht tm pbe syscall nx lm constant_tsc arch_perfmon pebs bts nopl aperfmperf pni dtes64 monitor ds_cpl tm2 ssse3 cx16 xtpr pdcm xsave lahf_lm dtherm
bogomips	: 3790.92
clflush size	: 64
cache_alignment	: 64
address sizes	: 36 bits physical, 48 bits virtual
power management:



Memory: 4k page, physical 3946324k(598088k free), swap 4090876k(4086368k free)

vm_info: OpenJDK 64-Bit Server VM (24.79-b02) for linux-amd64 JRE (1.7.0_79-b14), built on Jul 24 2015 08:15:54 by "buildd" with gcc 4.8.2

time: Thu Aug 13 22:52:06 2015
elapsed time: 17 seconds

