#
# A fatal error has been detected by the Java Runtime Environment:
#
#  SIGSEGV (0xb) at pc=0x00007fd6027b8ca9, pid=32601, tid=140557103011584
#
# JRE version: OpenJDK Runtime Environment (7.0_79-b14) (build 1.7.0_79-b14)
# Java VM: OpenJDK 64-Bit Server VM (24.79-b02 mixed mode linux-amd64 compressed oops)
# Derivative: IcedTea 2.5.6
# Distribution: Ubuntu 14.04 LTS, package 7u79-2.5.6-0ubuntu1.14.04.1
# Problematic frame:
# V  [libjvm.so+0x81fca9]  ParCompactionManager::follow_marking_stacks()+0xc49
#
# Failed to write core dump. Core dumps have been disabled. To enable core dumping, try "ulimit -c unlimited" before starting Java again
#
# If you would like to submit a bug report, please include
# instructions on how to reproduce the bug and visit:
#   http://icedtea.classpath.org/bugzilla
#

---------------  T H R E A D  ---------------

Current thread (0x00007fd5fc020000):  GCTaskThread [stack: 0x00007fd600221000,0x00007fd600322000] [id=32606]

siginfo:si_signo=SIGSEGV: si_errno=0, si_code=128 (), si_addr=0x0000000000000000

Registers:
RAX=0x0000000000000000, RBX=0x00000000cb66b114, RCX=0x0000000000000000, RDX=0x0000000000000001
RSP=0x00007fd600320c80, RBP=0x00007fd600320d20, RSI=0x00007fd5f6cb0000, RDI=0x0000000000000000
R8 =0x0000000083c00000, R9 =0x0000000000000000, R10=0x007fffffffe53000, R11=0x0000000000000800
R12=0x0000000000000001, R13=0x00007fd5fc06e780, R14=0x00007fd602d81dc0, R15=0x00000000cb66b2e0
RIP=0x00007fd6027b8ca9, EFLAGS=0x0000000000010206, CSGSFS=0x0000000000000033, ERR=0x0000000000000000
  TRAPNO=0x000000000000000d

Top of Stack: (sp=0x00007fd600320c80)
0x00007fd600320c80:   00007fd5fc06e810 00007fd5fc06e840
0x00007fd600320c90:   00007fd5fc06e7c0 0000000001db55e3
0x00007fd600320ca0:   00007fd602d785c3 00007fd5fc06e790
0x00007fd600320cb0:   0000000000ab8800 0000000000000c00
0x00007fd600320cc0:   00000000c8b892d0 0000000000000000
0x00007fd600320cd0:   000084b800000000 00007fd5fc00a000
0x00007fd600320ce0:   000084b900000000 00007fd5fc06e701
0x00007fd600320cf0:   00007fd5d0002570 00007fd5d0000f60
0x00007fd600320d00:   00007fd5fc023f70 00007fd5fc06e780
0x00007fd600320d10:   00007fd5d0002570 00007fd5fc020250
0x00007fd600320d20:   00007fd600320dc0 00007fd60279e8e9
0x00007fd600320d30:   00007fd600320dc0 00007fd600320d50
0x00007fd600320d40:   00000000000083b0 00007fd5d0008f48
0x00007fd600320d50:   00007fd602d45eb0 00007fd5fc020000
0x00007fd600320d60:   0000000000000000 00007fd5fc06e780
0x00007fd600320d70:   00007fd602d3db90 00007fd602728f00
0x00007fd600320d80:   00007fd600320d50 00007fd5fc01f501
0x00007fd600320d90:   00007fd600320dc0 0000000000000001
0x00007fd600320da0:   00007fd5fc023f70 00007fd602945676
0x00007fd600320db0:   00007fd5fc020000 00007fd602d783ea
0x00007fd600320dc0:   00007fd600320ed0 00007fd6024de0e2
0x00007fd600320dd0:   00000000000003d8 00007fd5fc020668
0x00007fd600320de0:   00007fd5fc020290 00007fd600320e60
0x00007fd600320df0:   00007fd5fc020250 00007fd5fc020280
0x00007fd600320e00:   00007fd600320e10 0000000000000000
0x00007fd600320e10:   0000000000000000 00007fd5fc021000
0x00007fd600320e20:   00007fd5fc020000 00007fd5fc020670
0x00007fd600320e30:   00007fd5fc0206b0 00007fd5fc0206c0
0x00007fd600320e40:   00007fd5fc020a98 00000000000003d8
0x00007fd600320e50:   00007fd5fc020aa0 00007fd5fc021410
0x00007fd600320e60:   00007fd5fc020000 00007fd5fc020670
0x00007fd600320e70:   00007fd5fc0206b0 00007fd5fc0206c0 

Instructions: (pc=0x00007fd6027b8ca9)
0x00007fd6027b8c89:   8d 04 38 4c 89 c0 49 2b 06 48 c1 e8 03 48 d3 e8
0x00007fd6027b8c99:   49 89 c2 83 e0 3f 49 c1 ea 06 48 89 c1 48 d3 e2
0x00007fd6027b8ca9:   4a 23 14 d6 49 89 d4 75 96 48 8b 45 80 0f b6 10
0x00007fd6027b8cb9:   84 d2 0f 85 b7 01 00 00 49 8b 40 08 8b 48 18 48 

Register to memory mapping:

RAX=0x0000000000000000 is an unknown value
RBX=0x00000000cb66b114 is pointing into object: 0x00000000c8b892d0
[Ljava.lang.Object; 
 - klass: 'java/lang/Object'[]
 - length: 31151587
RCX=0x0000000000000000 is an unknown value
RDX=0x0000000000000001 is an unknown value
RSP=0x00007fd600320c80 is an unknown value
RBP=0x00007fd600320d20 is an unknown value
RSI=0x00007fd5f6cb0000 is an unknown value
RDI=0x0000000000000000 is an unknown value
R8 =0x0000000083c00000 is an unknown value
R9 =0x0000000000000000 is an unknown value
R10=0x007fffffffe53000 is an unknown value
R11=0x0000000000000800 is an unknown value
R12=0x0000000000000001 is an unknown value
R13=0x00007fd5fc06e780 is an unknown value
R14=0x00007fd602d81dc0: <offset 0xde8dc0> in /usr/lib/jvm/java-7-openjdk-amd64/jre/lib/amd64/server/libjvm.so at 0x00007fd601f99000
R15=0x00000000cb66b2e0 is pointing into object: 0x00000000c8b892d0
[Ljava.lang.Object; 
 - klass: 'java/lang/Object'[]
 - length: 31151587


Stack: [0x00007fd600221000,0x00007fd600322000],  sp=0x00007fd600320c80,  free space=1023k
Native frames: (J=compiled Java code, j=interpreted, Vv=VM code, C=native code)
V  [libjvm.so+0x81fca9]  ParCompactionManager::follow_marking_stacks()+0xc49
V  [libjvm.so+0x8058e9]  ThreadRootsMarkingTask::do_it(GCTaskManager*, unsigned int)+0xd9
V  [libjvm.so+0x5450e2]  GCTaskThread::run()+0x162
V  [libjvm.so+0x7c4f62]  java_start(Thread*)+0xf2


---------------  P R O C E S S  ---------------

Java Threads: ( => current thread )
  0x00007fd5fc0ab800 JavaThread "Service Thread" daemon [_thread_blocked, id=32614, stack(0x00007fd5f5435000,0x00007fd5f5536000)]
  0x00007fd5fc0a9800 JavaThread "C2 CompilerThread1" daemon [_thread_blocked, id=32613, stack(0x00007fd5f5536000,0x00007fd5f5637000)]
  0x00007fd5fc0a6800 JavaThread "C2 CompilerThread0" daemon [_thread_blocked, id=32612, stack(0x00007fd5f5637000,0x00007fd5f5738000)]
  0x00007fd5fc0a4800 JavaThread "Signal Dispatcher" daemon [_thread_blocked, id=32611, stack(0x00007fd5f5738000,0x00007fd5f5839000)]
  0x00007fd5fc077800 JavaThread "Finalizer" daemon [_thread_blocked, id=32610, stack(0x00007fd5f5c33000,0x00007fd5f5d34000)]
  0x00007fd5fc075800 JavaThread "Reference Handler" daemon [_thread_blocked, id=32609, stack(0x00007fd5f5d34000,0x00007fd5f5e35000)]
  0x00007fd5fc00a000 JavaThread "main" [_thread_blocked, id=32605, stack(0x00007fd603a98000,0x00007fd603b99000)]

Other Threads:
  0x00007fd5fc071000 VMThread [stack: 0x00007fd5f5e35000,0x00007fd5f5f36000] [id=32608]
  0x00007fd5fc0b6000 WatcherThread [stack: 0x00007fd5f5334000,0x00007fd5f5435000] [id=32615]

=>0x00007fd5fc020000 (exited) GCTaskThread [stack: 0x00007fd600221000,0x00007fd600322000] [id=32606]

VM state:at safepoint (normal execution)

VM Mutex/Monitor currently owned by a thread:  ([mutex/lock_event])
[0x00007fd5fc006420] Threads_lock - owner thread: 0x00007fd5fc071000
[0x00007fd5fc006920] Heap_lock - owner thread: 0x00007fd5fc00a000

Heap
 PSYoungGen      total 189440K, used 0K [0x00000000ebe80000, 0x00000000fbd00000, 0x0000000100000000)
  eden space 187904K, 0% used [0x00000000ebe80000,0x00000000ebe80000,0x00000000f7600000)
  from space 1536K, 0% used [0x00000000f7600000,0x00000000f7600000,0x00000000f7780000)
  to   space 1536K, 0% used [0x00000000fbb80000,0x00000000fbb80000,0x00000000fbd00000)
 ParOldGen       total 295424K, used 203130K [0x00000000c3c00000, 0x00000000d5c80000, 0x00000000ebe80000)
  object space 295424K, 68% used [0x00000000c3c00000,0x00000000d025ea70,0x00000000d5c80000)
 PSPermGen       total 21504K, used 3495K [0x00000000b9600000, 0x00000000bab00000, 0x00000000c3c00000)
  object space 21504K, 16% used [0x00000000b9600000,0x00000000b9969c78,0x00000000bab00000)

Card table byte_map: [0x00007fd6004b7000,0x00007fd6006ed000] byte_map_base: 0x00007fd5ffeec000

Polling page: 0x00007fd603bca000

Code Cache  [0x00007fd5f9000000, 0x00007fd5f9270000, 0x00007fd5fc000000)
 total_blobs=211 nmethods=21 adapters=145 free_code_cache=48747Kb largest_free_block=49897856

Compilation events (10 events):
Event: 14.174 Thread 0x00007fd5fc0a6800 nmethod 17 0x00007fd5f9063990 code [0x00007fd5f9063ae0, 0x00007fd5f9063b88]
Event: 14.174 Thread 0x00007fd5fc0a6800   18             java.util.ArrayList::iterator (10 bytes)
Event: 14.175 Thread 0x00007fd5fc0a6800 nmethod 18 0x00007fd5f90636d0 code [0x00007fd5f9063820, 0x00007fd5f90638d8]
Event: 14.175 Thread 0x00007fd5fc0a6800   19             java.util.ArrayList$Itr::<init> (6 bytes)
Event: 14.177 Thread 0x00007fd5fc0a6800 nmethod 19 0x00007fd5f9063390 code [0x00007fd5f90634c0, 0x00007fd5f9063558]
Event: 14.177 Thread 0x00007fd5fc0a6800   20             java.util.ArrayList$Itr::<init> (26 bytes)
Event: 14.179 Thread 0x00007fd5fc0a6800 nmethod 20 0x00007fd5f9064d10 code [0x00007fd5f9064e40, 0x00007fd5f9064ed8]
Event: 14.180 Thread 0x00007fd5fc0a6800   21             java.util.ArrayList::isEmpty (13 bytes)
Event: 14.180 Thread 0x00007fd5fc0a6800 nmethod 21 0x00007fd5f9064f90 code [0x00007fd5f90650c0, 0x00007fd5f9065118]
Event: 14.179 Thread 0x00007fd5fc0a9800 nmethod 13% 0x00007fd5f9065250 code [0x00007fd5f9065440, 0x00007fd5f9065c58]

GC Heap History (10 events):
Event: 18.864 GC heap after
Heap after GC invocations=12 (full 2):
 PSYoungGen      total 139264K, used 0K [0x00000000ebe80000, 0x00000000f6480000, 0x0000000100000000)
  eden space 137216K, 0% used [0x00000000ebe80000,0x00000000ebe80000,0x00000000f4480000)
  from space 2048K, 0% used [0x00000000f4680000,0x00000000f4680000,0x00000000f4880000)
  to   space 2048K, 0% used [0x00000000f4480000,0x00000000f4480000,0x00000000f4680000)
 ParOldGen       total 136192K, used 90458K [0x00000000c3c00000, 0x00000000cc100000, 0x00000000ebe80000)
  object space 136192K, 66% used [0x00000000c3c00000,0x00000000c94569f0,0x00000000cc100000)
 PSPermGen       total 21504K, used 3495K [0x00000000b9600000, 0x00000000bab00000, 0x00000000c3c00000)
  object space 21504K, 16% used [0x00000000b9600000,0x00000000b9969c78,0x00000000bab00000)
}
Event: 19.169 GC heap before
{Heap before GC invocations=13 (full 2):
 PSYoungGen      total 139264K, used 137216K [0x00000000ebe80000, 0x00000000f6480000, 0x0000000100000000)
  eden space 137216K, 100% used [0x00000000ebe80000,0x00000000f4480000,0x00000000f4480000)
  from space 2048K, 0% used [0x00000000f4680000,0x00000000f4680000,0x00000000f4880000)
  to   space 2048K, 0% used [0x00000000f4480000,0x00000000f4480000,0x00000000f4680000)
 ParOldGen       total 136192K, used 90458K [0x00000000c3c00000, 0x00000000cc100000, 0x00000000ebe80000)
  object space 136192K, 66% used [0x00000000c3c00000,0x00000000c94569f0,0x00000000cc100000)
 PSPermGen       total 21504K, used 3495K [0x00000000b9600000, 0x00000000bab00000, 0x00000000c3c00000)
  object space 21504K, 16% used [0x00000000b9600000,0x00000000b9969c78,0x00000000bab00000)
Event: 20.192 GC heap after
Heap after GC invocations=13 (full 2):
 PSYoungGen      total 139264K, used 0K [0x00000000ebe80000, 0x00000000f7a00000, 0x0000000100000000)
  eden space 137216K, 0% used [0x00000000ebe80000,0x00000000ebe80000,0x00000000f4480000)
  from space 2048K, 0% used [0x00000000f4480000,0x00000000f4480000,0x00000000f4680000)
  to   space 1536K, 0% used [0x00000000f7880000,0x00000000f7880000,0x00000000f7a00000)
 ParOldGen       total 217600K, used 171582K [0x00000000c3c00000, 0x00000000d1080000, 0x00000000ebe80000)
  object space 217600K, 78% used [0x00000000c3c00000,0x00000000ce38f9b8,0x00000000d1080000)
 PSPermGen       total 21504K, used 3495K [0x00000000b9600000, 0x00000000bab00000, 0x00000000c3c00000)
  object space 21504K, 16% used [0x00000000b9600000,0x00000000b9969c78,0x00000000bab00000)
}
Event: 20.192 GC heap before
{Heap before GC invocations=14 (full 3):
 PSYoungGen      total 139264K, used 0K [0x00000000ebe80000, 0x00000000f7a00000, 0x0000000100000000)
  eden space 137216K, 0% used [0x00000000ebe80000,0x00000000ebe80000,0x00000000f4480000)
  from space 2048K, 0% used [0x00000000f4480000,0x00000000f4480000,0x00000000f4680000)
  to   space 1536K, 0% used [0x00000000f7880000,0x00000000f7880000,0x00000000f7a00000)
 ParOldGen       total 217600K, used 171582K [0x00000000c3c00000, 0x00000000d1080000, 0x00000000ebe80000)
  object space 217600K, 78% used [0x00000000c3c00000,0x00000000ce38f9b8,0x00000000d1080000)
 PSPermGen       total 21504K, used 3495K [0x00000000b9600000, 0x00000000bab00000, 0x00000000c3c00000)
  object space 21504K, 16% used [0x00000000b9600000,0x00000000b9969c78,0x00000000bab00000)
Event: 20.688 GC heap after
Heap after GC invocations=14 (full 3):
 PSYoungGen      total 139264K, used 0K [0x00000000ebe80000, 0x00000000f7a00000, 0x0000000100000000)
  eden space 137216K, 0% used [0x00000000ebe80000,0x00000000ebe80000,0x00000000f4480000)
  from space 2048K, 0% used [0x00000000f4480000,0x00000000f4480000,0x00000000f4680000)
  to   space 1536K, 0% used [0x00000000f7880000,0x00000000f7880000,0x00000000f7a00000)
 ParOldGen       total 173568K, used 81444K [0x00000000c3c00000, 0x00000000ce580000, 0x00000000ebe80000)
  object space 173568K, 46% used [0x00000000c3c00000,0x00000000c8b892d0,0x00000000ce580000)
 PSPermGen       total 21504K, used 3495K [0x00000000b9600000, 0x00000000bab00000, 0x00000000c3c00000)
  object space 21504K, 16% used [0x00000000b9600000,0x00000000b9969c78,0x00000000bab00000)
}
Event: 21.207 GC heap before
{Heap before GC invocations=15 (full 3):
 PSYoungGen      total 139264K, used 137216K [0x00000000ebe80000, 0x00000000f7a00000, 0x0000000100000000)
  eden space 137216K, 100% used [0x00000000ebe80000,0x00000000f4480000,0x00000000f4480000)
  from space 2048K, 0% used [0x00000000f4480000,0x00000000f4480000,0x00000000f4680000)
  to   space 1536K, 0% used [0x00000000f7880000,0x00000000f7880000,0x00000000f7a00000)
 ParOldGen       total 173568K, used 81444K [0x00000000c3c00000, 0x00000000ce580000, 0x00000000ebe80000)
  object space 173568K, 46% used [0x00000000c3c00000,0x00000000c8b892d0,0x00000000ce580000)
 PSPermGen       total 21504K, used 3495K [0x00000000b9600000, 0x00000000bab00000, 0x00000000c3c00000)
  object space 21504K, 16% used [0x00000000b9600000,0x00000000b9969c78,0x00000000bab00000)
Event: 21.266 GC heap after
Heap after GC invocations=15 (full 3):
 PSYoungGen      total 187904K, used 0K [0x00000000ebe80000, 0x00000000f7900000, 0x0000000100000000)
  eden space 187392K, 0% used [0x00000000ebe80000,0x00000000ebe80000,0x00000000f7580000)
  from space 512K, 0% used [0x00000000f7880000,0x00000000f7880000,0x00000000f7900000)
  to   space 1536K, 0% used [0x00000000f7600000,0x00000000f7600000,0x00000000f7780000)
 ParOldGen       total 173568K, used 81444K [0x00000000c3c00000, 0x00000000ce580000, 0x00000000ebe80000)
  object space 173568K, 46% used [0x00000000c3c00000,0x00000000c8b892d0,0x00000000ce580000)
 PSPermGen       total 21504K, used 3495K [0x00000000b9600000, 0x00000000bab00000, 0x00000000c3c00000)
  object space 21504K, 16% used [0x00000000b9600000,0x00000000b9969c78,0x00000000bab00000)
}
Event: 22.225 GC heap before
{Heap before GC invocations=16 (full 3):
 PSYoungGen      total 187904K, used 187392K [0x00000000ebe80000, 0x00000000f7900000, 0x0000000100000000)
  eden space 187392K, 100% used [0x00000000ebe80000,0x00000000f7580000,0x00000000f7580000)
  from space 512K, 0% used [0x00000000f7880000,0x00000000f7880000,0x00000000f7900000)
  to   space 1536K, 0% used [0x00000000f7600000,0x00000000f7600000,0x00000000f7780000)
 ParOldGen       total 173568K, used 81444K [0x00000000c3c00000, 0x00000000ce580000, 0x00000000ebe80000)
  object space 173568K, 46% used [0x00000000c3c00000,0x00000000c8b892d0,0x00000000ce580000)
 PSPermGen       total 21504K, used 3495K [0x00000000b9600000, 0x00000000bab00000, 0x00000000c3c00000)
  object space 21504K, 16% used [0x00000000b9600000,0x00000000b9969c78,0x00000000bab00000)
Event: 22.852 GC heap after
Heap after GC invocations=16 (full 3):
 PSYoungGen      total 189440K, used 0K [0x00000000ebe80000, 0x00000000fbd00000, 0x0000000100000000)
  eden space 187904K, 0% used [0x00000000ebe80000,0x00000000ebe80000,0x00000000f7600000)
  from space 1536K, 0% used [0x00000000f7600000,0x00000000f7600000,0x00000000f7780000)
  to   space 1536K, 0% used [0x00000000fbb80000,0x00000000fbb80000,0x00000000fbd00000)
 ParOldGen       total 295424K, used 203130K [0x00000000c3c00000, 0x00000000d5c80000, 0x00000000ebe80000)
  object space 295424K, 68% used [0x00000000c3c00000,0x00000000d025ea70,0x00000000d5c80000)
 PSPermGen       total 21504K, used 3495K [0x00000000b9600000, 0x00000000bab00000, 0x00000000c3c00000)
  object space 21504K, 16% used [0x00000000b9600000,0x00000000b9969c78,0x00000000bab00000)
}
Event: 22.852 GC heap before
{Heap before GC invocations=17 (full 4):
 PSYoungGen      total 189440K, used 0K [0x00000000ebe80000, 0x00000000fbd00000, 0x0000000100000000)
  eden space 187904K, 0% used [0x00000000ebe80000,0x00000000ebe80000,0x00000000f7600000)
  from space 1536K, 0% used [0x00000000f7600000,0x00000000f7600000,0x00000000f7780000)
  to   space 1536K, 0% used [0x00000000fbb80000,0x00000000fbb80000,0x00000000fbd00000)
 ParOldGen       total 295424K, used 203130K [0x00000000c3c00000, 0x00000000d5c80000, 0x00000000ebe80000)
  object space 295424K, 68% used [0x00000000c3c00000,0x00000000d025ea70,0x00000000d5c80000)
 PSPermGen       total 21504K, used 3495K [0x00000000b9600000, 0x00000000bab00000, 0x00000000c3c00000)
  object space 21504K, 16% used [0x00000000b9600000,0x00000000b9969c78,0x00000000bab00000)

Deoptimization events (0 events):
No events

Internal exceptions (10 events):
Event: 0.200 Thread 0x00007fd5fc00a000 Threw 0x00000000ebec7600 at /build/openjdk-7-FO0dNI/openjdk-7-7u79-2.5.6/build/openjdk/hotspot/src/share/vm/prims/jvm.cpp:1284
Event: 0.200 Thread 0x00007fd5fc00a000 Threw 0x00000000ebec7728 at /build/openjdk-7-FO0dNI/openjdk-7-7u79-2.5.6/build/openjdk/hotspot/src/share/vm/prims/jvm.cpp:1284
Event: 0.201 Thread 0x00007fd5fc00a000 Threw 0x00000000ebec9d18 at /build/openjdk-7-FO0dNI/openjdk-7-7u79-2.5.6/build/openjdk/hotspot/src/share/vm/prims/jvm.cpp:1284
Event: 0.248 Thread 0x00007fd5fc00a000 Threw 0x00000000ebeebda0 at /build/openjdk-7-FO0dNI/openjdk-7-7u79-2.5.6/build/openjdk/hotspot/src/share/vm/prims/jvm.cpp:1284
Event: 0.248 Thread 0x00007fd5fc00a000 Threw 0x00000000ebeebec8 at /build/openjdk-7-FO0dNI/openjdk-7-7u79-2.5.6/build/openjdk/hotspot/src/share/vm/prims/jvm.cpp:1284
Event: 0.248 Thread 0x00007fd5fc00a000 Threw 0x00000000ebeee478 at /build/openjdk-7-FO0dNI/openjdk-7-7u79-2.5.6/build/openjdk/hotspot/src/share/vm/prims/jvm.cpp:1284
Event: 0.248 Thread 0x00007fd5fc00a000 Threw 0x00000000ebeee5a0 at /build/openjdk-7-FO0dNI/openjdk-7-7u79-2.5.6/build/openjdk/hotspot/src/share/vm/prims/jvm.cpp:1284
Event: 0.249 Thread 0x00007fd5fc00a000 Threw 0x00000000ebeeeea0 at /build/openjdk-7-FO0dNI/openjdk-7-7u79-2.5.6/build/openjdk/hotspot/src/share/vm/prims/jvm.cpp:1284
Event: 0.249 Thread 0x00007fd5fc00a000 Threw 0x00000000ebeeefc8 at /build/openjdk-7-FO0dNI/openjdk-7-7u79-2.5.6/build/openjdk/hotspot/src/share/vm/prims/jvm.cpp:1284
Event: 14.109 Thread 0x00007fd5fc00a000 Threw 0x00000000ebf4e160 at /build/openjdk-7-FO0dNI/openjdk-7-7u79-2.5.6/build/openjdk/hotspot/src/share/vm/prims/jvm.cpp:1284

Events (10 events):
Event: 17.273 Executing VM operation: ParallelGCFailedAllocation done
Event: 17.872 Executing VM operation: ParallelGCFailedAllocation
Event: 18.226 Executing VM operation: ParallelGCFailedAllocation done
Event: 18.827 Executing VM operation: ParallelGCFailedAllocation
Event: 18.864 Executing VM operation: ParallelGCFailedAllocation done
Event: 19.169 Executing VM operation: ParallelGCFailedAllocation
Event: 20.688 Executing VM operation: ParallelGCFailedAllocation done
Event: 21.207 Executing VM operation: ParallelGCFailedAllocation
Event: 21.266 Executing VM operation: ParallelGCFailedAllocation done
Event: 22.225 Executing VM operation: ParallelGCFailedAllocation


Dynamic libraries:
00400000-00401000 r-xp 00000000 08:01 18748823                           /usr/lib/jvm/java-7-openjdk-amd64/jre/bin/java
00600000-00601000 r--p 00000000 08:01 18748823                           /usr/lib/jvm/java-7-openjdk-amd64/jre/bin/java
00601000-00602000 rw-p 00001000 08:01 18748823                           /usr/lib/jvm/java-7-openjdk-amd64/jre/bin/java
02017000-02038000 rw-p 00000000 00:00 0                                  [heap]
b9600000-bab00000 rw-p 00000000 00:00 0 
bab00000-c3c00000 rw-p 00000000 00:00 0 
c3c00000-d5c80000 rw-p 00000000 00:00 0 
d5c80000-ebe80000 rw-p 00000000 00:00 0 
ebe80000-fbd00000 rw-p 00000000 00:00 0 
fbd00000-100000000 rw-p 00000000 00:00 0 
7fd5c8000000-7fd5c8021000 rw-p 00000000 00:00 0 
7fd5c8021000-7fd5cc000000 ---p 00000000 00:00 0 
7fd5d0000000-7fd5d0138000 rw-p 00000000 00:00 0 
7fd5d0138000-7fd5d4000000 ---p 00000000 00:00 0 
7fd5d4000000-7fd5d4021000 rw-p 00000000 00:00 0 
7fd5d4021000-7fd5d8000000 ---p 00000000 00:00 0 
7fd5d8000000-7fd5d8021000 rw-p 00000000 00:00 0 
7fd5d8021000-7fd5dc000000 ---p 00000000 00:00 0 
7fd5dc000000-7fd5dc0de000 rw-p 00000000 00:00 0 
7fd5dc0de000-7fd5e0000000 ---p 00000000 00:00 0 
7fd5e0000000-7fd5e0021000 rw-p 00000000 00:00 0 
7fd5e0021000-7fd5e4000000 ---p 00000000 00:00 0 
7fd5e4000000-7fd5e4021000 rw-p 00000000 00:00 0 
7fd5e4021000-7fd5e8000000 ---p 00000000 00:00 0 
7fd5e8000000-7fd5e8538000 rw-p 00000000 00:00 0 
7fd5e8538000-7fd5ec000000 ---p 00000000 00:00 0 
7fd5ec000000-7fd5ec021000 rw-p 00000000 00:00 0 
7fd5ec021000-7fd5f0000000 ---p 00000000 00:00 0 
7fd5f0000000-7fd5f0535000 rw-p 00000000 00:00 0 
7fd5f0535000-7fd5f4000000 ---p 00000000 00:00 0 
7fd5f5334000-7fd5f5335000 ---p 00000000 00:00 0 
7fd5f5335000-7fd5f5435000 rw-p 00000000 00:00 0                          [stack:32615]
7fd5f5435000-7fd5f5438000 ---p 00000000 00:00 0 
7fd5f5438000-7fd5f5536000 rw-p 00000000 00:00 0                          [stack:32614]
7fd5f5536000-7fd5f5539000 ---p 00000000 00:00 0 
7fd5f5539000-7fd5f5637000 rw-p 00000000 00:00 0                          [stack:32613]
7fd5f5637000-7fd5f563a000 ---p 00000000 00:00 0 
7fd5f563a000-7fd5f5738000 rw-p 00000000 00:00 0                          [stack:32612]
7fd5f5738000-7fd5f573b000 ---p 00000000 00:00 0 
7fd5f573b000-7fd5f5839000 rw-p 00000000 00:00 0                          [stack:32611]
7fd5f5839000-7fd5f5c33000 r--p 00000000 08:01 15215308                   /usr/lib/locale/locale-archive
7fd5f5c33000-7fd5f5c36000 ---p 00000000 00:00 0 
7fd5f5c36000-7fd5f5d34000 rw-p 00000000 00:00 0                          [stack:32610]
7fd5f5d34000-7fd5f5d37000 ---p 00000000 00:00 0 
7fd5f5d37000-7fd5f5e35000 rw-p 00000000 00:00 0                          [stack:32609]
7fd5f5e35000-7fd5f5e36000 ---p 00000000 00:00 0 
7fd5f5e36000-7fd5f68ca000 rw-p 00000000 00:00 0                          [stack:32608]
7fd5f68ca000-7fd5f6a7b000 r--s 01d29000 08:01 18743474                   /usr/lib/jvm/java-7-openjdk-amd64/jre/lib/rt.jar
7fd5f6a7b000-7fd5f9000000 rw-p 00000000 00:00 0 
7fd5f9000000-7fd5f9270000 rwxp 00000000 00:00 0 
7fd5f9270000-7fd5fc135000 rw-p 00000000 00:00 0 
7fd5fc135000-7fd600000000 ---p 00000000 00:00 0 
7fd600006000-7fd600120000 rw-p 00000000 00:00 0 
7fd600120000-7fd600121000 ---p 00000000 00:00 0 
7fd600121000-7fd600221000 rw-p 00000000 00:00 0                          [stack:32607]
7fd600221000-7fd600222000 ---p 00000000 00:00 0 
7fd600222000-7fd60032d000 rw-p 00000000 00:00 0                          [stack:32606]
7fd60032d000-7fd600375000 rw-p 00000000 00:00 0 
7fd600375000-7fd600406000 rw-p 00000000 00:00 0 
7fd600406000-7fd6004b7000 rw-p 00000000 00:00 0 
7fd6004b7000-7fd6004c2000 rw-p 00000000 00:00 0 
7fd6004c2000-7fd60050a000 rw-p 00000000 00:00 0 
7fd60050a000-7fd60059b000 rw-p 00000000 00:00 0 
7fd60059b000-7fd60064b000 rw-p 00000000 00:00 0 
7fd60064b000-7fd6006cb000 rw-p 00000000 00:00 0 
7fd6006cb000-7fd6006ec000 rw-p 00000000 00:00 0 
7fd6006ec000-7fd6006ed000 rw-p 00000000 00:00 0 
7fd6006ed000-7fd6006f5000 r-xp 00000000 08:01 18748636                   /usr/lib/jvm/java-7-openjdk-amd64/jre/lib/amd64/libzip.so
7fd6006f5000-7fd6008f4000 ---p 00008000 08:01 18748636                   /usr/lib/jvm/java-7-openjdk-amd64/jre/lib/amd64/libzip.so
7fd6008f4000-7fd6008f5000 r--p 00007000 08:01 18748636                   /usr/lib/jvm/java-7-openjdk-amd64/jre/lib/amd64/libzip.so
7fd6008f5000-7fd6008f6000 rw-p 00008000 08:01 18748636                   /usr/lib/jvm/java-7-openjdk-amd64/jre/lib/amd64/libzip.so
7fd6008f6000-7fd600901000 r-xp 00000000 08:01 11801604                   /lib/x86_64-linux-gnu/libnss_files-2.19.so
7fd600901000-7fd600b00000 ---p 0000b000 08:01 11801604                   /lib/x86_64-linux-gnu/libnss_files-2.19.so
7fd600b00000-7fd600b01000 r--p 0000a000 08:01 11801604                   /lib/x86_64-linux-gnu/libnss_files-2.19.so
7fd600b01000-7fd600b02000 rw-p 0000b000 08:01 11801604                   /lib/x86_64-linux-gnu/libnss_files-2.19.so
7fd600b02000-7fd600b0d000 r-xp 00000000 08:01 11801624                   /lib/x86_64-linux-gnu/libnss_nis-2.19.so
7fd600b0d000-7fd600d0c000 ---p 0000b000 08:01 11801624                   /lib/x86_64-linux-gnu/libnss_nis-2.19.so
7fd600d0c000-7fd600d0d000 r--p 0000a000 08:01 11801624                   /lib/x86_64-linux-gnu/libnss_nis-2.19.so
7fd600d0d000-7fd600d0e000 rw-p 0000b000 08:01 11801624                   /lib/x86_64-linux-gnu/libnss_nis-2.19.so
7fd600d0e000-7fd600d25000 r-xp 00000000 08:01 11801613                   /lib/x86_64-linux-gnu/libnsl-2.19.so
7fd600d25000-7fd600f24000 ---p 00017000 08:01 11801613                   /lib/x86_64-linux-gnu/libnsl-2.19.so
7fd600f24000-7fd600f25000 r--p 00016000 08:01 11801613                   /lib/x86_64-linux-gnu/libnsl-2.19.so
7fd600f25000-7fd600f26000 rw-p 00017000 08:01 11801613                   /lib/x86_64-linux-gnu/libnsl-2.19.so
7fd600f26000-7fd600f28000 rw-p 00000000 00:00 0 
7fd600f28000-7fd600f31000 r-xp 00000000 08:01 11801612                   /lib/x86_64-linux-gnu/libnss_compat-2.19.so
7fd600f31000-7fd601130000 ---p 00009000 08:01 11801612                   /lib/x86_64-linux-gnu/libnss_compat-2.19.so
7fd601130000-7fd601131000 r--p 00008000 08:01 11801612                   /lib/x86_64-linux-gnu/libnss_compat-2.19.so
7fd601131000-7fd601132000 rw-p 00009000 08:01 11801612                   /lib/x86_64-linux-gnu/libnss_compat-2.19.so
7fd601132000-7fd60115d000 r-xp 00000000 08:01 18748677                   /usr/lib/jvm/java-7-openjdk-amd64/jre/lib/amd64/libjava.so
7fd60115d000-7fd60135c000 ---p 0002b000 08:01 18748677                   /usr/lib/jvm/java-7-openjdk-amd64/jre/lib/amd64/libjava.so
7fd60135c000-7fd60135d000 r--p 0002a000 08:01 18748677                   /usr/lib/jvm/java-7-openjdk-amd64/jre/lib/amd64/libjava.so
7fd60135d000-7fd60135f000 rw-p 0002b000 08:01 18748677                   /usr/lib/jvm/java-7-openjdk-amd64/jre/lib/amd64/libjava.so
7fd60135f000-7fd60136f000 r-xp 00000000 08:01 18748653                   /usr/lib/jvm/java-7-openjdk-amd64/jre/lib/amd64/libverify.so
7fd60136f000-7fd60156e000 ---p 00010000 08:01 18748653                   /usr/lib/jvm/java-7-openjdk-amd64/jre/lib/amd64/libverify.so
7fd60156e000-7fd601570000 r--p 0000f000 08:01 18748653                   /usr/lib/jvm/java-7-openjdk-amd64/jre/lib/amd64/libverify.so
7fd601570000-7fd601571000 rw-p 00011000 08:01 18748653                   /usr/lib/jvm/java-7-openjdk-amd64/jre/lib/amd64/libverify.so
7fd601571000-7fd601578000 r-xp 00000000 08:01 11801621                   /lib/x86_64-linux-gnu/librt-2.19.so
7fd601578000-7fd601777000 ---p 00007000 08:01 11801621                   /lib/x86_64-linux-gnu/librt-2.19.so
7fd601777000-7fd601778000 r--p 00006000 08:01 11801621                   /lib/x86_64-linux-gnu/librt-2.19.so
7fd601778000-7fd601779000 rw-p 00007000 08:01 11801621                   /lib/x86_64-linux-gnu/librt-2.19.so
7fd601779000-7fd60178f000 r-xp 00000000 08:01 11798405                   /lib/x86_64-linux-gnu/libgcc_s.so.1
7fd60178f000-7fd60198e000 ---p 00016000 08:01 11798405                   /lib/x86_64-linux-gnu/libgcc_s.so.1
7fd60198e000-7fd60198f000 rw-p 00015000 08:01 11798405                   /lib/x86_64-linux-gnu/libgcc_s.so.1
7fd60198f000-7fd601a94000 r-xp 00000000 08:01 11801603                   /lib/x86_64-linux-gnu/libm-2.19.so
7fd601a94000-7fd601c93000 ---p 00105000 08:01 11801603                   /lib/x86_64-linux-gnu/libm-2.19.so
7fd601c93000-7fd601c94000 r--p 00104000 08:01 11801603                   /lib/x86_64-linux-gnu/libm-2.19.so
7fd601c94000-7fd601c95000 rw-p 00105000 08:01 11801603                   /lib/x86_64-linux-gnu/libm-2.19.so
7fd601c95000-7fd601d7b000 r-xp 00000000 08:01 15212410                   /usr/lib/x86_64-linux-gnu/libstdc++.so.6.0.19
7fd601d7b000-7fd601f7a000 ---p 000e6000 08:01 15212410                   /usr/lib/x86_64-linux-gnu/libstdc++.so.6.0.19
7fd601f7a000-7fd601f82000 r--p 000e5000 08:01 15212410                   /usr/lib/x86_64-linux-gnu/libstdc++.so.6.0.19
7fd601f82000-7fd601f84000 rw-p 000ed000 08:01 15212410                   /usr/lib/x86_64-linux-gnu/libstdc++.so.6.0.19
7fd601f84000-7fd601f99000 rw-p 00000000 00:00 0 
7fd601f99000-7fd602ab2000 r-xp 00000000 08:01 18748641                   /usr/lib/jvm/java-7-openjdk-amd64/jre/lib/amd64/server/libjvm.so
7fd602ab2000-7fd602cb2000 ---p 00b19000 08:01 18748641                   /usr/lib/jvm/java-7-openjdk-amd64/jre/lib/amd64/server/libjvm.so
7fd602cb2000-7fd602d4c000 r--p 00b19000 08:01 18748641                   /usr/lib/jvm/java-7-openjdk-amd64/jre/lib/amd64/server/libjvm.so
7fd602d4c000-7fd602d6f000 rw-p 00bb3000 08:01 18748641                   /usr/lib/jvm/java-7-openjdk-amd64/jre/lib/amd64/server/libjvm.so
7fd602d6f000-7fd602d9d000 rw-p 00000000 00:00 0 
7fd602d9d000-7fd602db5000 r-xp 00000000 08:01 11800098                   /lib/x86_64-linux-gnu/libz.so.1.2.8
7fd602db5000-7fd602fb4000 ---p 00018000 08:01 11800098                   /lib/x86_64-linux-gnu/libz.so.1.2.8
7fd602fb4000-7fd602fb5000 r--p 00017000 08:01 11800098                   /lib/x86_64-linux-gnu/libz.so.1.2.8
7fd602fb5000-7fd602fb6000 rw-p 00018000 08:01 11800098                   /lib/x86_64-linux-gnu/libz.so.1.2.8
7fd602fb6000-7fd602fcf000 r-xp 00000000 08:01 11801619                   /lib/x86_64-linux-gnu/libpthread-2.19.so
7fd602fcf000-7fd6031ce000 ---p 00019000 08:01 11801619                   /lib/x86_64-linux-gnu/libpthread-2.19.so
7fd6031ce000-7fd6031cf000 r--p 00018000 08:01 11801619                   /lib/x86_64-linux-gnu/libpthread-2.19.so
7fd6031cf000-7fd6031d0000 rw-p 00019000 08:01 11801619                   /lib/x86_64-linux-gnu/libpthread-2.19.so
7fd6031d0000-7fd6031d4000 rw-p 00000000 00:00 0 
7fd6031d4000-7fd6031d7000 r-xp 00000000 08:01 11801607                   /lib/x86_64-linux-gnu/libdl-2.19.so
7fd6031d7000-7fd6033d6000 ---p 00003000 08:01 11801607                   /lib/x86_64-linux-gnu/libdl-2.19.so
7fd6033d6000-7fd6033d7000 r--p 00002000 08:01 11801607                   /lib/x86_64-linux-gnu/libdl-2.19.so
7fd6033d7000-7fd6033d8000 rw-p 00003000 08:01 11801607                   /lib/x86_64-linux-gnu/libdl-2.19.so
7fd6033d8000-7fd603593000 r-xp 00000000 08:01 11801618                   /lib/x86_64-linux-gnu/libc-2.19.so
7fd603593000-7fd603792000 ---p 001bb000 08:01 11801618                   /lib/x86_64-linux-gnu/libc-2.19.so
7fd603792000-7fd603796000 r--p 001ba000 08:01 11801618                   /lib/x86_64-linux-gnu/libc-2.19.so
7fd603796000-7fd603798000 rw-p 001be000 08:01 11801618                   /lib/x86_64-linux-gnu/libc-2.19.so
7fd603798000-7fd60379d000 rw-p 00000000 00:00 0 
7fd60379d000-7fd6037aa000 r-xp 00000000 08:01 18748638                   /usr/lib/jvm/java-7-openjdk-amd64/jre/lib/amd64/jli/libjli.so
7fd6037aa000-7fd6039a9000 ---p 0000d000 08:01 18748638                   /usr/lib/jvm/java-7-openjdk-amd64/jre/lib/amd64/jli/libjli.so
7fd6039a9000-7fd6039aa000 r--p 0000c000 08:01 18748638                   /usr/lib/jvm/java-7-openjdk-amd64/jre/lib/amd64/jli/libjli.so
7fd6039aa000-7fd6039ab000 rw-p 0000d000 08:01 18748638                   /usr/lib/jvm/java-7-openjdk-amd64/jre/lib/amd64/jli/libjli.so
7fd6039ab000-7fd6039ce000 r-xp 00000000 08:01 11801615                   /lib/x86_64-linux-gnu/ld-2.19.so
7fd6039cf000-7fd6039d0000 rw-p 00000000 00:00 0 
7fd6039d0000-7fd6039d4000 r--s 00034000 08:01 18748625                   /usr/lib/jvm/java-7-openjdk-amd64/jre/lib/ext/sunjce_provider.jar
7fd6039d4000-7fd6039d8000 r--s 0003c000 08:01 18748626                   /usr/lib/jvm/java-7-openjdk-amd64/jre/lib/ext/sunpkcs11.jar
7fd6039d8000-7fd6039e2000 rw-p 00000000 00:00 0 
7fd6039e2000-7fd603a98000 rw-p 00000000 00:00 0 
7fd603a98000-7fd603a9b000 ---p 00000000 00:00 0 
7fd603a9b000-7fd603b9e000 rw-p 00000000 00:00 0                          [stack:32605]
7fd603b9e000-7fd603ba1000 r--s 0000f000 08:01 18748627                   /usr/lib/jvm/java-7-openjdk-amd64/jre/lib/ext/icedtea-sound.jar
7fd603ba1000-7fd603ba3000 r--s 00006000 08:01 15606275                   /usr/share/java/java-atk-wrapper.jar
7fd603ba3000-7fd603ba7000 r--s 00085000 08:01 18748621                   /usr/lib/jvm/java-7-openjdk-amd64/jre/lib/ext/localedata.jar
7fd603ba7000-7fd603ba8000 r--s 00002000 08:01 18748624                   /usr/lib/jvm/java-7-openjdk-amd64/jre/lib/ext/dnsns.jar
7fd603ba8000-7fd603baa000 r--s 00012000 08:01 18748628                   /usr/lib/jvm/java-7-openjdk-amd64/jre/lib/ext/zipfs.jar
7fd603baa000-7fd603bc1000 rw-p 00000000 00:00 0 
7fd603bc1000-7fd603bc9000 rw-s 00000000 08:01 19147445                   /tmp/hsperfdata_ilari/32601
7fd603bc9000-7fd603bca000 rw-p 00000000 00:00 0 
7fd603bca000-7fd603bcb000 ---p 00000000 00:00 0 
7fd603bcb000-7fd603bcd000 rw-p 00000000 00:00 0 
7fd603bcd000-7fd603bce000 r--p 00022000 08:01 11801615                   /lib/x86_64-linux-gnu/ld-2.19.so
7fd603bce000-7fd603bcf000 rw-p 00023000 08:01 11801615                   /lib/x86_64-linux-gnu/ld-2.19.so
7fd603bcf000-7fd603bd0000 rw-p 00000000 00:00 0 
7ffcbfdc6000-7ffcbfde7000 rw-p 00000000 00:00 0                          [stack]
7ffcbfdfb000-7ffcbfdfd000 r-xp 00000000 00:00 0                          [vdso]
ffffffffff600000-ffffffffff601000 r-xp 00000000 00:00 0                  [vsyscall]

VM Arguments:
java_command: dynamicprogramming.boxstacking.Main
Launcher Type: SUN_STANDARD

Environment Variables:
JAVA_HOME=/usr/lib/jvm/java-7-openjdk-amd64
PATH=/usr/local/sbin:/usr/local/bin:/usr/sbin:/usr/bin:/sbin:/bin:/usr/games:/usr/local/games
LD_LIBRARY_PATH=/usr/lib/jvm/java-7-openjdk-amd64/jre/lib/amd64:/usr/lib/jvm/java-7-openjdk-amd64/jre/lib/i386:
SHELL=/bin/bash
DISPLAY=:0.0

Signal Handlers:
SIGSEGV: [libjvm.so+0x94bab0], sa_mask[0]=0x7ffbfeff, sa_flags=0x10000004
SIGBUS: [libjvm.so+0x94bab0], sa_mask[0]=0x7ffbfeff, sa_flags=0x10000004
SIGFPE: [libjvm.so+0x7c38b0], sa_mask[0]=0x7ffbfeff, sa_flags=0x10000004
SIGPIPE: [libjvm.so+0x7c38b0], sa_mask[0]=0x7ffbfeff, sa_flags=0x10000004
SIGXFSZ: [libjvm.so+0x7c38b0], sa_mask[0]=0x7ffbfeff, sa_flags=0x10000004
SIGILL: [libjvm.so+0x7c38b0], sa_mask[0]=0x7ffbfeff, sa_flags=0x10000004
SIGUSR1: SIG_DFL, sa_mask[0]=0x00000000, sa_flags=0x00000000
SIGUSR2: [libjvm.so+0x7c3750], sa_mask[0]=0x00000004, sa_flags=0x10000004
SIGHUP: [libjvm.so+0x7c3930], sa_mask[0]=0x7ffbfeff, sa_flags=0x10000004
SIGINT: SIG_IGN, sa_mask[0]=0x00000000, sa_flags=0x00000000
SIGTERM: [libjvm.so+0x7c3930], sa_mask[0]=0x7ffbfeff, sa_flags=0x10000004
SIGQUIT: [libjvm.so+0x7c3930], sa_mask[0]=0x7ffbfeff, sa_flags=0x10000004
SIGTRAP: SIG_DFL, sa_mask[0]=0x00000000, sa_flags=0x00000000


---------------  S Y S T E M  ---------------

OS:Ubuntu 14.04 (trusty)
uname:Linux 3.13.0-61-lowlatency #100-Ubuntu SMP PREEMPT Wed Jul 29 11:57:17 UTC 2015 x86_64
libc:glibc 2.19 NPTL 2.19 
rlimit: STACK 8192k, CORE 0k, NPROC 30588, NOFILE 4096, AS infinity
load average:2.42 1.29 0.80

/proc/meminfo:
MemTotal:        3946324 kB
MemFree:          594096 kB
Buffers:            9068 kB
Cached:           377332 kB
SwapCached:         1412 kB
Active:          1908084 kB
Inactive:        1007008 kB
Active(anon):    1774508 kB
Inactive(anon):   893772 kB
Active(file):     133576 kB
Inactive(file):   113236 kB
Unevictable:          32 kB
Mlocked:              32 kB
SwapTotal:       4090876 kB
SwapFree:        4081036 kB
Dirty:               444 kB
Writeback:             0 kB
AnonPages:       2527376 kB
Mapped:           131000 kB
Shmem:            139556 kB
Slab:             331304 kB
SReclaimable:     252412 kB
SUnreclaim:        78892 kB
KernelStack:        5032 kB
PageTables:        37116 kB
NFS_Unstable:          0 kB
Bounce:                0 kB
WritebackTmp:          0 kB
CommitLimit:     6064036 kB
Committed_AS:    6121708 kB
VmallocTotal:   34359738367 kB
VmallocUsed:      543792 kB
VmallocChunk:   34359171916 kB
HardwareCorrupted:     0 kB
AnonHugePages:   1302528 kB
HugePages_Total:       0
HugePages_Free:        0
HugePages_Rsvd:        0
HugePages_Surp:        0
Hugepagesize:       2048 kB
DirectMap4k:       92824 kB
DirectMap2M:     3999744 kB


CPU:total 2 (2 cores per cpu, 1 threads per core) family 6 model 23 stepping 10, cmov, cx8, fxsr, mmx, sse, sse2, sse3, ssse3, tsc

/proc/cpuinfo:
processor	: 0
vendor_id	: GenuineIntel
cpu family	: 6
model		: 23
model name	: Celeron(R) Dual-Core CPU       T3100  @ 1.90GHz
stepping	: 10
microcode	: 0xa0b
cpu MHz		: 1895.462
cache size	: 1024 KB
physical id	: 0
siblings	: 2
core id		: 0
cpu cores	: 2
apicid		: 0
initial apicid	: 0
fpu		: yes
fpu_exception	: yes
cpuid level	: 13
wp		: yes
flags		: fpu vme de pse tsc msr pae mce cx8 apic sep mtrr pge mca cmov pat pse36 clflush dts acpi mmx fxsr sse sse2 ss ht tm pbe syscall nx lm constant_tsc arch_perfmon pebs bts nopl aperfmperf pni dtes64 monitor ds_cpl tm2 ssse3 cx16 xtpr pdcm xsave lahf_lm dtherm
bogomips	: 3790.92
clflush size	: 64
cache_alignment	: 64
address sizes	: 36 bits physical, 48 bits virtual
power management:

processor	: 1
vendor_id	: GenuineIntel
cpu family	: 6
model		: 23
model name	: Celeron(R) Dual-Core CPU       T3100  @ 1.90GHz
stepping	: 10
microcode	: 0xa0b
cpu MHz		: 1895.462
cache size	: 1024 KB
physical id	: 0
siblings	: 2
core id		: 1
cpu cores	: 2
apicid		: 1
initial apicid	: 1
fpu		: yes
fpu_exception	: yes
cpuid level	: 13
wp		: yes
flags		: fpu vme de pse tsc msr pae mce cx8 apic sep mtrr pge mca cmov pat pse36 clflush dts acpi mmx fxsr sse sse2 ss ht tm pbe syscall nx lm constant_tsc arch_perfmon pebs bts nopl aperfmperf pni dtes64 monitor ds_cpl tm2 ssse3 cx16 xtpr pdcm xsave lahf_lm dtherm
bogomips	: 3790.92
clflush size	: 64
cache_alignment	: 64
address sizes	: 36 bits physical, 48 bits virtual
power management:



Memory: 4k page, physical 3946324k(594096k free), swap 4090876k(4081036k free)

vm_info: OpenJDK 64-Bit Server VM (24.79-b02) for linux-amd64 JRE (1.7.0_79-b14), built on Jul 24 2015 08:15:54 by "buildd" with gcc 4.8.2

time: Fri Aug 14 00:27:36 2015
elapsed time: 23 seconds

